Build started 1/26/2017 11:35:35 AM.
     1>Project "C:\Users\VizLab\Desktop\stellarium\stellarium-0.15.1\builds\msvc2013\plugins\TelescopeControl\src\TelescopeControl-static.vcxproj" on node 9 (Build target(s)).
     1>PreBuildEvent:
         setlocal
         cd C:\Users\VizLab\Desktop\stellarium\stellarium-0.15.1\builds\msvc2013\plugins\TelescopeControl\src
         if %errorlevel% neq 0 goto :cmEnd
         C:
         if %errorlevel% neq 0 goto :cmEnd
         "C:\Program Files\CMake\bin\cmake.exe" -E cmake_autogen C:/Users/VizLab/Desktop/stellarium/stellarium-0.15.1/builds/msvc2013/plugins/TelescopeControl/src/CMakeFiles/TelescopeControl-static_automoc.dir/ Debug
         if %errorlevel% neq 0 goto :cmEnd
         :cmEnd
         endlocal & call :cmErrorLevel %errorlevel% & goto :cmDone
         :cmErrorLevel
         exit /b %1
         :cmDone
         if %errorlevel% neq 0 goto :VCEnd
         :VCEnd
       ClCompile:
         C:\Program Files (x86)\Microsoft Visual Studio 12.0\VC\bin\CL.exe /c /I"C:\Users\VizLab\Desktop\stellarium\stellarium-0.15.1\builds\msvc2013\plugins\TelescopeControl\src" /I"C:\Users\VizLab\Desktop\stellarium\stellarium-0.15.1\plugins\TelescopeControl\src" /IC:\Qt5\5.5\msvc2013\include /IC:\Qt5\5.5\msvc2013\include\QtScript /IC:\Qt5\5.5\msvc2013\include\QtCore /I"C:\Qt5\5.5\msvc2013\.\mkspecs\win32-msvc2013" /IC:\Qt5\5.5\msvc2013\include\QtMultimedia /IC:\Qt5\5.5\msvc2013\include\QtNetwork /IC:\Qt5\5.5\msvc2013\include\QtGui /IC:\Qt5\5.5\msvc2013\include\QtMultimediaWidgets /IC:\Qt5\5.5\msvc2013\include\QtWidgets /IC:\Qt5\5.5\msvc2013\include\QtTest /I"C:\Users\VizLab\Desktop\stellarium\stellarium-0.15.1\builds\msvc2013" /I"C:\Users\VizLab\Desktop\stellarium\stellarium-0.15.1\src" /I"C:\Users\VizLab\Desktop\stellarium\stellarium-0.15.1\src\core" /I"C:\Users\VizLab\Desktop\stellarium\stellarium-0.15.1\src\core\modules" /I"C:\Users\VizLab\Desktop\stellarium\stellarium-0.15.1\src\core\planetsephems" /I"C:\Users\VizLab\Desktop\stellarium\stellarium-0.15.1\src\core\external" /I"C:\Users\VizLab\Desktop\stellarium\stellarium-0.15.1\src\core\external\qtcompress" /I"C:\Users\VizLab\Desktop\stellarium\stellarium-0.15.1\src\core\external\qcustomplot" /I"C:\Users\VizLab\Desktop\stellarium\stellarium-0.15.1\src\core\external\glues_stel\source" /I"C:\Users\VizLab\Desktop\stellarium\stellarium-0.15.1\src\core\external\glues_stel\source\libtess" /I"C:\Users\VizLab\Desktop\stellarium\stellarium-0.15.1\src\gui" /I"C:\Users\VizLab\Desktop\stellarium\stellarium-0.15.1\src\scripting" /I"C:\Users\VizLab\Desktop\stellarium\stellarium-0.15.1\builds\msvc2013\src" /I"C:\Users\VizLab\Desktop\stellarium\stellarium-0.15.1\src\core\external\zlib" /I"C:\Users\VizLab\Desktop\stellarium\stellarium-0.15.1\plugins\TelescopeControl\src\." /I"C:\Users\VizLab\Desktop\stellarium\stellarium-0.15.1\plugins\TelescopeControl\src\gui" /I"C:\Users\VizLab\Desktop\stellarium\stellarium-0.15.1\plugins\TelescopeControl\src\clients" /I"C:\Users\VizLab\Desktop\stellarium\stellarium-0.15.1\plugins\TelescopeControl\src\servers" /I"C:\Users\VizLab\Desktop\stellarium\stellarium-0.15.1\builds\msvc2013\plugins\TelescopeControl\src\gui" /I"C:\Users\VizLab\Desktop\stellarium\stellarium-0.15.1\builds\msvc2013\plugins\TelescopeControl\src\servers" /IC:\Qt5\5.5\msvc2013\include\QtSerialPort /IC:\Qt5\5.5\msvc2013\include\QtOpenGL /Zi /nologo /W3 /WX- /Od /Ob0 /Oy- /D WIN32 /D _WINDOWS /D _DEBUG /D QT_STATICPLUGIN /D QT_CORE_LIB /D QT_NETWORK_LIB /D QT_WIDGETS_LIB /D QT_GUI_LIB /D QT_SERIALPORT_LIB /D QT_OPENGL_LIB /D STELLARIUM_MAJOR=0 /D STELLARIUM_MINOR=15 /D STELLARIUM_PATCH=1 /D "PACKAGE_VERSION=\"0.15.1\"" /D "COPYRIGHT_YEARS=\"2000-2016\"" /D STELLARIUM_RELEASE_BUILD /D QT_NO_DEBUG /D NDEBUG /D _USE_MATH_DEFINES /D NOMINMAX /D _WINSOCKAPI_ /D _CRT_SECURE_NO_WARNINGS /D ENABLE_NLS /D ENABLE_SPOUT /D ENABLE_SCRIPT_CONSOLE /D ENABLE_MEDIA /D "INSTALL_DATADIR=\".\"" /D "INSTALL_LOCALEDIR=\"./locale\"" /D QT_PLUGIN /D QT_DLL /D _REENTRANT /D "TELESCOPE_CONTROL_VERSION=\"0.2.11\"" /D DEBUG3 /D DEBUG4 /D DEBUG5 /D "CMAKE_INTDIR=\"Debug\"" /D _MBCS /Gm- /EHsc /RTC1 /MDd /GS /fp:precise /Zc:wchar_t /Zc:forScope /GR /Fo"TelescopeControl-static.dir\Debug\\" /Fd"TelescopeControl-static.dir\Debug\vc120.pdb" /Gd /TP /wd4244 /wd4005 /wd4101 /wd4996 /wd4305 /wd4805 /analyze- /errorReport:prompt "C:\Users\VizLab\Desktop\stellarium\stellarium-0.15.1\builds\msvc2013\plugins\TelescopeControl\src\qrc_TelescopeControl.cpp" "C:\Users\VizLab\Desktop\stellarium\stellarium-0.15.1\plugins\TelescopeControl\src\gui\SlewDialog.cpp" "C:\Users\VizLab\Desktop\stellarium\stellarium-0.15.1\plugins\TelescopeControl\src\gui\StoredPointsDialog.cpp" "C:\Users\VizLab\Desktop\stellarium\stellarium-0.15.1\plugins\TelescopeControl\src\gui\TelescopeConfigurationDialog.cpp" "C:\Users\VizLab\Desktop\stellarium\stellarium-0.15.1\plugins\TelescopeControl\src\gui\TelescopeDialog.cpp"
         qrc_TelescopeControl.cpp
         SlewDialog.cpp
         StoredPointsDialog.cpp
         TelescopeConfigurationDialog.cpp
         TelescopeDialog.cpp
         Generating Code...
       Lib:
         C:\Program Files (x86)\Microsoft Visual Studio 12.0\VC\bin\Lib.exe /OUT:"C:\Users\VizLab\Desktop\stellarium\stellarium-0.15.1\builds\msvc2013\plugins\TelescopeControl\src\Debug\TelescopeControl.lib" /NOLOGO  /machine:X86 "TelescopeControl-static.dir\Debug\InterpolatedPosition.obj"
         "TelescopeControl-static.dir\Debug\TelescopeClient.obj"
         "TelescopeControl-static.dir\Debug\TelescopeClientDirectLx200.obj"
         "TelescopeControl-static.dir\Debug\TelescopeClientDirectNexStar.obj"
         "TelescopeControl-static.dir\Debug\TelescopeControl.obj"
         "TelescopeControl-static.dir\Debug\SlewDialog.obj"
         "TelescopeControl-static.dir\Debug\TelescopeDialog.obj"
         "TelescopeControl-static.dir\Debug\TelescopeConfigurationDialog.obj"
         "TelescopeControl-static.dir\Debug\StoredPointsDialog.obj"
         "TelescopeControl-static.dir\Debug\LogFile.obj"
         "TelescopeControl-static.dir\Debug\Socket.obj"
         "TelescopeControl-static.dir\Debug\Server.obj"
         "TelescopeControl-static.dir\Debug\Connection.obj"
         "TelescopeControl-static.dir\Debug\SerialPort.obj"
         "TelescopeControl-static.dir\Debug\Lx200Connection.obj"
         "TelescopeControl-static.dir\Debug\Lx200Command.obj"
         "TelescopeControl-static.dir\Debug\NexStarConnection.obj"
         "TelescopeControl-static.dir\Debug\NexStarCommand.obj"
         "TelescopeControl-static.dir\Debug\qrc_TelescopeControl.obj"
         "TelescopeControl-static.dir\Debug\TelescopeControl-static_automoc.obj"
         TelescopeControl-static.vcxproj -> C:\Users\VizLab\Desktop\stellarium\stellarium-0.15.1\builds\msvc2013\plugins\TelescopeControl\src\Debug\TelescopeControl.lib
     1>Done Building Project "C:\Users\VizLab\Desktop\stellarium\stellarium-0.15.1\builds\msvc2013\plugins\TelescopeControl\src\TelescopeControl-static.vcxproj" (Build target(s)).

Build succeeded.

Time Elapsed 00:00:09.81
