c:\users\vizlab\desktop\stellarium\stellarium-0.15.1\builds\msvc2013\plugins\solarsystemeditor\src\solarsystemeditor-static.dir\debug\vc120.pdb
c:\users\vizlab\desktop\stellarium\stellarium-0.15.1\builds\msvc2013\plugins\solarsystemeditor\src\solarsystemeditor-static.dir\debug\solarsystemmanagerwindow.obj
c:\users\vizlab\desktop\stellarium\stellarium-0.15.1\builds\msvc2013\plugins\solarsystemeditor\src\solarsystemeditor-static.dir\debug\mpcimportwindow.obj
c:\users\vizlab\desktop\stellarium\stellarium-0.15.1\builds\msvc2013\plugins\solarsystemeditor\src\solarsystemeditor-static.dir\debug\manualimportwindow.obj
c:\users\vizlab\desktop\stellarium\stellarium-0.15.1\builds\msvc2013\plugins\solarsystemeditor\src\solarsystemeditor-static.dir\debug\solarsystemeditor-static_automoc.obj
c:\users\vizlab\desktop\stellarium\stellarium-0.15.1\builds\msvc2013\plugins\solarsystemeditor\src\solarsystemeditor-static.dir\debug\solarsystemeditor.obj
c:\users\vizlab\desktop\stellarium\stellarium-0.15.1\builds\msvc2013\plugins\solarsystemeditor\src\cmakefiles\generate.stamp
c:\users\vizlab\desktop\stellarium\stellarium-0.15.1\builds\msvc2013\plugins\solarsystemeditor\src\ui_solarsystemmanagerwindow.h
c:\users\vizlab\desktop\stellarium\stellarium-0.15.1\builds\msvc2013\plugins\solarsystemeditor\src\ui_mpcimportwindow.h
c:\users\vizlab\desktop\stellarium\stellarium-0.15.1\builds\msvc2013\plugins\solarsystemeditor\src\ui_manualimportwindow.h
c:\users\vizlab\desktop\stellarium\stellarium-0.15.1\builds\msvc2013\plugins\solarsystemeditor\src\debug\solarsystemeditor.lib
c:\users\vizlab\desktop\stellarium\stellarium-0.15.1\builds\msvc2013\plugins\solarsystemeditor\src\solarsystemeditor-static.dir\debug\solarsys.38dfe66b.tlog\cl.command.1.tlog
c:\users\vizlab\desktop\stellarium\stellarium-0.15.1\builds\msvc2013\plugins\solarsystemeditor\src\solarsystemeditor-static.dir\debug\solarsys.38dfe66b.tlog\cl.read.1.tlog
c:\users\vizlab\desktop\stellarium\stellarium-0.15.1\builds\msvc2013\plugins\solarsystemeditor\src\solarsystemeditor-static.dir\debug\solarsys.38dfe66b.tlog\cl.write.1.tlog
c:\users\vizlab\desktop\stellarium\stellarium-0.15.1\builds\msvc2013\plugins\solarsystemeditor\src\solarsystemeditor-static.dir\debug\solarsys.38dfe66b.tlog\custombuild.command.1.tlog
c:\users\vizlab\desktop\stellarium\stellarium-0.15.1\builds\msvc2013\plugins\solarsystemeditor\src\solarsystemeditor-static.dir\debug\solarsys.38dfe66b.tlog\custombuild.read.1.tlog
c:\users\vizlab\desktop\stellarium\stellarium-0.15.1\builds\msvc2013\plugins\solarsystemeditor\src\solarsystemeditor-static.dir\debug\solarsys.38dfe66b.tlog\custombuild.write.1.tlog
c:\users\vizlab\desktop\stellarium\stellarium-0.15.1\builds\msvc2013\plugins\solarsystemeditor\src\solarsystemeditor-static.dir\debug\solarsys.38dfe66b.tlog\lib-link.read.1.tlog
c:\users\vizlab\desktop\stellarium\stellarium-0.15.1\builds\msvc2013\plugins\solarsystemeditor\src\solarsystemeditor-static.dir\debug\solarsys.38dfe66b.tlog\lib-link.write.1.tlog
c:\users\vizlab\desktop\stellarium\stellarium-0.15.1\builds\msvc2013\plugins\solarsystemeditor\src\solarsystemeditor-static.dir\debug\solarsys.38dfe66b.tlog\lib.command.1.tlog
