c:\users\vizlab\desktop\stellarium\stellarium-0.15.1\builds\msvc2013\plugins\remotecontrol\src\x64\debug\vc120.pdb
c:\users\vizlab\desktop\stellarium\stellarium-0.15.1\builds\msvc2013\plugins\remotecontrol\src\x64\debug\httplistener.obj
c:\users\vizlab\desktop\stellarium\stellarium-0.15.1\builds\msvc2013\plugins\remotecontrol\src\x64\debug\httpglobal.obj
c:\users\vizlab\desktop\stellarium\stellarium-0.15.1\builds\msvc2013\plugins\remotecontrol\src\x64\debug\httpcookie.obj
c:\users\vizlab\desktop\stellarium\stellarium-0.15.1\builds\msvc2013\plugins\remotecontrol\src\x64\debug\httpconnectionhandlerpool.obj
c:\users\vizlab\desktop\stellarium\stellarium-0.15.1\builds\msvc2013\plugins\remotecontrol\src\x64\debug\httpconnectionhandler.obj
c:\users\vizlab\desktop\stellarium\stellarium-0.15.1\builds\msvc2013\plugins\remotecontrol\src\x64\debug\qrc_remotecontrol.obj
c:\users\vizlab\desktop\stellarium\stellarium-0.15.1\builds\msvc2013\plugins\remotecontrol\src\x64\debug\remotecontroldialog.obj
c:\users\vizlab\desktop\stellarium\stellarium-0.15.1\builds\msvc2013\plugins\remotecontrol\src\x64\debug\viewservice.obj
c:\users\vizlab\desktop\stellarium\stellarium-0.15.1\builds\msvc2013\plugins\remotecontrol\src\x64\debug\stelpropertyservice.obj
c:\users\vizlab\desktop\stellarium\stellarium-0.15.1\builds\msvc2013\plugins\remotecontrol\src\x64\debug\stelactionservice.obj
c:\users\vizlab\desktop\stellarium\stellarium-0.15.1\builds\msvc2013\plugins\remotecontrol\src\x64\debug\simbadservice.obj
c:\users\vizlab\desktop\stellarium\stellarium-0.15.1\builds\msvc2013\plugins\remotecontrol\src\x64\debug\scriptservice.obj
c:\users\vizlab\desktop\stellarium\stellarium-0.15.1\builds\msvc2013\plugins\remotecontrol\src\x64\debug\requesthandler.obj
c:\users\vizlab\desktop\stellarium\stellarium-0.15.1\builds\msvc2013\plugins\remotecontrol\src\x64\debug\remotecontrol.obj
c:\users\vizlab\desktop\stellarium\stellarium-0.15.1\builds\msvc2013\plugins\remotecontrol\src\x64\debug\locationsearchservice.obj
c:\users\vizlab\desktop\stellarium\stellarium-0.15.1\builds\msvc2013\plugins\remotecontrol\src\x64\debug\locationservice.obj
c:\users\vizlab\desktop\stellarium\stellarium-0.15.1\builds\msvc2013\plugins\remotecontrol\src\x64\debug\objectservice.obj
c:\users\vizlab\desktop\stellarium\stellarium-0.15.1\builds\msvc2013\plugins\remotecontrol\src\x64\debug\mainservice.obj
c:\users\vizlab\desktop\stellarium\stellarium-0.15.1\builds\msvc2013\plugins\remotecontrol\src\x64\debug\apicontroller.obj
c:\users\vizlab\desktop\stellarium\stellarium-0.15.1\builds\msvc2013\plugins\remotecontrol\src\x64\debug\abstractapiservice.obj
c:\users\vizlab\desktop\stellarium\stellarium-0.15.1\builds\msvc2013\plugins\remotecontrol\src\x64\debug\remotecontrol-static_automoc.obj
c:\users\vizlab\desktop\stellarium\stellarium-0.15.1\builds\msvc2013\plugins\remotecontrol\src\x64\debug\template.obj
c:\users\vizlab\desktop\stellarium\stellarium-0.15.1\builds\msvc2013\plugins\remotecontrol\src\x64\debug\staticfilecontroller.obj
c:\users\vizlab\desktop\stellarium\stellarium-0.15.1\builds\msvc2013\plugins\remotecontrol\src\x64\debug\httpresponse.obj
c:\users\vizlab\desktop\stellarium\stellarium-0.15.1\builds\msvc2013\plugins\remotecontrol\src\x64\debug\httprequesthandler.obj
c:\users\vizlab\desktop\stellarium\stellarium-0.15.1\builds\msvc2013\plugins\remotecontrol\src\x64\debug\httprequest.obj
c:\users\vizlab\desktop\stellarium\stellarium-0.15.1\builds\msvc2013\plugins\remotecontrol\src\cmakefiles\generate.stamp
c:\users\vizlab\desktop\stellarium\stellarium-0.15.1\builds\msvc2013\plugins\remotecontrol\src\qrc_remotecontrol.cpp
c:\users\vizlab\desktop\stellarium\stellarium-0.15.1\builds\msvc2013\plugins\remotecontrol\src\ui_remotecontroldialog.h
c:\users\vizlab\desktop\stellarium\stellarium-0.15.1\builds\msvc2013\x64\debug\remotecontrol.lib
c:\users\vizlab\desktop\stellarium\stellarium-0.15.1\builds\msvc2013\plugins\remotecontrol\src\x64\debug\remoteco.fd69a25c.tlog\cl.command.1.tlog
c:\users\vizlab\desktop\stellarium\stellarium-0.15.1\builds\msvc2013\plugins\remotecontrol\src\x64\debug\remoteco.fd69a25c.tlog\cl.read.1.tlog
c:\users\vizlab\desktop\stellarium\stellarium-0.15.1\builds\msvc2013\plugins\remotecontrol\src\x64\debug\remoteco.fd69a25c.tlog\cl.write.1.tlog
c:\users\vizlab\desktop\stellarium\stellarium-0.15.1\builds\msvc2013\plugins\remotecontrol\src\x64\debug\remoteco.fd69a25c.tlog\custombuild.command.1.tlog
c:\users\vizlab\desktop\stellarium\stellarium-0.15.1\builds\msvc2013\plugins\remotecontrol\src\x64\debug\remoteco.fd69a25c.tlog\custombuild.read.1.tlog
c:\users\vizlab\desktop\stellarium\stellarium-0.15.1\builds\msvc2013\plugins\remotecontrol\src\x64\debug\remoteco.fd69a25c.tlog\custombuild.write.1.tlog
c:\users\vizlab\desktop\stellarium\stellarium-0.15.1\builds\msvc2013\plugins\remotecontrol\src\x64\debug\remoteco.fd69a25c.tlog\lib-link.read.1.tlog
c:\users\vizlab\desktop\stellarium\stellarium-0.15.1\builds\msvc2013\plugins\remotecontrol\src\x64\debug\remoteco.fd69a25c.tlog\lib-link.write.1.tlog
c:\users\vizlab\desktop\stellarium\stellarium-0.15.1\builds\msvc2013\plugins\remotecontrol\src\x64\debug\remoteco.fd69a25c.tlog\lib.command.1.tlog
