c:\users\vizlab\desktop\stellarium\stellarium-0.15.1\builds\msvc2013\plugins\scenery3d\src\x64\release\scenery3d-static_automoc.obj
c:\users\vizlab\desktop\stellarium\stellarium-0.15.1\builds\msvc2013\plugins\scenery3d\src\x64\release\qrc_scenery3d.obj
c:\users\vizlab\desktop\stellarium\stellarium-0.15.1\builds\msvc2013\plugins\scenery3d\src\x64\release\heightmap.obj
c:\users\vizlab\desktop\stellarium\stellarium-0.15.1\builds\msvc2013\plugins\scenery3d\src\x64\release\obj.obj
c:\users\vizlab\desktop\stellarium\stellarium-0.15.1\builds\msvc2013\plugins\scenery3d\src\x64\release\shadermanager.obj
c:\users\vizlab\desktop\stellarium\stellarium-0.15.1\builds\msvc2013\plugins\scenery3d\src\x64\release\storedviewdialog.obj
c:\users\vizlab\desktop\stellarium\stellarium-0.15.1\builds\msvc2013\plugins\scenery3d\src\x64\release\scenery3ddialog.obj
c:\users\vizlab\desktop\stellarium\stellarium-0.15.1\builds\msvc2013\plugins\scenery3d\src\x64\release\scenery3dmgr.obj
c:\users\vizlab\desktop\stellarium\stellarium-0.15.1\builds\msvc2013\plugins\scenery3d\src\x64\release\scenery3d.obj
c:\users\vizlab\desktop\stellarium\stellarium-0.15.1\builds\msvc2013\plugins\scenery3d\src\x64\release\sceneinfo.obj
c:\users\vizlab\desktop\stellarium\stellarium-0.15.1\builds\msvc2013\plugins\scenery3d\src\x64\release\polyhedron.obj
c:\users\vizlab\desktop\stellarium\stellarium-0.15.1\builds\msvc2013\plugins\scenery3d\src\x64\release\spolygon.obj
c:\users\vizlab\desktop\stellarium\stellarium-0.15.1\builds\msvc2013\plugins\scenery3d\src\x64\release\plane.obj
c:\users\vizlab\desktop\stellarium\stellarium-0.15.1\builds\msvc2013\plugins\scenery3d\src\x64\release\line.obj
c:\users\vizlab\desktop\stellarium\stellarium-0.15.1\builds\msvc2013\plugins\scenery3d\src\x64\release\frustum.obj
c:\users\vizlab\desktop\stellarium\stellarium-0.15.1\builds\msvc2013\plugins\scenery3d\src\x64\release\aabb.obj
c:\users\vizlab\desktop\stellarium\stellarium-0.15.1\builds\msvc2013\plugins\scenery3d\src\cmakefiles\generate.stamp
c:\users\vizlab\desktop\stellarium\stellarium-0.15.1\builds\msvc2013\plugins\scenery3d\src\qrc_scenery3d.cpp
c:\users\vizlab\desktop\stellarium\stellarium-0.15.1\builds\msvc2013\plugins\scenery3d\src\ui_scenery3ddialog.h
c:\users\vizlab\desktop\stellarium\stellarium-0.15.1\builds\msvc2013\plugins\scenery3d\src\ui_storedviewdialog.h
c:\users\vizlab\desktop\stellarium\stellarium-0.15.1\builds\msvc2013\x64\release\scenery3d.lib
c:\users\vizlab\desktop\stellarium\stellarium-0.15.1\builds\msvc2013\plugins\scenery3d\src\x64\release\scenery3d-static.tlog\cl.command.1.tlog
c:\users\vizlab\desktop\stellarium\stellarium-0.15.1\builds\msvc2013\plugins\scenery3d\src\x64\release\scenery3d-static.tlog\cl.read.1.tlog
c:\users\vizlab\desktop\stellarium\stellarium-0.15.1\builds\msvc2013\plugins\scenery3d\src\x64\release\scenery3d-static.tlog\cl.write.1.tlog
c:\users\vizlab\desktop\stellarium\stellarium-0.15.1\builds\msvc2013\plugins\scenery3d\src\x64\release\scenery3d-static.tlog\custombuild.command.1.tlog
c:\users\vizlab\desktop\stellarium\stellarium-0.15.1\builds\msvc2013\plugins\scenery3d\src\x64\release\scenery3d-static.tlog\custombuild.read.1.tlog
c:\users\vizlab\desktop\stellarium\stellarium-0.15.1\builds\msvc2013\plugins\scenery3d\src\x64\release\scenery3d-static.tlog\custombuild.write.1.tlog
c:\users\vizlab\desktop\stellarium\stellarium-0.15.1\builds\msvc2013\plugins\scenery3d\src\x64\release\scenery3d-static.tlog\lib-link.read.1.tlog
c:\users\vizlab\desktop\stellarium\stellarium-0.15.1\builds\msvc2013\plugins\scenery3d\src\x64\release\scenery3d-static.tlog\lib-link.write.1.tlog
c:\users\vizlab\desktop\stellarium\stellarium-0.15.1\builds\msvc2013\plugins\scenery3d\src\x64\release\scenery3d-static.tlog\lib.command.1.tlog
