Build started 1/25/2017 3:35:34 PM.
     1>Project "C:\Users\VizLab\Desktop\stellarium\stellarium-0.15.1\builds\msvc2013\plugins\Scenery3d\src\Scenery3d-static.vcxproj" on node 4 (Build target(s)).
     1>PreBuildEvent:
         setlocal
         cd C:\Users\VizLab\Desktop\stellarium\stellarium-0.15.1\builds\msvc2013\plugins\Scenery3d\src
         if %errorlevel% neq 0 goto :cmEnd
         C:
         if %errorlevel% neq 0 goto :cmEnd
         "C:\Program Files\CMake\bin\cmake.exe" -E cmake_autogen C:/Users/VizLab/Desktop/stellarium/stellarium-0.15.1/builds/msvc2013/plugins/Scenery3d/src/CMakeFiles/Scenery3d-static_automoc.dir/ Release
         if %errorlevel% neq 0 goto :cmEnd
         :cmEnd
         endlocal & call :cmErrorLevel %errorlevel% & goto :cmDone
         :cmErrorLevel
         exit /b %1
         :cmDone
         if %errorlevel% neq 0 goto :VCEnd
         :VCEnd
       Lib:
         C:\Program Files (x86)\Microsoft Visual Studio 12.0\VC\bin\x86_amd64\Lib.exe /OUT:"C:\Users\VizLab\Desktop\stellarium\stellarium-0.15.1\builds\msvc2013\x64\Release\Scenery3d.lib" /NOLOGO /MACHINE:X64  x64\Release\AABB.obj
         x64\Release\Frustum.obj
         x64\Release\Line.obj
         x64\Release\Plane.obj
         x64\Release\SPolygon.obj
         x64\Release\Polyhedron.obj
         x64\Release\SceneInfo.obj
         x64\Release\Scenery3d.obj
         x64\Release\Scenery3dMgr.obj
         x64\Release\Scenery3dDialog.obj
         x64\Release\StoredViewDialog.obj
         x64\Release\ShaderManager.obj
         x64\Release\OBJ.obj
         x64\Release\Heightmap.obj
         x64\Release\qrc_Scenery3d.obj
         "x64\Release\Scenery3d-static_automoc.obj"
         Scenery3d-static.vcxproj -> C:\Users\VizLab\Desktop\stellarium\stellarium-0.15.1\builds\msvc2013\x64\Release\Scenery3d.lib
     1>Done Building Project "C:\Users\VizLab\Desktop\stellarium\stellarium-0.15.1\builds\msvc2013\plugins\Scenery3d\src\Scenery3d-static.vcxproj" (Build target(s)).

Build succeeded.

Time Elapsed 00:00:00.72
