c:\users\vizlab\desktop\stellarium\stellarium-0.15.1\builds\msvc2013\po\stellarium-remotecontrol\cmakefiles\generate.stamp
c:\users\vizlab\desktop\stellarium\stellarium-0.15.1\builds\msvc2013\translations\stellarium-remotecontrol\ar.qm
c:\users\vizlab\desktop\stellarium\stellarium-0.15.1\builds\msvc2013\translations\stellarium-remotecontrol\be.qm
c:\users\vizlab\desktop\stellarium\stellarium-0.15.1\builds\msvc2013\translations\stellarium-remotecontrol\bn.qm
c:\users\vizlab\desktop\stellarium\stellarium-0.15.1\builds\msvc2013\translations\stellarium-remotecontrol\ca.qm
c:\users\vizlab\desktop\stellarium\stellarium-0.15.1\builds\msvc2013\translations\stellarium-remotecontrol\cs.qm
c:\users\vizlab\desktop\stellarium\stellarium-0.15.1\builds\msvc2013\translations\stellarium-remotecontrol\cv.qm
c:\users\vizlab\desktop\stellarium\stellarium-0.15.1\builds\msvc2013\translations\stellarium-remotecontrol\de.qm
c:\users\vizlab\desktop\stellarium\stellarium-0.15.1\builds\msvc2013\translations\stellarium-remotecontrol\en.qm
c:\users\vizlab\desktop\stellarium\stellarium-0.15.1\builds\msvc2013\translations\stellarium-remotecontrol\en_gb.qm
c:\users\vizlab\desktop\stellarium\stellarium-0.15.1\builds\msvc2013\translations\stellarium-remotecontrol\es.qm
c:\users\vizlab\desktop\stellarium\stellarium-0.15.1\builds\msvc2013\translations\stellarium-remotecontrol\fi.qm
c:\users\vizlab\desktop\stellarium\stellarium-0.15.1\builds\msvc2013\translations\stellarium-remotecontrol\fr.qm
c:\users\vizlab\desktop\stellarium\stellarium-0.15.1\builds\msvc2013\translations\stellarium-remotecontrol\gd.qm
c:\users\vizlab\desktop\stellarium\stellarium-0.15.1\builds\msvc2013\translations\stellarium-remotecontrol\gl.qm
c:\users\vizlab\desktop\stellarium\stellarium-0.15.1\builds\msvc2013\translations\stellarium-remotecontrol\hu.qm
c:\users\vizlab\desktop\stellarium\stellarium-0.15.1\builds\msvc2013\translations\stellarium-remotecontrol\id.qm
c:\users\vizlab\desktop\stellarium\stellarium-0.15.1\builds\msvc2013\translations\stellarium-remotecontrol\is.qm
c:\users\vizlab\desktop\stellarium\stellarium-0.15.1\builds\msvc2013\translations\stellarium-remotecontrol\it.qm
c:\users\vizlab\desktop\stellarium\stellarium-0.15.1\builds\msvc2013\translations\stellarium-remotecontrol\ko.qm
c:\users\vizlab\desktop\stellarium\stellarium-0.15.1\builds\msvc2013\translations\stellarium-remotecontrol\nl.qm
c:\users\vizlab\desktop\stellarium\stellarium-0.15.1\builds\msvc2013\translations\stellarium-remotecontrol\pt.qm
c:\users\vizlab\desktop\stellarium\stellarium-0.15.1\builds\msvc2013\translations\stellarium-remotecontrol\pt_br.qm
c:\users\vizlab\desktop\stellarium\stellarium-0.15.1\builds\msvc2013\translations\stellarium-remotecontrol\ru.qm
c:\users\vizlab\desktop\stellarium\stellarium-0.15.1\builds\msvc2013\translations\stellarium-remotecontrol\sc.qm
c:\users\vizlab\desktop\stellarium\stellarium-0.15.1\builds\msvc2013\translations\stellarium-remotecontrol\sk.qm
c:\users\vizlab\desktop\stellarium\stellarium-0.15.1\builds\msvc2013\translations\stellarium-remotecontrol\sl.qm
c:\users\vizlab\desktop\stellarium\stellarium-0.15.1\builds\msvc2013\translations\stellarium-remotecontrol\sr.qm
c:\users\vizlab\desktop\stellarium\stellarium-0.15.1\builds\msvc2013\translations\stellarium-remotecontrol\sv.qm
c:\users\vizlab\desktop\stellarium\stellarium-0.15.1\builds\msvc2013\translations\stellarium-remotecontrol\th.qm
c:\users\vizlab\desktop\stellarium\stellarium-0.15.1\builds\msvc2013\translations\stellarium-remotecontrol\tr.qm
c:\users\vizlab\desktop\stellarium\stellarium-0.15.1\builds\msvc2013\translations\stellarium-remotecontrol\tt.qm
c:\users\vizlab\desktop\stellarium\stellarium-0.15.1\builds\msvc2013\translations\stellarium-remotecontrol\uk.qm
c:\users\vizlab\desktop\stellarium\stellarium-0.15.1\builds\msvc2013\translations\stellarium-remotecontrol\vi.qm
c:\users\vizlab\desktop\stellarium\stellarium-0.15.1\builds\msvc2013\translations\stellarium-remotecontrol\zh_hk.qm
c:\users\vizlab\desktop\stellarium\stellarium-0.15.1\builds\msvc2013\po\stellarium-remotecontrol\cmakefiles\translations-stellarium-remotecontrol
c:\users\vizlab\desktop\stellarium\stellarium-0.15.1\builds\msvc2013\po\stellarium-remotecontrol\win32\debug\translations-stellarium-remotecontrol\translat.51ef9eec.tlog\custombuild.command.1.tlog
c:\users\vizlab\desktop\stellarium\stellarium-0.15.1\builds\msvc2013\po\stellarium-remotecontrol\win32\debug\translations-stellarium-remotecontrol\translat.51ef9eec.tlog\custombuild.read.1.tlog
c:\users\vizlab\desktop\stellarium\stellarium-0.15.1\builds\msvc2013\po\stellarium-remotecontrol\win32\debug\translations-stellarium-remotecontrol\translat.51ef9eec.tlog\custombuild.write.1.tlog
