Build started 1/26/2017 11:24:27 AM.
     1>Project "C:\Users\VizLab\Desktop\stellarium\stellarium-0.15.1\builds\msvc2013\plugins\RemoteControl\src\RemoteControl-static.vcxproj" on node 3 (Build target(s)).
     1>PreBuildEvent:
         setlocal
         cd C:\Users\VizLab\Desktop\stellarium\stellarium-0.15.1\builds\msvc2013\plugins\RemoteControl\src
         if %errorlevel% neq 0 goto :cmEnd
         C:
         if %errorlevel% neq 0 goto :cmEnd
         "C:\Program Files\CMake\bin\cmake.exe" -E cmake_autogen C:/Users/VizLab/Desktop/stellarium/stellarium-0.15.1/builds/msvc2013/plugins/RemoteControl/src/CMakeFiles/RemoteControl-static_automoc.dir/ Release
         if %errorlevel% neq 0 goto :cmEnd
         :cmEnd
         endlocal & call :cmErrorLevel %errorlevel% & goto :cmDone
         :cmErrorLevel
         exit /b %1
         :cmDone
         if %errorlevel% neq 0 goto :VCEnd
         :VCEnd
       CustomBuild:
         Building Custom Rule C:/Users/VizLab/Desktop/stellarium/stellarium-0.15.1/plugins/RemoteControl/src/CMakeLists.txt
         CMake does not need to re-run because C:\Users\VizLab\Desktop\stellarium\stellarium-0.15.1\builds\msvc2013\plugins\RemoteControl\src\CMakeFiles\generate.stamp is up-to-date.
         Generating qrc_RemoteControl.cpp
         Generating ui_remoteControlDialog.h
       ClCompile:
         C:\Program Files (x86)\Microsoft Visual Studio 12.0\VC\bin\CL.exe /c /I"C:\Users\VizLab\Desktop\stellarium\stellarium-0.15.1\builds\msvc2013\plugins\RemoteControl\src" /I"C:\Users\VizLab\Desktop\stellarium\stellarium-0.15.1\plugins\RemoteControl\src" /IC:\Qt5\5.5\msvc2013\include /IC:\Qt5\5.5\msvc2013\include\QtScript /IC:\Qt5\5.5\msvc2013\include\QtCore /I"C:\Qt5\5.5\msvc2013\.\mkspecs\win32-msvc2013" /IC:\Qt5\5.5\msvc2013\include\QtMultimedia /IC:\Qt5\5.5\msvc2013\include\QtNetwork /IC:\Qt5\5.5\msvc2013\include\QtGui /IC:\Qt5\5.5\msvc2013\include\QtMultimediaWidgets /IC:\Qt5\5.5\msvc2013\include\QtWidgets /IC:\Qt5\5.5\msvc2013\include\QtTest /I"C:\Users\VizLab\Desktop\stellarium\stellarium-0.15.1\builds\msvc2013" /I"C:\Users\VizLab\Desktop\stellarium\stellarium-0.15.1\src" /I"C:\Users\VizLab\Desktop\stellarium\stellarium-0.15.1\src\core" /I"C:\Users\VizLab\Desktop\stellarium\stellarium-0.15.1\src\core\modules" /I"C:\Users\VizLab\Desktop\stellarium\stellarium-0.15.1\src\core\planetsephems" /I"C:\Users\VizLab\Desktop\stellarium\stellarium-0.15.1\src\core\external" /I"C:\Users\VizLab\Desktop\stellarium\stellarium-0.15.1\src\core\external\qtcompress" /I"C:\Users\VizLab\Desktop\stellarium\stellarium-0.15.1\src\core\external\qcustomplot" /I"C:\Users\VizLab\Desktop\stellarium\stellarium-0.15.1\src\core\external\glues_stel\source" /I"C:\Users\VizLab\Desktop\stellarium\stellarium-0.15.1\src\core\external\glues_stel\source\libtess" /I"C:\Users\VizLab\Desktop\stellarium\stellarium-0.15.1\src\gui" /I"C:\Users\VizLab\Desktop\stellarium\stellarium-0.15.1\src\scripting" /I"C:\Users\VizLab\Desktop\stellarium\stellarium-0.15.1\builds\msvc2013\src" /I"C:\Users\VizLab\Desktop\stellarium\stellarium-0.15.1\src\core\external\zlib" /I"C:\Users\VizLab\Desktop\stellarium\stellarium-0.15.1\plugins\RemoteControl\src\." /I"C:\Users\VizLab\Desktop\stellarium\stellarium-0.15.1\plugins\RemoteControl\src\gui" /I"C:\Users\VizLab\Desktop\stellarium\stellarium-0.15.1\plugins\RemoteControl\src\qtwebapp" /nologo /W3 /WX- /O2 /Ob2 /Oy- /D WIN32 /D _WINDOWS /D NDEBUG /D QT_STATICPLUGIN /D QT_CORE_LIB /D QT_NETWORK_LIB /D QT_WIDGETS_LIB /D QT_GUI_LIB /D STELLARIUM_MAJOR=0 /D STELLARIUM_MINOR=15 /D STELLARIUM_PATCH=1 /D "PACKAGE_VERSION=\"0.15.1\"" /D "COPYRIGHT_YEARS=\"2000-2016\"" /D STELLARIUM_RELEASE_BUILD /D QT_NO_DEBUG /D NDEBUG /D _USE_MATH_DEFINES /D NOMINMAX /D _WINSOCKAPI_ /D _CRT_SECURE_NO_WARNINGS /D ENABLE_NLS /D ENABLE_SPOUT /D ENABLE_SCRIPT_CONSOLE /D ENABLE_MEDIA /D "INSTALL_DATADIR=\".\"" /D "INSTALL_LOCALEDIR=\"./locale\"" /D QT_PLUGIN /D QT_DLL /D _REENTRANT /D "REMOTECONTROL_VERSION=\"0.0.1\"" /D "REMOTECONTROL_WEBROOT_PATH=\"C:/Users/VizLab/Desktop/stellarium/stellarium-0.15.1/plugins/RemoteControl/webroot/\"" /D "CMAKE_INTDIR=\"Release\"" /D _MBCS /Gm- /EHsc /MD /GS /fp:precise /Zc:wchar_t /Zc:forScope /GR /Fo"RemoteControl-static.dir\Release\\" /Fd"RemoteControl-static.dir\Release\vc120.pdb" /Gd /TP /wd4244 /wd4005 /wd4101 /wd4996 /wd4305 /wd4805 /analyze- /errorReport:prompt "C:\Users\VizLab\Desktop\stellarium\stellarium-0.15.1\plugins\RemoteControl\src\AbstractAPIService.cpp" "C:\Users\VizLab\Desktop\stellarium\stellarium-0.15.1\plugins\RemoteControl\src\APIController.cpp" "C:\Users\VizLab\Desktop\stellarium\stellarium-0.15.1\plugins\RemoteControl\src\MainService.cpp" "C:\Users\VizLab\Desktop\stellarium\stellarium-0.15.1\plugins\RemoteControl\src\ObjectService.cpp" "C:\Users\VizLab\Desktop\stellarium\stellarium-0.15.1\plugins\RemoteControl\src\LocationService.cpp" "C:\Users\VizLab\Desktop\stellarium\stellarium-0.15.1\plugins\RemoteControl\src\LocationSearchService.cpp" "C:\Users\VizLab\Desktop\stellarium\stellarium-0.15.1\plugins\RemoteControl\src\RemoteControl.cpp" "C:\Users\VizLab\Desktop\stellarium\stellarium-0.15.1\plugins\RemoteControl\src\RequestHandler.cpp" "C:\Users\VizLab\Desktop\stellarium\stellarium-0.15.1\plugins\RemoteControl\src\ScriptService.cpp" "C:\Users\VizLab\Desktop\stellarium\stellarium-0.15.1\plugins\RemoteControl\src\SimbadService.cpp" "C:\Users\VizLab\Desktop\stellarium\stellarium-0.15.1\plugins\RemoteControl\src\StelActionService.cpp" "C:\Users\VizLab\Desktop\stellarium\stellarium-0.15.1\plugins\RemoteControl\src\StelPropertyService.cpp" "C:\Users\VizLab\Desktop\stellarium\stellarium-0.15.1\plugins\RemoteControl\src\ViewService.cpp" "C:\Users\VizLab\Desktop\stellarium\stellarium-0.15.1\plugins\RemoteControl\src\gui\RemoteControlDialog.cpp" "C:\Users\VizLab\Desktop\stellarium\stellarium-0.15.1\builds\msvc2013\plugins\RemoteControl\src\qrc_RemoteControl.cpp" "C:\Users\VizLab\Desktop\stellarium\stellarium-0.15.1\plugins\RemoteControl\src\qtwebapp\httpserver\httpconnectionhandler.cpp" "C:\Users\VizLab\Desktop\stellarium\stellarium-0.15.1\plugins\RemoteControl\src\qtwebapp\httpserver\httpconnectionhandlerpool.cpp" "C:\Users\VizLab\Desktop\stellarium\stellarium-0.15.1\plugins\RemoteControl\src\qtwebapp\httpserver\httpcookie.cpp" "C:\Users\VizLab\Desktop\stellarium\stellarium-0.15.1\plugins\RemoteControl\src\qtwebapp\httpserver\httpglobal.cpp" "C:\Users\VizLab\Desktop\stellarium\stellarium-0.15.1\plugins\RemoteControl\src\qtwebapp\httpserver\httplistener.cpp" "C:\Users\VizLab\Desktop\stellarium\stellarium-0.15.1\plugins\RemoteControl\src\qtwebapp\httpserver\httprequest.cpp" "C:\Users\VizLab\Desktop\stellarium\stellarium-0.15.1\plugins\RemoteControl\src\qtwebapp\httpserver\httprequesthandler.cpp" "C:\Users\VizLab\Desktop\stellarium\stellarium-0.15.1\plugins\RemoteControl\src\qtwebapp\httpserver\httpresponse.cpp" "C:\Users\VizLab\Desktop\stellarium\stellarium-0.15.1\plugins\RemoteControl\src\qtwebapp\httpserver\staticfilecontroller.cpp" "C:\Users\VizLab\Desktop\stellarium\stellarium-0.15.1\plugins\RemoteControl\src\qtwebapp\templateengine\template.cpp" "C:\Users\VizLab\Desktop\stellarium\stellarium-0.15.1\builds\msvc2013\plugins\RemoteControl\src\RemoteControl-static_automoc.cpp"
         AbstractAPIService.cpp
         APIController.cpp
         MainService.cpp
         ObjectService.cpp
         LocationService.cpp
         LocationSearchService.cpp
         RemoteControl.cpp
         RequestHandler.cpp
         ScriptService.cpp
         SimbadService.cpp
         StelActionService.cpp
         StelPropertyService.cpp
         ViewService.cpp
         RemoteControlDialog.cpp
         qrc_RemoteControl.cpp
         httpconnectionhandler.cpp
         httpconnectionhandlerpool.cpp
         httpcookie.cpp
         httpglobal.cpp
         httplistener.cpp
         Generating Code...
         Compiling...
         httprequest.cpp
         httprequesthandler.cpp
         httpresponse.cpp
         staticfilecontroller.cpp
         template.cpp
         RemoteControl-static_automoc.cpp
         Generating Code...
       Lib:
         C:\Program Files (x86)\Microsoft Visual Studio 12.0\VC\bin\Lib.exe /OUT:"C:\Users\VizLab\Desktop\stellarium\stellarium-0.15.1\builds\msvc2013\plugins\RemoteControl\src\Release\RemoteControl.lib" /NOLOGO  /machine:X86 "RemoteControl-static.dir\Release\AbstractAPIService.obj"
         "RemoteControl-static.dir\Release\APIController.obj"
         "RemoteControl-static.dir\Release\MainService.obj"
         "RemoteControl-static.dir\Release\ObjectService.obj"
         "RemoteControl-static.dir\Release\LocationService.obj"
         "RemoteControl-static.dir\Release\LocationSearchService.obj"
         "RemoteControl-static.dir\Release\RemoteControl.obj"
         "RemoteControl-static.dir\Release\RequestHandler.obj"
         "RemoteControl-static.dir\Release\ScriptService.obj"
         "RemoteControl-static.dir\Release\SimbadService.obj"
         "RemoteControl-static.dir\Release\StelActionService.obj"
         "RemoteControl-static.dir\Release\StelPropertyService.obj"
         "RemoteControl-static.dir\Release\ViewService.obj"
         "RemoteControl-static.dir\Release\RemoteControlDialog.obj"
         "RemoteControl-static.dir\Release\qrc_RemoteControl.obj"
         "RemoteControl-static.dir\Release\httpconnectionhandler.obj"
         "RemoteControl-static.dir\Release\httpconnectionhandlerpool.obj"
         "RemoteControl-static.dir\Release\httpcookie.obj"
         "RemoteControl-static.dir\Release\httpglobal.obj"
         "RemoteControl-static.dir\Release\httplistener.obj"
         "RemoteControl-static.dir\Release\httprequest.obj"
         "RemoteControl-static.dir\Release\httprequesthandler.obj"
         "RemoteControl-static.dir\Release\httpresponse.obj"
         "RemoteControl-static.dir\Release\staticfilecontroller.obj"
         "RemoteControl-static.dir\Release\template.obj"
         "RemoteControl-static.dir\Release\RemoteControl-static_automoc.obj"
         RemoteControl-static.vcxproj -> C:\Users\VizLab\Desktop\stellarium\stellarium-0.15.1\builds\msvc2013\plugins\RemoteControl\src\Release\RemoteControl.lib
     1>Done Building Project "C:\Users\VizLab\Desktop\stellarium\stellarium-0.15.1\builds\msvc2013\plugins\RemoteControl\src\RemoteControl-static.vcxproj" (Build target(s)).

Build succeeded.

Time Elapsed 00:00:34.44
