c:\users\vizlab\desktop\stellarium\stellarium-0.15.1\builds\msvc2013\plugins\satellites\src\satellites-static.dir\debug\vc120.pdb
c:\users\vizlab\desktop\stellarium\stellarium-0.15.1\builds\msvc2013\plugins\satellites\src\satellites-static.dir\debug\satellitesimportdialog.obj
c:\users\vizlab\desktop\stellarium\stellarium-0.15.1\builds\msvc2013\plugins\satellites\src\satellites-static.dir\debug\satellitesdialog.obj
c:\users\vizlab\desktop\stellarium\stellarium-0.15.1\builds\msvc2013\plugins\satellites\src\satellites-static.dir\debug\qrc_satellites.obj
c:\users\vizlab\desktop\stellarium\stellarium-0.15.1\builds\msvc2013\plugins\satellites\src\satellites-static.dir\debug\satellites-static_automoc.obj
c:\users\vizlab\desktop\stellarium\stellarium-0.15.1\builds\msvc2013\plugins\satellites\src\satellites-static.dir\debug\satelliteslistfiltermodel.obj
c:\users\vizlab\desktop\stellarium\stellarium-0.15.1\builds\msvc2013\plugins\satellites\src\satellites-static.dir\debug\satelliteslistmodel.obj
c:\users\vizlab\desktop\stellarium\stellarium-0.15.1\builds\msvc2013\plugins\satellites\src\satellites-static.dir\debug\satellites.obj
c:\users\vizlab\desktop\stellarium\stellarium-0.15.1\builds\msvc2013\plugins\satellites\src\satellites-static.dir\debug\satellite.obj
c:\users\vizlab\desktop\stellarium\stellarium-0.15.1\builds\msvc2013\plugins\satellites\src\satellites-static.dir\debug\gsatwrapper.obj
c:\users\vizlab\desktop\stellarium\stellarium-0.15.1\builds\msvc2013\plugins\satellites\src\satellites-static.dir\debug\sgp4unit.obj
c:\users\vizlab\desktop\stellarium\stellarium-0.15.1\builds\msvc2013\plugins\satellites\src\satellites-static.dir\debug\sgp4io.obj
c:\users\vizlab\desktop\stellarium\stellarium-0.15.1\builds\msvc2013\plugins\satellites\src\satellites-static.dir\debug\sgp4ext.obj
c:\users\vizlab\desktop\stellarium\stellarium-0.15.1\builds\msvc2013\plugins\satellites\src\satellites-static.dir\debug\gvector.obj
c:\users\vizlab\desktop\stellarium\stellarium-0.15.1\builds\msvc2013\plugins\satellites\src\satellites-static.dir\debug\gtimespan.obj
c:\users\vizlab\desktop\stellarium\stellarium-0.15.1\builds\msvc2013\plugins\satellites\src\satellites-static.dir\debug\gtime.obj
c:\users\vizlab\desktop\stellarium\stellarium-0.15.1\builds\msvc2013\plugins\satellites\src\satellites-static.dir\debug\mathutils.obj
c:\users\vizlab\desktop\stellarium\stellarium-0.15.1\builds\msvc2013\plugins\satellites\src\satellites-static.dir\debug\gsatteme.obj
c:\users\vizlab\desktop\stellarium\stellarium-0.15.1\builds\msvc2013\plugins\satellites\src\cmakefiles\generate.stamp
c:\users\vizlab\desktop\stellarium\stellarium-0.15.1\builds\msvc2013\plugins\satellites\src\qrc_satellites.cpp
c:\users\vizlab\desktop\stellarium\stellarium-0.15.1\builds\msvc2013\plugins\satellites\src\ui_satellitesdialog.h
c:\users\vizlab\desktop\stellarium\stellarium-0.15.1\builds\msvc2013\plugins\satellites\src\ui_satellitesimportdialog.h
c:\users\vizlab\desktop\stellarium\stellarium-0.15.1\builds\msvc2013\plugins\satellites\src\debug\satellites.lib
c:\users\vizlab\desktop\stellarium\stellarium-0.15.1\builds\msvc2013\plugins\satellites\src\satellites-static.dir\debug\satellit.9a8c8b06.tlog\cl.command.1.tlog
c:\users\vizlab\desktop\stellarium\stellarium-0.15.1\builds\msvc2013\plugins\satellites\src\satellites-static.dir\debug\satellit.9a8c8b06.tlog\cl.read.1.tlog
c:\users\vizlab\desktop\stellarium\stellarium-0.15.1\builds\msvc2013\plugins\satellites\src\satellites-static.dir\debug\satellit.9a8c8b06.tlog\cl.write.1.tlog
c:\users\vizlab\desktop\stellarium\stellarium-0.15.1\builds\msvc2013\plugins\satellites\src\satellites-static.dir\debug\satellit.9a8c8b06.tlog\custombuild.command.1.tlog
c:\users\vizlab\desktop\stellarium\stellarium-0.15.1\builds\msvc2013\plugins\satellites\src\satellites-static.dir\debug\satellit.9a8c8b06.tlog\custombuild.read.1.tlog
c:\users\vizlab\desktop\stellarium\stellarium-0.15.1\builds\msvc2013\plugins\satellites\src\satellites-static.dir\debug\satellit.9a8c8b06.tlog\custombuild.write.1.tlog
c:\users\vizlab\desktop\stellarium\stellarium-0.15.1\builds\msvc2013\plugins\satellites\src\satellites-static.dir\debug\satellit.9a8c8b06.tlog\lib-link.read.1.tlog
c:\users\vizlab\desktop\stellarium\stellarium-0.15.1\builds\msvc2013\plugins\satellites\src\satellites-static.dir\debug\satellit.9a8c8b06.tlog\lib-link.write.1.tlog
c:\users\vizlab\desktop\stellarium\stellarium-0.15.1\builds\msvc2013\plugins\satellites\src\satellites-static.dir\debug\satellit.9a8c8b06.tlog\lib.command.1.tlog
