c:\users\vizlab\desktop\stellarium\stellarium-0.15.1\builds\msvc2013\plugins\oculars\src\oculars-static.dir\debug\vc120.pdb
c:\users\vizlab\desktop\stellarium\stellarium-0.15.1\builds\msvc2013\plugins\oculars\src\oculars-static.dir\debug\oculardialog.obj
c:\users\vizlab\desktop\stellarium\stellarium-0.15.1\builds\msvc2013\plugins\oculars\src\oculars-static.dir\debug\qrc_oculars.obj
c:\users\vizlab\desktop\stellarium\stellarium-0.15.1\builds\msvc2013\plugins\oculars\src\oculars-static.dir\debug\oculars-static_automoc.obj
c:\users\vizlab\desktop\stellarium\stellarium-0.15.1\builds\msvc2013\plugins\oculars\src\oculars-static.dir\debug\ocularsguipanel.obj
c:\users\vizlab\desktop\stellarium\stellarium-0.15.1\builds\msvc2013\plugins\oculars\src\oculars-static.dir\debug\propertybasedtablemodel.obj
c:\users\vizlab\desktop\stellarium\stellarium-0.15.1\builds\msvc2013\plugins\oculars\src\oculars-static.dir\debug\telescope.obj
c:\users\vizlab\desktop\stellarium\stellarium-0.15.1\builds\msvc2013\plugins\oculars\src\oculars-static.dir\debug\oculars.obj
c:\users\vizlab\desktop\stellarium\stellarium-0.15.1\builds\msvc2013\plugins\oculars\src\oculars-static.dir\debug\ocular.obj
c:\users\vizlab\desktop\stellarium\stellarium-0.15.1\builds\msvc2013\plugins\oculars\src\oculars-static.dir\debug\lens.obj
c:\users\vizlab\desktop\stellarium\stellarium-0.15.1\builds\msvc2013\plugins\oculars\src\oculars-static.dir\debug\ccd.obj
c:\users\vizlab\desktop\stellarium\stellarium-0.15.1\builds\msvc2013\plugins\oculars\src\cmakefiles\generate.stamp
c:\users\vizlab\desktop\stellarium\stellarium-0.15.1\builds\msvc2013\plugins\oculars\src\qrc_oculars.cpp
c:\users\vizlab\desktop\stellarium\stellarium-0.15.1\builds\msvc2013\plugins\oculars\src\ui_oculardialog.h
c:\users\vizlab\desktop\stellarium\stellarium-0.15.1\builds\msvc2013\plugins\oculars\src\debug\oculars.lib
c:\users\vizlab\desktop\stellarium\stellarium-0.15.1\builds\msvc2013\plugins\oculars\src\oculars-static.dir\debug\oculars-static.tlog\cl.command.1.tlog
c:\users\vizlab\desktop\stellarium\stellarium-0.15.1\builds\msvc2013\plugins\oculars\src\oculars-static.dir\debug\oculars-static.tlog\cl.read.1.tlog
c:\users\vizlab\desktop\stellarium\stellarium-0.15.1\builds\msvc2013\plugins\oculars\src\oculars-static.dir\debug\oculars-static.tlog\cl.write.1.tlog
c:\users\vizlab\desktop\stellarium\stellarium-0.15.1\builds\msvc2013\plugins\oculars\src\oculars-static.dir\debug\oculars-static.tlog\custombuild.command.1.tlog
c:\users\vizlab\desktop\stellarium\stellarium-0.15.1\builds\msvc2013\plugins\oculars\src\oculars-static.dir\debug\oculars-static.tlog\custombuild.read.1.tlog
c:\users\vizlab\desktop\stellarium\stellarium-0.15.1\builds\msvc2013\plugins\oculars\src\oculars-static.dir\debug\oculars-static.tlog\custombuild.write.1.tlog
c:\users\vizlab\desktop\stellarium\stellarium-0.15.1\builds\msvc2013\plugins\oculars\src\oculars-static.dir\debug\oculars-static.tlog\lib-link.read.1.tlog
c:\users\vizlab\desktop\stellarium\stellarium-0.15.1\builds\msvc2013\plugins\oculars\src\oculars-static.dir\debug\oculars-static.tlog\lib-link.write.1.tlog
c:\users\vizlab\desktop\stellarium\stellarium-0.15.1\builds\msvc2013\plugins\oculars\src\oculars-static.dir\debug\oculars-static.tlog\lib.command.1.tlog
