Build started 1/26/2017 11:35:42 AM.
     1>Project "C:\Users\VizLab\Desktop\stellarium\stellarium-0.15.1\builds\msvc2013\plugins\RemoteControl\src\RemoteControl-static.vcxproj" on node 4 (Build target(s)).
     1>PreBuildEvent:
         setlocal
         cd C:\Users\VizLab\Desktop\stellarium\stellarium-0.15.1\builds\msvc2013\plugins\RemoteControl\src
         if %errorlevel% neq 0 goto :cmEnd
         C:
         if %errorlevel% neq 0 goto :cmEnd
         "C:\Program Files\CMake\bin\cmake.exe" -E cmake_autogen C:/Users/VizLab/Desktop/stellarium/stellarium-0.15.1/builds/msvc2013/plugins/RemoteControl/src/CMakeFiles/RemoteControl-static_automoc.dir/ Debug
         if %errorlevel% neq 0 goto :cmEnd
         :cmEnd
         endlocal & call :cmErrorLevel %errorlevel% & goto :cmDone
         :cmErrorLevel
         exit /b %1
         :cmDone
         if %errorlevel% neq 0 goto :VCEnd
         :VCEnd
       ClCompile:
         C:\Program Files (x86)\Microsoft Visual Studio 12.0\VC\bin\CL.exe /c /I"C:\Users\VizLab\Desktop\stellarium\stellarium-0.15.1\builds\msvc2013\plugins\RemoteControl\src" /I"C:\Users\VizLab\Desktop\stellarium\stellarium-0.15.1\plugins\RemoteControl\src" /IC:\Qt5\5.5\msvc2013\include /IC:\Qt5\5.5\msvc2013\include\QtScript /IC:\Qt5\5.5\msvc2013\include\QtCore /I"C:\Qt5\5.5\msvc2013\.\mkspecs\win32-msvc2013" /IC:\Qt5\5.5\msvc2013\include\QtMultimedia /IC:\Qt5\5.5\msvc2013\include\QtNetwork /IC:\Qt5\5.5\msvc2013\include\QtGui /IC:\Qt5\5.5\msvc2013\include\QtMultimediaWidgets /IC:\Qt5\5.5\msvc2013\include\QtWidgets /IC:\Qt5\5.5\msvc2013\include\QtTest /I"C:\Users\VizLab\Desktop\stellarium\stellarium-0.15.1\builds\msvc2013" /I"C:\Users\VizLab\Desktop\stellarium\stellarium-0.15.1\src" /I"C:\Users\VizLab\Desktop\stellarium\stellarium-0.15.1\src\core" /I"C:\Users\VizLab\Desktop\stellarium\stellarium-0.15.1\src\core\modules" /I"C:\Users\VizLab\Desktop\stellarium\stellarium-0.15.1\src\core\planetsephems" /I"C:\Users\VizLab\Desktop\stellarium\stellarium-0.15.1\src\core\external" /I"C:\Users\VizLab\Desktop\stellarium\stellarium-0.15.1\src\core\external\qtcompress" /I"C:\Users\VizLab\Desktop\stellarium\stellarium-0.15.1\src\core\external\qcustomplot" /I"C:\Users\VizLab\Desktop\stellarium\stellarium-0.15.1\src\core\external\glues_stel\source" /I"C:\Users\VizLab\Desktop\stellarium\stellarium-0.15.1\src\core\external\glues_stel\source\libtess" /I"C:\Users\VizLab\Desktop\stellarium\stellarium-0.15.1\src\gui" /I"C:\Users\VizLab\Desktop\stellarium\stellarium-0.15.1\src\scripting" /I"C:\Users\VizLab\Desktop\stellarium\stellarium-0.15.1\builds\msvc2013\src" /I"C:\Users\VizLab\Desktop\stellarium\stellarium-0.15.1\src\core\external\zlib" /I"C:\Users\VizLab\Desktop\stellarium\stellarium-0.15.1\plugins\RemoteControl\src\." /I"C:\Users\VizLab\Desktop\stellarium\stellarium-0.15.1\plugins\RemoteControl\src\gui" /I"C:\Users\VizLab\Desktop\stellarium\stellarium-0.15.1\plugins\RemoteControl\src\qtwebapp" /Zi /nologo /W3 /WX- /Od /Ob0 /Oy- /D WIN32 /D _WINDOWS /D _DEBUG /D QT_STATICPLUGIN /D QT_CORE_LIB /D QT_NETWORK_LIB /D QT_WIDGETS_LIB /D QT_GUI_LIB /D STELLARIUM_MAJOR=0 /D STELLARIUM_MINOR=15 /D STELLARIUM_PATCH=1 /D "PACKAGE_VERSION=\"0.15.1\"" /D "COPYRIGHT_YEARS=\"2000-2016\"" /D STELLARIUM_RELEASE_BUILD /D QT_NO_DEBUG /D NDEBUG /D _USE_MATH_DEFINES /D NOMINMAX /D _WINSOCKAPI_ /D _CRT_SECURE_NO_WARNINGS /D ENABLE_NLS /D ENABLE_SPOUT /D ENABLE_SCRIPT_CONSOLE /D ENABLE_MEDIA /D "INSTALL_DATADIR=\".\"" /D "INSTALL_LOCALEDIR=\"./locale\"" /D QT_PLUGIN /D QT_DLL /D _REENTRANT /D "REMOTECONTROL_VERSION=\"0.0.1\"" /D "REMOTECONTROL_WEBROOT_PATH=\"C:/Users/VizLab/Desktop/stellarium/stellarium-0.15.1/plugins/RemoteControl/webroot/\"" /D "CMAKE_INTDIR=\"Debug\"" /D _MBCS /Gm- /EHsc /RTC1 /MDd /GS /fp:precise /Zc:wchar_t /Zc:forScope /GR /Fo"RemoteControl-static.dir\Debug\\" /Fd"RemoteControl-static.dir\Debug\vc120.pdb" /Gd /TP /wd4244 /wd4005 /wd4101 /wd4996 /wd4305 /wd4805 /analyze- /errorReport:prompt "C:\Users\VizLab\Desktop\stellarium\stellarium-0.15.1\builds\msvc2013\plugins\RemoteControl\src\qrc_RemoteControl.cpp" "C:\Users\VizLab\Desktop\stellarium\stellarium-0.15.1\plugins\RemoteControl\src\gui\RemoteControlDialog.cpp"
         qrc_RemoteControl.cpp
         RemoteControlDialog.cpp
         Generating Code...
       Lib:
         C:\Program Files (x86)\Microsoft Visual Studio 12.0\VC\bin\Lib.exe /OUT:"C:\Users\VizLab\Desktop\stellarium\stellarium-0.15.1\builds\msvc2013\plugins\RemoteControl\src\Debug\RemoteControl.lib" /NOLOGO  /machine:X86 "RemoteControl-static.dir\Debug\AbstractAPIService.obj"
         "RemoteControl-static.dir\Debug\APIController.obj"
         "RemoteControl-static.dir\Debug\MainService.obj"
         "RemoteControl-static.dir\Debug\ObjectService.obj"
         "RemoteControl-static.dir\Debug\LocationService.obj"
         "RemoteControl-static.dir\Debug\LocationSearchService.obj"
         "RemoteControl-static.dir\Debug\RemoteControl.obj"
         "RemoteControl-static.dir\Debug\RequestHandler.obj"
         "RemoteControl-static.dir\Debug\ScriptService.obj"
         "RemoteControl-static.dir\Debug\SimbadService.obj"
         "RemoteControl-static.dir\Debug\StelActionService.obj"
         "RemoteControl-static.dir\Debug\StelPropertyService.obj"
         "RemoteControl-static.dir\Debug\ViewService.obj"
         "RemoteControl-static.dir\Debug\RemoteControlDialog.obj"
         "RemoteControl-static.dir\Debug\qrc_RemoteControl.obj"
         "RemoteControl-static.dir\Debug\httpconnectionhandler.obj"
         "RemoteControl-static.dir\Debug\httpconnectionhandlerpool.obj"
         "RemoteControl-static.dir\Debug\httpcookie.obj"
         "RemoteControl-static.dir\Debug\httpglobal.obj"
         "RemoteControl-static.dir\Debug\httplistener.obj"
         "RemoteControl-static.dir\Debug\httprequest.obj"
         "RemoteControl-static.dir\Debug\httprequesthandler.obj"
         "RemoteControl-static.dir\Debug\httpresponse.obj"
         "RemoteControl-static.dir\Debug\staticfilecontroller.obj"
         "RemoteControl-static.dir\Debug\template.obj"
         "RemoteControl-static.dir\Debug\RemoteControl-static_automoc.obj"
         RemoteControl-static.vcxproj -> C:\Users\VizLab\Desktop\stellarium\stellarium-0.15.1\builds\msvc2013\plugins\RemoteControl\src\Debug\RemoteControl.lib
     1>Done Building Project "C:\Users\VizLab\Desktop\stellarium\stellarium-0.15.1\builds\msvc2013\plugins\RemoteControl\src\RemoteControl-static.vcxproj" (Build target(s)).

Build succeeded.

Time Elapsed 00:00:02.87
