c:\users\vizlab\desktop\stellarium\stellarium-0.15.1\builds\msvc2013\plugins\textuserinterface\src\x64\release\textuserinterface-static_automoc.obj
c:\users\vizlab\desktop\stellarium\stellarium-0.15.1\builds\msvc2013\plugins\textuserinterface\src\x64\release\textuserinterface.obj
c:\users\vizlab\desktop\stellarium\stellarium-0.15.1\builds\msvc2013\plugins\textuserinterface\src\x64\release\tuinodeenum.obj
c:\users\vizlab\desktop\stellarium\stellarium-0.15.1\builds\msvc2013\plugins\textuserinterface\src\x64\release\tuinodecolor.obj
c:\users\vizlab\desktop\stellarium\stellarium-0.15.1\builds\msvc2013\plugins\textuserinterface\src\x64\release\tuinodedatetime.obj
c:\users\vizlab\desktop\stellarium\stellarium-0.15.1\builds\msvc2013\plugins\textuserinterface\src\x64\release\tuinodefloat.obj
c:\users\vizlab\desktop\stellarium\stellarium-0.15.1\builds\msvc2013\plugins\textuserinterface\src\x64\release\tuinodedouble.obj
c:\users\vizlab\desktop\stellarium\stellarium-0.15.1\builds\msvc2013\plugins\textuserinterface\src\x64\release\tuinodeint.obj
c:\users\vizlab\desktop\stellarium\stellarium-0.15.1\builds\msvc2013\plugins\textuserinterface\src\x64\release\tuinodebool.obj
c:\users\vizlab\desktop\stellarium\stellarium-0.15.1\builds\msvc2013\plugins\textuserinterface\src\x64\release\tuinodeeditable.obj
c:\users\vizlab\desktop\stellarium\stellarium-0.15.1\builds\msvc2013\plugins\textuserinterface\src\x64\release\tuinodeactivate.obj
c:\users\vizlab\desktop\stellarium\stellarium-0.15.1\builds\msvc2013\plugins\textuserinterface\src\x64\release\tuinode.obj
c:\users\vizlab\desktop\stellarium\stellarium-0.15.1\builds\msvc2013\plugins\textuserinterface\src\x64\release\dummydialog.obj
c:\users\vizlab\desktop\stellarium\stellarium-0.15.1\builds\msvc2013\plugins\textuserinterface\src\cmakefiles\generate.stamp
c:\users\vizlab\desktop\stellarium\stellarium-0.15.1\builds\msvc2013\x64\release\textuserinterface.lib
c:\users\vizlab\desktop\stellarium\stellarium-0.15.1\builds\msvc2013\plugins\textuserinterface\src\x64\release\textuser.89e95e47.tlog\cl.command.1.tlog
c:\users\vizlab\desktop\stellarium\stellarium-0.15.1\builds\msvc2013\plugins\textuserinterface\src\x64\release\textuser.89e95e47.tlog\cl.read.1.tlog
c:\users\vizlab\desktop\stellarium\stellarium-0.15.1\builds\msvc2013\plugins\textuserinterface\src\x64\release\textuser.89e95e47.tlog\cl.write.1.tlog
c:\users\vizlab\desktop\stellarium\stellarium-0.15.1\builds\msvc2013\plugins\textuserinterface\src\x64\release\textuser.89e95e47.tlog\custombuild.command.1.tlog
c:\users\vizlab\desktop\stellarium\stellarium-0.15.1\builds\msvc2013\plugins\textuserinterface\src\x64\release\textuser.89e95e47.tlog\custombuild.read.1.tlog
c:\users\vizlab\desktop\stellarium\stellarium-0.15.1\builds\msvc2013\plugins\textuserinterface\src\x64\release\textuser.89e95e47.tlog\custombuild.write.1.tlog
c:\users\vizlab\desktop\stellarium\stellarium-0.15.1\builds\msvc2013\plugins\textuserinterface\src\x64\release\textuser.89e95e47.tlog\lib-link.read.1.tlog
c:\users\vizlab\desktop\stellarium\stellarium-0.15.1\builds\msvc2013\plugins\textuserinterface\src\x64\release\textuser.89e95e47.tlog\lib-link.write.1.tlog
c:\users\vizlab\desktop\stellarium\stellarium-0.15.1\builds\msvc2013\plugins\textuserinterface\src\x64\release\textuser.89e95e47.tlog\lib.command.1.tlog
