Build started 1/25/2017 3:35:33 PM.
     1>Project "C:\Users\VizLab\Desktop\stellarium\stellarium-0.15.1\builds\msvc2013\plugins\Oculars\src\Oculars-static.vcxproj" on node 7 (Build target(s)).
     1>PreBuildEvent:
         setlocal
         cd C:\Users\VizLab\Desktop\stellarium\stellarium-0.15.1\builds\msvc2013\plugins\Oculars\src
         if %errorlevel% neq 0 goto :cmEnd
         C:
         if %errorlevel% neq 0 goto :cmEnd
         "C:\Program Files\CMake\bin\cmake.exe" -E cmake_autogen C:/Users/VizLab/Desktop/stellarium/stellarium-0.15.1/builds/msvc2013/plugins/Oculars/src/CMakeFiles/Oculars-static_automoc.dir/ Release
         if %errorlevel% neq 0 goto :cmEnd
         :cmEnd
         endlocal & call :cmErrorLevel %errorlevel% & goto :cmDone
         :cmErrorLevel
         exit /b %1
         :cmDone
         if %errorlevel% neq 0 goto :VCEnd
         :VCEnd
       Lib:
         C:\Program Files (x86)\Microsoft Visual Studio 12.0\VC\bin\x86_amd64\Lib.exe /OUT:"C:\Users\VizLab\Desktop\stellarium\stellarium-0.15.1\builds\msvc2013\x64\Release\Oculars.lib" /NOLOGO /MACHINE:X64  x64\Release\CCD.obj
         x64\Release\Lens.obj
         x64\Release\Ocular.obj
         x64\Release\Oculars.obj
         x64\Release\Telescope.obj
         x64\Release\OcularDialog.obj
         x64\Release\PropertyBasedTableModel.obj
         x64\Release\OcularsGuiPanel.obj
         x64\Release\qrc_Oculars.obj
         "x64\Release\Oculars-static_automoc.obj"
         Oculars-static.vcxproj -> C:\Users\VizLab\Desktop\stellarium\stellarium-0.15.1\builds\msvc2013\x64\Release\Oculars.lib
     1>Done Building Project "C:\Users\VizLab\Desktop\stellarium\stellarium-0.15.1\builds\msvc2013\plugins\Oculars\src\Oculars-static.vcxproj" (Build target(s)).

Build succeeded.

Time Elapsed 00:00:00.61
