Build started 1/25/2017 3:35:34 PM.
     1>Project "C:\Users\VizLab\Desktop\stellarium\stellarium-0.15.1\builds\msvc2013\plugins\RemoteControl\src\RemoteControl-static.vcxproj" on node 5 (Build target(s)).
     1>PreBuildEvent:
         setlocal
         cd C:\Users\VizLab\Desktop\stellarium\stellarium-0.15.1\builds\msvc2013\plugins\RemoteControl\src
         if %errorlevel% neq 0 goto :cmEnd
         C:
         if %errorlevel% neq 0 goto :cmEnd
         "C:\Program Files\CMake\bin\cmake.exe" -E cmake_autogen C:/Users/VizLab/Desktop/stellarium/stellarium-0.15.1/builds/msvc2013/plugins/RemoteControl/src/CMakeFiles/RemoteControl-static_automoc.dir/ Release
         if %errorlevel% neq 0 goto :cmEnd
         :cmEnd
         endlocal & call :cmErrorLevel %errorlevel% & goto :cmDone
         :cmErrorLevel
         exit /b %1
         :cmDone
         if %errorlevel% neq 0 goto :VCEnd
         :VCEnd
       Lib:
         C:\Program Files (x86)\Microsoft Visual Studio 12.0\VC\bin\x86_amd64\Lib.exe /OUT:"C:\Users\VizLab\Desktop\stellarium\stellarium-0.15.1\builds\msvc2013\x64\Release\RemoteControl.lib" /NOLOGO /MACHINE:X64 x64\Release\AbstractAPIService.obj
         x64\Release\APIController.obj
         x64\Release\MainService.obj
         x64\Release\ObjectService.obj
         x64\Release\LocationService.obj
         x64\Release\LocationSearchService.obj
         x64\Release\RemoteControl.obj
         x64\Release\RequestHandler.obj
         x64\Release\ScriptService.obj
         x64\Release\SimbadService.obj
         x64\Release\StelActionService.obj
         x64\Release\StelPropertyService.obj
         x64\Release\ViewService.obj
         x64\Release\RemoteControlDialog.obj
         x64\Release\qrc_RemoteControl.obj
         x64\Release\httpconnectionhandler.obj
         x64\Release\httpconnectionhandlerpool.obj
         x64\Release\httpcookie.obj
         x64\Release\httpglobal.obj
         x64\Release\httplistener.obj
         x64\Release\httprequest.obj
         x64\Release\httprequesthandler.obj
         x64\Release\httpresponse.obj
         x64\Release\staticfilecontroller.obj
         x64\Release\template.obj
         "x64\Release\RemoteControl-static_automoc.obj"
         RemoteControl-static.vcxproj -> C:\Users\VizLab\Desktop\stellarium\stellarium-0.15.1\builds\msvc2013\x64\Release\RemoteControl.lib
     1>Done Building Project "C:\Users\VizLab\Desktop\stellarium\stellarium-0.15.1\builds\msvc2013\plugins\RemoteControl\src\RemoteControl-static.vcxproj" (Build target(s)).

Build succeeded.

Time Elapsed 00:00:00.86
