c:\users\vizlab\desktop\stellarium\stellarium-0.15.1\builds\msvc2013\plugins\remotecontrol\src\x64\release\httplistener.obj
c:\users\vizlab\desktop\stellarium\stellarium-0.15.1\builds\msvc2013\plugins\remotecontrol\src\x64\release\httpglobal.obj
c:\users\vizlab\desktop\stellarium\stellarium-0.15.1\builds\msvc2013\plugins\remotecontrol\src\x64\release\httpcookie.obj
c:\users\vizlab\desktop\stellarium\stellarium-0.15.1\builds\msvc2013\plugins\remotecontrol\src\x64\release\httpconnectionhandlerpool.obj
c:\users\vizlab\desktop\stellarium\stellarium-0.15.1\builds\msvc2013\plugins\remotecontrol\src\x64\release\httpconnectionhandler.obj
c:\users\vizlab\desktop\stellarium\stellarium-0.15.1\builds\msvc2013\plugins\remotecontrol\src\x64\release\qrc_remotecontrol.obj
c:\users\vizlab\desktop\stellarium\stellarium-0.15.1\builds\msvc2013\plugins\remotecontrol\src\x64\release\remotecontroldialog.obj
c:\users\vizlab\desktop\stellarium\stellarium-0.15.1\builds\msvc2013\plugins\remotecontrol\src\x64\release\viewservice.obj
c:\users\vizlab\desktop\stellarium\stellarium-0.15.1\builds\msvc2013\plugins\remotecontrol\src\x64\release\stelpropertyservice.obj
c:\users\vizlab\desktop\stellarium\stellarium-0.15.1\builds\msvc2013\plugins\remotecontrol\src\x64\release\stelactionservice.obj
c:\users\vizlab\desktop\stellarium\stellarium-0.15.1\builds\msvc2013\plugins\remotecontrol\src\x64\release\simbadservice.obj
c:\users\vizlab\desktop\stellarium\stellarium-0.15.1\builds\msvc2013\plugins\remotecontrol\src\x64\release\scriptservice.obj
c:\users\vizlab\desktop\stellarium\stellarium-0.15.1\builds\msvc2013\plugins\remotecontrol\src\x64\release\requesthandler.obj
c:\users\vizlab\desktop\stellarium\stellarium-0.15.1\builds\msvc2013\plugins\remotecontrol\src\x64\release\remotecontrol.obj
c:\users\vizlab\desktop\stellarium\stellarium-0.15.1\builds\msvc2013\plugins\remotecontrol\src\x64\release\locationsearchservice.obj
c:\users\vizlab\desktop\stellarium\stellarium-0.15.1\builds\msvc2013\plugins\remotecontrol\src\x64\release\locationservice.obj
c:\users\vizlab\desktop\stellarium\stellarium-0.15.1\builds\msvc2013\plugins\remotecontrol\src\x64\release\objectservice.obj
c:\users\vizlab\desktop\stellarium\stellarium-0.15.1\builds\msvc2013\plugins\remotecontrol\src\x64\release\mainservice.obj
c:\users\vizlab\desktop\stellarium\stellarium-0.15.1\builds\msvc2013\plugins\remotecontrol\src\x64\release\apicontroller.obj
c:\users\vizlab\desktop\stellarium\stellarium-0.15.1\builds\msvc2013\plugins\remotecontrol\src\x64\release\abstractapiservice.obj
c:\users\vizlab\desktop\stellarium\stellarium-0.15.1\builds\msvc2013\plugins\remotecontrol\src\x64\release\remotecontrol-static_automoc.obj
c:\users\vizlab\desktop\stellarium\stellarium-0.15.1\builds\msvc2013\plugins\remotecontrol\src\x64\release\template.obj
c:\users\vizlab\desktop\stellarium\stellarium-0.15.1\builds\msvc2013\plugins\remotecontrol\src\x64\release\staticfilecontroller.obj
c:\users\vizlab\desktop\stellarium\stellarium-0.15.1\builds\msvc2013\plugins\remotecontrol\src\x64\release\httpresponse.obj
c:\users\vizlab\desktop\stellarium\stellarium-0.15.1\builds\msvc2013\plugins\remotecontrol\src\x64\release\httprequesthandler.obj
c:\users\vizlab\desktop\stellarium\stellarium-0.15.1\builds\msvc2013\plugins\remotecontrol\src\x64\release\httprequest.obj
c:\users\vizlab\desktop\stellarium\stellarium-0.15.1\builds\msvc2013\plugins\remotecontrol\src\cmakefiles\generate.stamp
c:\users\vizlab\desktop\stellarium\stellarium-0.15.1\builds\msvc2013\plugins\remotecontrol\src\qrc_remotecontrol.cpp
c:\users\vizlab\desktop\stellarium\stellarium-0.15.1\builds\msvc2013\plugins\remotecontrol\src\ui_remotecontroldialog.h
c:\users\vizlab\desktop\stellarium\stellarium-0.15.1\builds\msvc2013\x64\release\remotecontrol.lib
c:\users\vizlab\desktop\stellarium\stellarium-0.15.1\builds\msvc2013\plugins\remotecontrol\src\x64\release\remoteco.fd69a25c.tlog\cl.command.1.tlog
c:\users\vizlab\desktop\stellarium\stellarium-0.15.1\builds\msvc2013\plugins\remotecontrol\src\x64\release\remoteco.fd69a25c.tlog\cl.read.1.tlog
c:\users\vizlab\desktop\stellarium\stellarium-0.15.1\builds\msvc2013\plugins\remotecontrol\src\x64\release\remoteco.fd69a25c.tlog\cl.write.1.tlog
c:\users\vizlab\desktop\stellarium\stellarium-0.15.1\builds\msvc2013\plugins\remotecontrol\src\x64\release\remoteco.fd69a25c.tlog\custombuild.command.1.tlog
c:\users\vizlab\desktop\stellarium\stellarium-0.15.1\builds\msvc2013\plugins\remotecontrol\src\x64\release\remoteco.fd69a25c.tlog\custombuild.read.1.tlog
c:\users\vizlab\desktop\stellarium\stellarium-0.15.1\builds\msvc2013\plugins\remotecontrol\src\x64\release\remoteco.fd69a25c.tlog\custombuild.write.1.tlog
c:\users\vizlab\desktop\stellarium\stellarium-0.15.1\builds\msvc2013\plugins\remotecontrol\src\x64\release\remoteco.fd69a25c.tlog\lib-link.read.1.tlog
c:\users\vizlab\desktop\stellarium\stellarium-0.15.1\builds\msvc2013\plugins\remotecontrol\src\x64\release\remoteco.fd69a25c.tlog\lib-link.write.1.tlog
c:\users\vizlab\desktop\stellarium\stellarium-0.15.1\builds\msvc2013\plugins\remotecontrol\src\x64\release\remoteco.fd69a25c.tlog\lib.command.1.tlog
