Build started 1/25/2017 3:56:28 PM.
     1>Project "C:\Users\VizLab\Desktop\stellarium\stellarium-0.15.1\builds\msvc2013\plugins\Observability\src\Observability-static.vcxproj" on node 6 (Build target(s)).
     1>PreBuildEvent:
         setlocal
         cd C:\Users\VizLab\Desktop\stellarium\stellarium-0.15.1\builds\msvc2013\plugins\Observability\src
         if %errorlevel% neq 0 goto :cmEnd
         C:
         if %errorlevel% neq 0 goto :cmEnd
         "C:\Program Files\CMake\bin\cmake.exe" -E cmake_autogen C:/Users/VizLab/Desktop/stellarium/stellarium-0.15.1/builds/msvc2013/plugins/Observability/src/CMakeFiles/Observability-static_automoc.dir/ Debug
         if %errorlevel% neq 0 goto :cmEnd
         :cmEnd
         endlocal & call :cmErrorLevel %errorlevel% & goto :cmDone
         :cmErrorLevel
         exit /b %1
         :cmDone
         if %errorlevel% neq 0 goto :VCEnd
         :VCEnd
       CustomBuild:
         Building Custom Rule C:/Users/VizLab/Desktop/stellarium/stellarium-0.15.1/plugins/Observability/src/CMakeLists.txt
         CMake does not need to re-run because C:\Users\VizLab\Desktop\stellarium\stellarium-0.15.1\builds\msvc2013\plugins\Observability\src\CMakeFiles\generate.stamp is up-to-date.
         Generating qrc_Observability.cpp
         Generating ui_ObservabilityDialog.h
       ClCompile:
         C:\Program Files (x86)\Microsoft Visual Studio 12.0\VC\bin\x86_amd64\CL.exe /c /I"C:\Users\VizLab\Desktop\stellarium\stellarium-0.15.1\builds\msvc2013\plugins\Observability\src" /I"C:\Users\VizLab\Desktop\stellarium\stellarium-0.15.1\plugins\Observability\src" /IC:\Qt5\5.5\msvc2013_64\include /IC:\Qt5\5.5\msvc2013_64\include\QtScript /IC:\Qt5\5.5\msvc2013_64\include\QtCore /I"C:\Qt5\5.5\msvc2013_64\.\mkspecs\win32-msvc2013" /IC:\Qt5\5.5\msvc2013_64\include\QtMultimedia /IC:\Qt5\5.5\msvc2013_64\include\QtNetwork /IC:\Qt5\5.5\msvc2013_64\include\QtGui /IC:\Qt5\5.5\msvc2013_64\include\QtMultimediaWidgets /IC:\Qt5\5.5\msvc2013_64\include\QtWidgets /IC:\Qt5\5.5\msvc2013_64\include\QtTest /I"C:\Users\VizLab\Desktop\stellarium\stellarium-0.15.1\builds\msvc2013" /I"C:\Users\VizLab\Desktop\stellarium\stellarium-0.15.1\src" /I"C:\Users\VizLab\Desktop\stellarium\stellarium-0.15.1\src\core" /I"C:\Users\VizLab\Desktop\stellarium\stellarium-0.15.1\src\core\modules" /I"C:\Users\VizLab\Desktop\stellarium\stellarium-0.15.1\src\core\planetsephems" /I"C:\Users\VizLab\Desktop\stellarium\stellarium-0.15.1\src\core\external" /I"C:\Users\VizLab\Desktop\stellarium\stellarium-0.15.1\src\core\external\qtcompress" /I"C:\Users\VizLab\Desktop\stellarium\stellarium-0.15.1\src\core\external\qcustomplot" /I"C:\Users\VizLab\Desktop\stellarium\stellarium-0.15.1\src\core\external\glues_stel\source" /I"C:\Users\VizLab\Desktop\stellarium\stellarium-0.15.1\src\core\external\glues_stel\source\libtess" /I"C:\Users\VizLab\Desktop\stellarium\stellarium-0.15.1\src\gui" /I"C:\Users\VizLab\Desktop\stellarium\stellarium-0.15.1\src\scripting" /I"C:\Users\VizLab\Desktop\stellarium\stellarium-0.15.1\builds\msvc2013\src" /I"C:\Users\VizLab\Desktop\stellarium\stellarium-0.15.1\src\core\external\zlib" /I"C:\Users\VizLab\Desktop\stellarium\stellarium-0.15.1\plugins\Observability\src\." /I"C:\Users\VizLab\Desktop\stellarium\stellarium-0.15.1\plugins\Observability\src\gui" /I"C:\Users\VizLab\Desktop\stellarium\stellarium-0.15.1\builds\msvc2013\plugins\Observability\src\gui" /Zi /nologo /W3 /WX- /Od /Ob0 /D WIN32 /D _WINDOWS /D _DEBUG /D QT_STATICPLUGIN /D QT_CORE_LIB /D QT_NETWORK_LIB /D QT_WIDGETS_LIB /D QT_GUI_LIB /D STELLARIUM_MAJOR=0 /D STELLARIUM_MINOR=15 /D STELLARIUM_PATCH=1 /D "PACKAGE_VERSION=\"0.15.1\"" /D "COPYRIGHT_YEARS=\"2000-2016\"" /D STELLARIUM_RELEASE_BUILD /D QT_NO_DEBUG /D NDEBUG /D _USE_MATH_DEFINES /D NOMINMAX /D _WINSOCKAPI_ /D _CRT_SECURE_NO_WARNINGS /D ENABLE_NLS /D ENABLE_SPOUT /D ENABLE_SCRIPT_CONSOLE /D ENABLE_MEDIA /D "INSTALL_DATADIR=\".\"" /D "INSTALL_LOCALEDIR=\"./locale\"" /D QT_PLUGIN /D QT_DLL /D _REENTRANT /D "OBSERVABILITY_PLUGIN_VERSION=\"1.2.4\"" /D "CMAKE_INTDIR=\"Debug\"" /D _MBCS /Gm- /EHsc /RTC1 /MDd /GS /fp:precise /Zc:wchar_t /Zc:forScope /GR /Fo"x64\Debug\\" /Fd"x64\Debug\vc120.pdb" /Gd /TP /wd4244 /wd4005 /wd4101 /wd4996 /wd4305 /wd4805 /errorReport:prompt "C:\Users\VizLab\Desktop\stellarium\stellarium-0.15.1\plugins\Observability\src\Observability.cpp" "C:\Users\VizLab\Desktop\stellarium\stellarium-0.15.1\plugins\Observability\src\gui\ObservabilityDialog.cpp" "C:\Users\VizLab\Desktop\stellarium\stellarium-0.15.1\builds\msvc2013\plugins\Observability\src\qrc_Observability.cpp" "C:\Users\VizLab\Desktop\stellarium\stellarium-0.15.1\builds\msvc2013\plugins\Observability\src\Observability-static_automoc.cpp"
         Observability.cpp
         ObservabilityDialog.cpp
         qrc_Observability.cpp
         Observability-static_automoc.cpp
         Generating Code...
       Lib:
         C:\Program Files (x86)\Microsoft Visual Studio 12.0\VC\bin\x86_amd64\Lib.exe /OUT:"C:\Users\VizLab\Desktop\stellarium\stellarium-0.15.1\builds\msvc2013\x64\Debug\Observability.lib" /NOLOGO /MACHINE:X64  x64\Debug\Observability.obj
         x64\Debug\ObservabilityDialog.obj
         x64\Debug\qrc_Observability.obj
         "x64\Debug\Observability-static_automoc.obj"
         Observability-static.vcxproj -> C:\Users\VizLab\Desktop\stellarium\stellarium-0.15.1\builds\msvc2013\x64\Debug\Observability.lib
     1>Done Building Project "C:\Users\VizLab\Desktop\stellarium\stellarium-0.15.1\builds\msvc2013\plugins\Observability\src\Observability-static.vcxproj" (Build target(s)).

Build succeeded.

Time Elapsed 00:00:07.04
