c:\users\vizlab\desktop\stellarium\stellarium-0.15.1\builds\msvc2013\plugins\meteorshowers\src\x64\release\meteorshowers-static_automoc.obj
c:\users\vizlab\desktop\stellarium\stellarium-0.15.1\builds\msvc2013\plugins\meteorshowers\src\x64\release\qrc_meteorshower.obj
c:\users\vizlab\desktop\stellarium\stellarium-0.15.1\builds\msvc2013\plugins\meteorshowers\src\x64\release\mssearchdialog.obj
c:\users\vizlab\desktop\stellarium\stellarium-0.15.1\builds\msvc2013\plugins\meteorshowers\src\x64\release\msconfigdialog.obj
c:\users\vizlab\desktop\stellarium\stellarium-0.15.1\builds\msvc2013\plugins\meteorshowers\src\x64\release\meteorobj.obj
c:\users\vizlab\desktop\stellarium\stellarium-0.15.1\builds\msvc2013\plugins\meteorshowers\src\x64\release\meteorshowersmgr.obj
c:\users\vizlab\desktop\stellarium\stellarium-0.15.1\builds\msvc2013\plugins\meteorshowers\src\x64\release\meteorshowers.obj
c:\users\vizlab\desktop\stellarium\stellarium-0.15.1\builds\msvc2013\plugins\meteorshowers\src\x64\release\meteorshower.obj
c:\users\vizlab\desktop\stellarium\stellarium-0.15.1\builds\msvc2013\plugins\meteorshowers\src\cmakefiles\generate.stamp
c:\users\vizlab\desktop\stellarium\stellarium-0.15.1\builds\msvc2013\plugins\meteorshowers\src\qrc_meteorshower.cpp
c:\users\vizlab\desktop\stellarium\stellarium-0.15.1\builds\msvc2013\plugins\meteorshowers\src\ui_msconfigdialog.h
c:\users\vizlab\desktop\stellarium\stellarium-0.15.1\builds\msvc2013\plugins\meteorshowers\src\ui_mssearchdialog.h
c:\users\vizlab\desktop\stellarium\stellarium-0.15.1\builds\msvc2013\x64\release\meteorshowers.lib
c:\users\vizlab\desktop\stellarium\stellarium-0.15.1\builds\msvc2013\plugins\meteorshowers\src\x64\release\meteorsh.df573c33.tlog\cl.command.1.tlog
c:\users\vizlab\desktop\stellarium\stellarium-0.15.1\builds\msvc2013\plugins\meteorshowers\src\x64\release\meteorsh.df573c33.tlog\cl.read.1.tlog
c:\users\vizlab\desktop\stellarium\stellarium-0.15.1\builds\msvc2013\plugins\meteorshowers\src\x64\release\meteorsh.df573c33.tlog\cl.write.1.tlog
c:\users\vizlab\desktop\stellarium\stellarium-0.15.1\builds\msvc2013\plugins\meteorshowers\src\x64\release\meteorsh.df573c33.tlog\custombuild.command.1.tlog
c:\users\vizlab\desktop\stellarium\stellarium-0.15.1\builds\msvc2013\plugins\meteorshowers\src\x64\release\meteorsh.df573c33.tlog\custombuild.read.1.tlog
c:\users\vizlab\desktop\stellarium\stellarium-0.15.1\builds\msvc2013\plugins\meteorshowers\src\x64\release\meteorsh.df573c33.tlog\custombuild.write.1.tlog
c:\users\vizlab\desktop\stellarium\stellarium-0.15.1\builds\msvc2013\plugins\meteorshowers\src\x64\release\meteorsh.df573c33.tlog\lib-link.read.1.tlog
c:\users\vizlab\desktop\stellarium\stellarium-0.15.1\builds\msvc2013\plugins\meteorshowers\src\x64\release\meteorsh.df573c33.tlog\lib-link.write.1.tlog
c:\users\vizlab\desktop\stellarium\stellarium-0.15.1\builds\msvc2013\plugins\meteorshowers\src\x64\release\meteorsh.df573c33.tlog\lib.command.1.tlog
