c:\users\vizlab\desktop\stellarium\stellarium-0.15.1\builds\msvc2013\po\stellarium-skycultures\cmakefiles\generate.stamp
c:\users\vizlab\desktop\stellarium\stellarium-0.15.1\builds\msvc2013\translations\stellarium-skycultures\aa.qm
c:\users\vizlab\desktop\stellarium\stellarium-0.15.1\builds\msvc2013\translations\stellarium-skycultures\ab.qm
c:\users\vizlab\desktop\stellarium\stellarium-0.15.1\builds\msvc2013\translations\stellarium-skycultures\ae.qm
c:\users\vizlab\desktop\stellarium\stellarium-0.15.1\builds\msvc2013\translations\stellarium-skycultures\af.qm
c:\users\vizlab\desktop\stellarium\stellarium-0.15.1\builds\msvc2013\translations\stellarium-skycultures\ak.qm
c:\users\vizlab\desktop\stellarium\stellarium-0.15.1\builds\msvc2013\translations\stellarium-skycultures\am.qm
c:\users\vizlab\desktop\stellarium\stellarium-0.15.1\builds\msvc2013\translations\stellarium-skycultures\an.qm
c:\users\vizlab\desktop\stellarium\stellarium-0.15.1\builds\msvc2013\translations\stellarium-skycultures\ar.qm
c:\users\vizlab\desktop\stellarium\stellarium-0.15.1\builds\msvc2013\translations\stellarium-skycultures\as.qm
c:\users\vizlab\desktop\stellarium\stellarium-0.15.1\builds\msvc2013\translations\stellarium-skycultures\ast.qm
c:\users\vizlab\desktop\stellarium\stellarium-0.15.1\builds\msvc2013\translations\stellarium-skycultures\av.qm
c:\users\vizlab\desktop\stellarium\stellarium-0.15.1\builds\msvc2013\translations\stellarium-skycultures\az.qm
c:\users\vizlab\desktop\stellarium\stellarium-0.15.1\builds\msvc2013\translations\stellarium-skycultures\ba.qm
c:\users\vizlab\desktop\stellarium\stellarium-0.15.1\builds\msvc2013\translations\stellarium-skycultures\be.qm
c:\users\vizlab\desktop\stellarium\stellarium-0.15.1\builds\msvc2013\translations\stellarium-skycultures\bg.qm
c:\users\vizlab\desktop\stellarium\stellarium-0.15.1\builds\msvc2013\translations\stellarium-skycultures\bh.qm
c:\users\vizlab\desktop\stellarium\stellarium-0.15.1\builds\msvc2013\translations\stellarium-skycultures\bi.qm
c:\users\vizlab\desktop\stellarium\stellarium-0.15.1\builds\msvc2013\translations\stellarium-skycultures\bn.qm
c:\users\vizlab\desktop\stellarium\stellarium-0.15.1\builds\msvc2013\translations\stellarium-skycultures\bo.qm
c:\users\vizlab\desktop\stellarium\stellarium-0.15.1\builds\msvc2013\translations\stellarium-skycultures\br.qm
c:\users\vizlab\desktop\stellarium\stellarium-0.15.1\builds\msvc2013\translations\stellarium-skycultures\bs.qm
c:\users\vizlab\desktop\stellarium\stellarium-0.15.1\builds\msvc2013\translations\stellarium-skycultures\ca.qm
c:\users\vizlab\desktop\stellarium\stellarium-0.15.1\builds\msvc2013\translations\stellarium-skycultures\ce.qm
c:\users\vizlab\desktop\stellarium\stellarium-0.15.1\builds\msvc2013\translations\stellarium-skycultures\ckb.qm
c:\users\vizlab\desktop\stellarium\stellarium-0.15.1\builds\msvc2013\translations\stellarium-skycultures\cs.qm
c:\users\vizlab\desktop\stellarium\stellarium-0.15.1\builds\msvc2013\translations\stellarium-skycultures\csb.qm
c:\users\vizlab\desktop\stellarium\stellarium-0.15.1\builds\msvc2013\translations\stellarium-skycultures\cv.qm
c:\users\vizlab\desktop\stellarium\stellarium-0.15.1\builds\msvc2013\translations\stellarium-skycultures\cy.qm
c:\users\vizlab\desktop\stellarium\stellarium-0.15.1\builds\msvc2013\translations\stellarium-skycultures\da.qm
c:\users\vizlab\desktop\stellarium\stellarium-0.15.1\builds\msvc2013\translations\stellarium-skycultures\de.qm
c:\users\vizlab\desktop\stellarium\stellarium-0.15.1\builds\msvc2013\translations\stellarium-skycultures\dv.qm
c:\users\vizlab\desktop\stellarium\stellarium-0.15.1\builds\msvc2013\translations\stellarium-skycultures\el.qm
c:\users\vizlab\desktop\stellarium\stellarium-0.15.1\builds\msvc2013\translations\stellarium-skycultures\en.qm
c:\users\vizlab\desktop\stellarium\stellarium-0.15.1\builds\msvc2013\translations\stellarium-skycultures\en_au.qm
c:\users\vizlab\desktop\stellarium\stellarium-0.15.1\builds\msvc2013\translations\stellarium-skycultures\en_ca.qm
c:\users\vizlab\desktop\stellarium\stellarium-0.15.1\builds\msvc2013\translations\stellarium-skycultures\en_gb.qm
c:\users\vizlab\desktop\stellarium\stellarium-0.15.1\builds\msvc2013\translations\stellarium-skycultures\en_us.qm
c:\users\vizlab\desktop\stellarium\stellarium-0.15.1\builds\msvc2013\translations\stellarium-skycultures\eo.qm
c:\users\vizlab\desktop\stellarium\stellarium-0.15.1\builds\msvc2013\translations\stellarium-skycultures\es.qm
c:\users\vizlab\desktop\stellarium\stellarium-0.15.1\builds\msvc2013\translations\stellarium-skycultures\et.qm
c:\users\vizlab\desktop\stellarium\stellarium-0.15.1\builds\msvc2013\translations\stellarium-skycultures\eu.qm
c:\users\vizlab\desktop\stellarium\stellarium-0.15.1\builds\msvc2013\translations\stellarium-skycultures\fa.qm
c:\users\vizlab\desktop\stellarium\stellarium-0.15.1\builds\msvc2013\translations\stellarium-skycultures\fi.qm
c:\users\vizlab\desktop\stellarium\stellarium-0.15.1\builds\msvc2013\translations\stellarium-skycultures\fil.qm
c:\users\vizlab\desktop\stellarium\stellarium-0.15.1\builds\msvc2013\translations\stellarium-skycultures\fj.qm
c:\users\vizlab\desktop\stellarium\stellarium-0.15.1\builds\msvc2013\translations\stellarium-skycultures\fr.qm
c:\users\vizlab\desktop\stellarium\stellarium-0.15.1\builds\msvc2013\translations\stellarium-skycultures\fy.qm
c:\users\vizlab\desktop\stellarium\stellarium-0.15.1\builds\msvc2013\translations\stellarium-skycultures\ga.qm
c:\users\vizlab\desktop\stellarium\stellarium-0.15.1\builds\msvc2013\translations\stellarium-skycultures\gd.qm
c:\users\vizlab\desktop\stellarium\stellarium-0.15.1\builds\msvc2013\translations\stellarium-skycultures\gl.qm
c:\users\vizlab\desktop\stellarium\stellarium-0.15.1\builds\msvc2013\translations\stellarium-skycultures\gn.qm
c:\users\vizlab\desktop\stellarium\stellarium-0.15.1\builds\msvc2013\translations\stellarium-skycultures\gu.qm
c:\users\vizlab\desktop\stellarium\stellarium-0.15.1\builds\msvc2013\translations\stellarium-skycultures\gv.qm
c:\users\vizlab\desktop\stellarium\stellarium-0.15.1\builds\msvc2013\translations\stellarium-skycultures\haw.qm
c:\users\vizlab\desktop\stellarium\stellarium-0.15.1\builds\msvc2013\translations\stellarium-skycultures\he.qm
c:\users\vizlab\desktop\stellarium\stellarium-0.15.1\builds\msvc2013\translations\stellarium-skycultures\hi.qm
c:\users\vizlab\desktop\stellarium\stellarium-0.15.1\builds\msvc2013\translations\stellarium-skycultures\hne.qm
c:\users\vizlab\desktop\stellarium\stellarium-0.15.1\builds\msvc2013\translations\stellarium-skycultures\hr.qm
c:\users\vizlab\desktop\stellarium\stellarium-0.15.1\builds\msvc2013\translations\stellarium-skycultures\hrx.qm
c:\users\vizlab\desktop\stellarium\stellarium-0.15.1\builds\msvc2013\translations\stellarium-skycultures\ht.qm
c:\users\vizlab\desktop\stellarium\stellarium-0.15.1\builds\msvc2013\translations\stellarium-skycultures\hu.qm
c:\users\vizlab\desktop\stellarium\stellarium-0.15.1\builds\msvc2013\translations\stellarium-skycultures\hy.qm
c:\users\vizlab\desktop\stellarium\stellarium-0.15.1\builds\msvc2013\translations\stellarium-skycultures\ia.qm
c:\users\vizlab\desktop\stellarium\stellarium-0.15.1\builds\msvc2013\translations\stellarium-skycultures\id.qm
c:\users\vizlab\desktop\stellarium\stellarium-0.15.1\builds\msvc2013\translations\stellarium-skycultures\is.qm
c:\users\vizlab\desktop\stellarium\stellarium-0.15.1\builds\msvc2013\translations\stellarium-skycultures\it.qm
c:\users\vizlab\desktop\stellarium\stellarium-0.15.1\builds\msvc2013\translations\stellarium-skycultures\ja.qm
c:\users\vizlab\desktop\stellarium\stellarium-0.15.1\builds\msvc2013\translations\stellarium-skycultures\jv.qm
c:\users\vizlab\desktop\stellarium\stellarium-0.15.1\builds\msvc2013\translations\stellarium-skycultures\ka.qm
c:\users\vizlab\desktop\stellarium\stellarium-0.15.1\builds\msvc2013\translations\stellarium-skycultures\kg.qm
c:\users\vizlab\desktop\stellarium\stellarium-0.15.1\builds\msvc2013\translations\stellarium-skycultures\kk.qm
c:\users\vizlab\desktop\stellarium\stellarium-0.15.1\builds\msvc2013\translations\stellarium-skycultures\km.qm
c:\users\vizlab\desktop\stellarium\stellarium-0.15.1\builds\msvc2013\translations\stellarium-skycultures\kn.qm
c:\users\vizlab\desktop\stellarium\stellarium-0.15.1\builds\msvc2013\translations\stellarium-skycultures\ko.qm
c:\users\vizlab\desktop\stellarium\stellarium-0.15.1\builds\msvc2013\translations\stellarium-skycultures\ky.qm
c:\users\vizlab\desktop\stellarium\stellarium-0.15.1\builds\msvc2013\translations\stellarium-skycultures\la.qm
c:\users\vizlab\desktop\stellarium\stellarium-0.15.1\builds\msvc2013\translations\stellarium-skycultures\lb.qm
c:\users\vizlab\desktop\stellarium\stellarium-0.15.1\builds\msvc2013\translations\stellarium-skycultures\lo.qm
c:\users\vizlab\desktop\stellarium\stellarium-0.15.1\builds\msvc2013\translations\stellarium-skycultures\lt.qm
c:\users\vizlab\desktop\stellarium\stellarium-0.15.1\builds\msvc2013\translations\stellarium-skycultures\lv.qm
c:\users\vizlab\desktop\stellarium\stellarium-0.15.1\builds\msvc2013\translations\stellarium-skycultures\mai.qm
c:\users\vizlab\desktop\stellarium\stellarium-0.15.1\builds\msvc2013\translations\stellarium-skycultures\mi.qm
c:\users\vizlab\desktop\stellarium\stellarium-0.15.1\builds\msvc2013\translations\stellarium-skycultures\mk.qm
c:\users\vizlab\desktop\stellarium\stellarium-0.15.1\builds\msvc2013\translations\stellarium-skycultures\ml.qm
c:\users\vizlab\desktop\stellarium\stellarium-0.15.1\builds\msvc2013\translations\stellarium-skycultures\mn.qm
c:\users\vizlab\desktop\stellarium\stellarium-0.15.1\builds\msvc2013\translations\stellarium-skycultures\mo.qm
c:\users\vizlab\desktop\stellarium\stellarium-0.15.1\builds\msvc2013\translations\stellarium-skycultures\moc.qm
c:\users\vizlab\desktop\stellarium\stellarium-0.15.1\builds\msvc2013\translations\stellarium-skycultures\mr.qm
c:\users\vizlab\desktop\stellarium\stellarium-0.15.1\builds\msvc2013\translations\stellarium-skycultures\ms.qm
c:\users\vizlab\desktop\stellarium\stellarium-0.15.1\builds\msvc2013\translations\stellarium-skycultures\mt.qm
c:\users\vizlab\desktop\stellarium\stellarium-0.15.1\builds\msvc2013\translations\stellarium-skycultures\na.qm
c:\users\vizlab\desktop\stellarium\stellarium-0.15.1\builds\msvc2013\translations\stellarium-skycultures\nan.qm
c:\users\vizlab\desktop\stellarium\stellarium-0.15.1\builds\msvc2013\translations\stellarium-skycultures\nb.qm
c:\users\vizlab\desktop\stellarium\stellarium-0.15.1\builds\msvc2013\translations\stellarium-skycultures\nds.qm
c:\users\vizlab\desktop\stellarium\stellarium-0.15.1\builds\msvc2013\translations\stellarium-skycultures\ne.qm
c:\users\vizlab\desktop\stellarium\stellarium-0.15.1\builds\msvc2013\translations\stellarium-skycultures\nl.qm
c:\users\vizlab\desktop\stellarium\stellarium-0.15.1\builds\msvc2013\translations\stellarium-skycultures\nn.qm
c:\users\vizlab\desktop\stellarium\stellarium-0.15.1\builds\msvc2013\translations\stellarium-skycultures\oc.qm
c:\users\vizlab\desktop\stellarium\stellarium-0.15.1\builds\msvc2013\translations\stellarium-skycultures\oj.qm
c:\users\vizlab\desktop\stellarium\stellarium-0.15.1\builds\msvc2013\translations\stellarium-skycultures\os.qm
c:\users\vizlab\desktop\stellarium\stellarium-0.15.1\builds\msvc2013\translations\stellarium-skycultures\pa.qm
c:\users\vizlab\desktop\stellarium\stellarium-0.15.1\builds\msvc2013\translations\stellarium-skycultures\pl.qm
c:\users\vizlab\desktop\stellarium\stellarium-0.15.1\builds\msvc2013\translations\stellarium-skycultures\pt.qm
c:\users\vizlab\desktop\stellarium\stellarium-0.15.1\builds\msvc2013\translations\stellarium-skycultures\pt_br.qm
c:\users\vizlab\desktop\stellarium\stellarium-0.15.1\builds\msvc2013\translations\stellarium-skycultures\ro.qm
c:\users\vizlab\desktop\stellarium\stellarium-0.15.1\builds\msvc2013\translations\stellarium-skycultures\ru.qm
c:\users\vizlab\desktop\stellarium\stellarium-0.15.1\builds\msvc2013\translations\stellarium-skycultures\sah.qm
c:\users\vizlab\desktop\stellarium\stellarium-0.15.1\builds\msvc2013\translations\stellarium-skycultures\sc.qm
c:\users\vizlab\desktop\stellarium\stellarium-0.15.1\builds\msvc2013\translations\stellarium-skycultures\sco.qm
c:\users\vizlab\desktop\stellarium\stellarium-0.15.1\builds\msvc2013\translations\stellarium-skycultures\se.qm
c:\users\vizlab\desktop\stellarium\stellarium-0.15.1\builds\msvc2013\translations\stellarium-skycultures\si.qm
c:\users\vizlab\desktop\stellarium\stellarium-0.15.1\builds\msvc2013\translations\stellarium-skycultures\sk.qm
c:\users\vizlab\desktop\stellarium\stellarium-0.15.1\builds\msvc2013\translations\stellarium-skycultures\sl.qm
c:\users\vizlab\desktop\stellarium\stellarium-0.15.1\builds\msvc2013\translations\stellarium-skycultures\sm.qm
c:\users\vizlab\desktop\stellarium\stellarium-0.15.1\builds\msvc2013\translations\stellarium-skycultures\sq.qm
c:\users\vizlab\desktop\stellarium\stellarium-0.15.1\builds\msvc2013\translations\stellarium-skycultures\sr.qm
c:\users\vizlab\desktop\stellarium\stellarium-0.15.1\builds\msvc2013\translations\stellarium-skycultures\su.qm
c:\users\vizlab\desktop\stellarium\stellarium-0.15.1\builds\msvc2013\translations\stellarium-skycultures\sv.qm
c:\users\vizlab\desktop\stellarium\stellarium-0.15.1\builds\msvc2013\translations\stellarium-skycultures\sw.qm
c:\users\vizlab\desktop\stellarium\stellarium-0.15.1\builds\msvc2013\translations\stellarium-skycultures\ta.qm
c:\users\vizlab\desktop\stellarium\stellarium-0.15.1\builds\msvc2013\translations\stellarium-skycultures\te.qm
c:\users\vizlab\desktop\stellarium\stellarium-0.15.1\builds\msvc2013\translations\stellarium-skycultures\tg.qm
c:\users\vizlab\desktop\stellarium\stellarium-0.15.1\builds\msvc2013\translations\stellarium-skycultures\th.qm
c:\users\vizlab\desktop\stellarium\stellarium-0.15.1\builds\msvc2013\translations\stellarium-skycultures\tl.qm
c:\users\vizlab\desktop\stellarium\stellarium-0.15.1\builds\msvc2013\translations\stellarium-skycultures\tr.qm
c:\users\vizlab\desktop\stellarium\stellarium-0.15.1\builds\msvc2013\translations\stellarium-skycultures\tt.qm
c:\users\vizlab\desktop\stellarium\stellarium-0.15.1\builds\msvc2013\translations\stellarium-skycultures\ug.qm
c:\users\vizlab\desktop\stellarium\stellarium-0.15.1\builds\msvc2013\translations\stellarium-skycultures\uk.qm
c:\users\vizlab\desktop\stellarium\stellarium-0.15.1\builds\msvc2013\translations\stellarium-skycultures\uz.qm
c:\users\vizlab\desktop\stellarium\stellarium-0.15.1\builds\msvc2013\translations\stellarium-skycultures\vi.qm
c:\users\vizlab\desktop\stellarium\stellarium-0.15.1\builds\msvc2013\translations\stellarium-skycultures\wa.qm
c:\users\vizlab\desktop\stellarium\stellarium-0.15.1\builds\msvc2013\translations\stellarium-skycultures\xh.qm
c:\users\vizlab\desktop\stellarium\stellarium-0.15.1\builds\msvc2013\translations\stellarium-skycultures\zh.qm
c:\users\vizlab\desktop\stellarium\stellarium-0.15.1\builds\msvc2013\translations\stellarium-skycultures\zh_cn.qm
c:\users\vizlab\desktop\stellarium\stellarium-0.15.1\builds\msvc2013\translations\stellarium-skycultures\zh_hk.qm
c:\users\vizlab\desktop\stellarium\stellarium-0.15.1\builds\msvc2013\translations\stellarium-skycultures\zh_tw.qm
c:\users\vizlab\desktop\stellarium\stellarium-0.15.1\builds\msvc2013\translations\stellarium-skycultures\zu.qm
c:\users\vizlab\desktop\stellarium\stellarium-0.15.1\builds\msvc2013\po\stellarium-skycultures\cmakefiles\translations-stellarium-skycultures
c:\users\vizlab\desktop\stellarium\stellarium-0.15.1\builds\msvc2013\po\stellarium-skycultures\win32\debug\translations-stellarium-skycultures\translat.74e68a2f.tlog\custombuild.command.1.tlog
c:\users\vizlab\desktop\stellarium\stellarium-0.15.1\builds\msvc2013\po\stellarium-skycultures\win32\debug\translations-stellarium-skycultures\translat.74e68a2f.tlog\custombuild.read.1.tlog
c:\users\vizlab\desktop\stellarium\stellarium-0.15.1\builds\msvc2013\po\stellarium-skycultures\win32\debug\translations-stellarium-skycultures\translat.74e68a2f.tlog\custombuild.write.1.tlog
