c:\users\vizlab\desktop\stellarium\stellarium-0.15.1\builds\msvc2013\src\x64\release\stelmodule.obj
c:\users\vizlab\desktop\stellarium\stellarium-0.15.1\builds\msvc2013\src\x64\release\stellocalemgr.obj
c:\users\vizlab\desktop\stellarium\stellarium-0.15.1\builds\msvc2013\src\x64\release\stelfilemgr.obj
c:\users\vizlab\desktop\stellarium\stellarium-0.15.1\builds\msvc2013\src\x64\release\stelcore.obj
c:\users\vizlab\desktop\stellarium\stellarium-0.15.1\builds\msvc2013\src\x64\release\stelapp.obj
c:\users\vizlab\desktop\stellarium\stellarium-0.15.1\builds\msvc2013\src\x64\release\sphericmirrorcalculator.obj
c:\users\vizlab\desktop\stellarium\stellarium-0.15.1\builds\msvc2013\src\x64\release\stelskypolygon.obj
c:\users\vizlab\desktop\stellarium\stellarium-0.15.1\builds\msvc2013\src\x64\release\stelskyimagetile.obj
c:\users\vizlab\desktop\stellarium\stellarium-0.15.1\builds\msvc2013\src\x64\release\multileveljsonbase.obj
c:\users\vizlab\desktop\stellarium\stellarium-0.15.1\builds\msvc2013\src\x64\release\stelpainter.obj
c:\users\vizlab\desktop\stellarium\stellarium-0.15.1\builds\msvc2013\src\x64\release\stelskydrawer.obj
c:\users\vizlab\desktop\stellarium\stellarium-0.15.1\builds\msvc2013\src\x64\release\stelprojectorclasses.obj
c:\users\vizlab\desktop\stellarium\stellarium-0.15.1\builds\msvc2013\src\x64\release\stelprojector.obj
c:\users\vizlab\desktop\stellarium\stellarium-0.15.1\builds\msvc2013\src\x64\release\stellocationmgr.obj
c:\users\vizlab\desktop\stellarium\stellarium-0.15.1\builds\msvc2013\src\x64\release\stellocation.obj
c:\users\vizlab\desktop\stellarium\stellarium-0.15.1\builds\msvc2013\src\x64\release\stelobserver.obj
c:\users\vizlab\desktop\stellarium\stellarium-0.15.1\builds\msvc2013\src\x64\release\stelmovementmgr.obj
c:\users\vizlab\desktop\stellarium\stellarium-0.15.1\builds\msvc2013\src\x64\release\stelgeodesicgrid.obj
c:\users\vizlab\desktop\stellarium\stellarium-0.15.1\builds\msvc2013\src\x64\release\stelvideomgr.obj
c:\users\vizlab\desktop\stellarium\stellarium-0.15.1\builds\msvc2013\src\x64\release\stelaudiomgr.obj
c:\users\vizlab\desktop\stellarium\stellarium-0.15.1\builds\msvc2013\src\x64\release\stelvertexarray.obj
c:\users\vizlab\desktop\stellarium\stellarium-0.15.1\builds\msvc2013\src\x64\release\stelsphericalindex.obj
c:\users\vizlab\desktop\stellarium\stellarium-0.15.1\builds\msvc2013\src\x64\release\simbadsearcher.obj
c:\users\vizlab\desktop\stellarium\stellarium-0.15.1\builds\msvc2013\src\x64\release\steljsonparser.obj
c:\users\vizlab\desktop\stellarium\stellarium-0.15.1\builds\msvc2013\src\x64\release\steltranslator.obj
c:\users\vizlab\desktop\stellarium\stellarium-0.15.1\builds\msvc2013\src\x64\release\stelutils.obj
c:\users\vizlab\desktop\stellarium\stellarium-0.15.1\builds\msvc2013\src\x64\release\steliniparser.obj
c:\users\vizlab\desktop\stellarium\stellarium-0.15.1\builds\msvc2013\src\x64\release\octahedronpolygon.obj
c:\users\vizlab\desktop\stellarium\stellarium-0.15.1\builds\msvc2013\src\x64\release\stelspheregeometry.obj
c:\users\vizlab\desktop\stellarium\stellarium-0.15.1\builds\msvc2013\src\x64\release\stelskylayer.obj
c:\users\vizlab\desktop\stellarium\stellarium-0.15.1\builds\msvc2013\src\x64\release\stelskylayermgr.obj
c:\users\vizlab\desktop\stellarium\stellarium-0.15.1\builds\msvc2013\src\x64\release\steltonereproducer.obj
c:\users\vizlab\desktop\stellarium\stellarium-0.15.1\builds\msvc2013\src\x64\release\steltexture.obj
c:\users\vizlab\desktop\stellarium\stellarium-0.15.1\builds\msvc2013\src\x64\release\steltexturemgr.obj
c:\users\vizlab\desktop\stellarium\stellarium-0.15.1\builds\msvc2013\src\x64\release\stelskyculturemgr.obj
c:\users\vizlab\desktop\stellarium\stellarium-0.15.1\builds\msvc2013\src\x64\release\stelopengl.obj
c:\users\vizlab\desktop\stellarium\stellarium-0.15.1\builds\msvc2013\src\x64\release\stelobjectmodule.obj
c:\users\vizlab\desktop\stellarium\stellarium-0.15.1\builds\msvc2013\src\x64\release\stelobjectmgr.obj
c:\users\vizlab\desktop\stellarium\stellarium-0.15.1\builds\msvc2013\src\x64\release\stelobject.obj
c:\users\vizlab\desktop\stellarium\stellarium-0.15.1\builds\msvc2013\src\x64\release\stelmodulemgr.obj
c:\users\vizlab\desktop\stellarium\stellarium-0.15.1\builds\msvc2013\src\x64\release\labelmgr.obj
c:\users\vizlab\desktop\stellarium\stellarium-0.15.1\builds\msvc2013\src\x64\release\gridlinesmgr.obj
c:\users\vizlab\desktop\stellarium\stellarium-0.15.1\builds\msvc2013\src\x64\release\customobjectmgr.obj
c:\users\vizlab\desktop\stellarium\stellarium-0.15.1\builds\msvc2013\src\x64\release\customobject.obj
c:\users\vizlab\desktop\stellarium\stellarium-0.15.1\builds\msvc2013\src\x64\release\constellationmgr.obj
c:\users\vizlab\desktop\stellarium\stellarium-0.15.1\builds\msvc2013\src\x64\release\constellation.obj
c:\users\vizlab\desktop\stellarium\stellarium-0.15.1\builds\msvc2013\src\x64\release\atmosphere.obj
c:\users\vizlab\desktop\stellarium\stellarium-0.15.1\builds\msvc2013\src\x64\release\de431.obj
c:\users\vizlab\desktop\stellarium\stellarium-0.15.1\builds\msvc2013\src\x64\release\de430.obj
c:\users\vizlab\desktop\stellarium\stellarium-0.15.1\builds\msvc2013\src\x64\release\ephemwrapper.obj
c:\users\vizlab\desktop\stellarium\stellarium-0.15.1\builds\msvc2013\src\x64\release\jpleph.obj
c:\users\vizlab\desktop\stellarium\stellarium-0.15.1\builds\msvc2013\src\x64\release\spoutsender.obj
c:\users\vizlab\desktop\stellarium\stellarium-0.15.1\builds\msvc2013\src\x64\release\stelpropertymgr.obj
c:\users\vizlab\desktop\stellarium\stellarium-0.15.1\builds\msvc2013\src\x64\release\stelactionmgr.obj
c:\users\vizlab\desktop\stellarium\stellarium-0.15.1\builds\msvc2013\src\x64\release\steltoastgrid.obj
c:\users\vizlab\desktop\stellarium\stellarium-0.15.1\builds\msvc2013\src\x64\release\steltoast.obj
c:\users\vizlab\desktop\stellarium\stellarium-0.15.1\builds\msvc2013\src\x64\release\refractionextinction.obj
c:\users\vizlab\desktop\stellarium\stellarium-0.15.1\builds\msvc2013\src\x64\release\trailgroup.obj
c:\users\vizlab\desktop\stellarium\stellarium-0.15.1\builds\msvc2013\src\x64\release\stelviewporteffect.obj
c:\users\vizlab\desktop\stellarium\stellarium-0.15.1\builds\msvc2013\src\x64\release\stelguibase.obj
c:\users\vizlab\desktop\stellarium\stellarium-0.15.1\builds\msvc2013\src\x64\release\zonearray.obj
c:\users\vizlab\desktop\stellarium\stellarium-0.15.1\builds\msvc2013\src\x64\release\toastmgr.obj
c:\users\vizlab\desktop\stellarium\stellarium-0.15.1\builds\msvc2013\src\x64\release\starwrapper.obj
c:\users\vizlab\desktop\stellarium\stellarium-0.15.1\builds\msvc2013\src\x64\release\starmgr.obj
c:\users\vizlab\desktop\stellarium\stellarium-0.15.1\builds\msvc2013\src\x64\release\star.obj
c:\users\vizlab\desktop\stellarium\stellarium-0.15.1\builds\msvc2013\src\x64\release\solarsystem.obj
c:\users\vizlab\desktop\stellarium\stellarium-0.15.1\builds\msvc2013\src\x64\release\skylight.obj
c:\users\vizlab\desktop\stellarium\stellarium-0.15.1\builds\msvc2013\src\x64\release\skybright.obj
c:\users\vizlab\desktop\stellarium\stellarium-0.15.1\builds\msvc2013\src\x64\release\comet.obj
c:\users\vizlab\desktop\stellarium\stellarium-0.15.1\builds\msvc2013\src\x64\release\minorplanet.obj
c:\users\vizlab\desktop\stellarium\stellarium-0.15.1\builds\msvc2013\src\x64\release\planet.obj
c:\users\vizlab\desktop\stellarium\stellarium-0.15.1\builds\msvc2013\src\x64\release\orbit.obj
c:\users\vizlab\desktop\stellarium\stellarium-0.15.1\builds\msvc2013\src\x64\release\nebulamgr.obj
c:\users\vizlab\desktop\stellarium\stellarium-0.15.1\builds\msvc2013\src\x64\release\nebula.obj
c:\users\vizlab\desktop\stellarium\stellarium-0.15.1\builds\msvc2013\src\x64\release\milkyway.obj
c:\users\vizlab\desktop\stellarium\stellarium-0.15.1\builds\msvc2013\src\x64\release\sporadicmeteormgr.obj
c:\users\vizlab\desktop\stellarium\stellarium-0.15.1\builds\msvc2013\src\x64\release\sporadicmeteor.obj
c:\users\vizlab\desktop\stellarium\stellarium-0.15.1\builds\msvc2013\src\x64\release\meteor.obj
c:\users\vizlab\desktop\stellarium\stellarium-0.15.1\builds\msvc2013\src\x64\release\landscapemgr.obj
c:\users\vizlab\desktop\stellarium\stellarium-0.15.1\builds\msvc2013\src\x64\release\landscape.obj
c:\users\vizlab\desktop\stellarium\stellarium-0.15.1\builds\msvc2013\src\x64\release\anglespinbox.obj
c:\users\vizlab\desktop\stellarium\stellarium-0.15.1\builds\msvc2013\src\x64\release\maplabel.obj
c:\users\vizlab\desktop\stellarium\stellarium-0.15.1\builds\msvc2013\src\x64\release\dialog.obj
c:\users\vizlab\desktop\stellarium\stellarium-0.15.1\builds\msvc2013\src\x64\release\shortcutsdialog.obj
c:\users\vizlab\desktop\stellarium\stellarium-0.15.1\builds\msvc2013\src\x64\release\shortcutlineedit.obj
c:\users\vizlab\desktop\stellarium\stellarium-0.15.1\builds\msvc2013\src\x64\release\helpdialog.obj
c:\users\vizlab\desktop\stellarium\stellarium-0.15.1\builds\msvc2013\src\x64\release\stelguiitems.obj
c:\users\vizlab\desktop\stellarium\stellarium-0.15.1\builds\msvc2013\src\x64\release\skygui.obj
c:\users\vizlab\desktop\stellarium\stellarium-0.15.1\builds\msvc2013\src\x64\release\stelgui.obj
c:\users\vizlab\desktop\stellarium\stellarium-0.15.1\builds\msvc2013\src\x64\release\stelmainscriptapiproxy.obj
c:\users\vizlab\desktop\stellarium\stellarium-0.15.1\builds\msvc2013\src\x64\release\stelmainscriptapi.obj
c:\users\vizlab\desktop\stellarium\stellarium-0.15.1\builds\msvc2013\src\x64\release\screenimagemgr.obj
c:\users\vizlab\desktop\stellarium\stellarium-0.15.1\builds\msvc2013\src\x64\release\stelscriptmgr.obj
c:\users\vizlab\desktop\stellarium\stellarium-0.15.1\builds\msvc2013\src\x64\release\stelscriptoutput.obj
c:\users\vizlab\desktop\stellarium\stellarium-0.15.1\builds\msvc2013\src\x64\release\qcustomplot.obj
c:\users\vizlab\desktop\stellarium\stellarium-0.15.1\builds\msvc2013\src\x64\release\qzip.obj
c:\users\vizlab\desktop\stellarium\stellarium-0.15.1\builds\msvc2013\src\x64\release\cliprocessor.obj
c:\users\vizlab\desktop\stellarium\stellarium-0.15.1\builds\msvc2013\src\x64\release\stellogger.obj
c:\users\vizlab\desktop\stellarium\stellarium-0.15.1\builds\msvc2013\src\x64\release\stelmainview.obj
c:\users\vizlab\desktop\stellarium\stellarium-0.15.1\builds\msvc2013\src\x64\release\zodiacallight.obj
c:\users\vizlab\desktop\stellarium\stellarium-0.15.1\builds\msvc2013\src\x64\release\stellarium_automoc.obj
c:\users\vizlab\desktop\stellarium\stellarium-0.15.1\builds\msvc2013\src\x64\release\main.obj
c:\users\vizlab\desktop\stellarium\stellarium-0.15.1\builds\msvc2013\src\x64\release\qrc_mainres.obj
c:\users\vizlab\desktop\stellarium\stellarium-0.15.1\builds\msvc2013\src\x64\release\qrc_guires.obj
c:\users\vizlab\desktop\stellarium\stellarium-0.15.1\builds\msvc2013\src\x64\release\stelscriptsyntaxhighlighter.obj
c:\users\vizlab\desktop\stellarium\stellarium-0.15.1\builds\msvc2013\src\x64\release\scriptconsole.obj
c:\users\vizlab\desktop\stellarium\stellarium-0.15.1\builds\msvc2013\src\x64\release\steldialog.obj
c:\users\vizlab\desktop\stellarium\stellarium-0.15.1\builds\msvc2013\src\x64\release\bookmarksdialog.obj
c:\users\vizlab\desktop\stellarium\stellarium-0.15.1\builds\msvc2013\src\x64\release\astrocalcdialog.obj
c:\users\vizlab\desktop\stellarium\stellarium-0.15.1\builds\msvc2013\src\x64\release\customdeltatequationdialog.obj
c:\users\vizlab\desktop\stellarium\stellarium-0.15.1\builds\msvc2013\src\x64\release\greatredspotdialog.obj
c:\users\vizlab\desktop\stellarium\stellarium-0.15.1\builds\msvc2013\src\x64\release\configureorbitcolorsdialog.obj
c:\users\vizlab\desktop\stellarium\stellarium-0.15.1\builds\msvc2013\src\x64\release\configuredsocolorsdialog.obj
c:\users\vizlab\desktop\stellarium\stellarium-0.15.1\builds\msvc2013\src\x64\release\atmospheredialog.obj
c:\users\vizlab\desktop\stellarium\stellarium-0.15.1\builds\msvc2013\src\x64\release\addremovelandscapesdialog.obj
c:\users\vizlab\desktop\stellarium\stellarium-0.15.1\builds\msvc2013\src\x64\release\configurationdialog.obj
c:\users\vizlab\desktop\stellarium\stellarium-0.15.1\builds\msvc2013\src\x64\release\searchdialog.obj
c:\users\vizlab\desktop\stellarium\stellarium-0.15.1\builds\msvc2013\src\x64\release\viewdialog.obj
c:\users\vizlab\desktop\stellarium\stellarium-0.15.1\builds\msvc2013\src\x64\release\datetimedialog.obj
c:\users\vizlab\desktop\stellarium\stellarium-0.15.1\builds\msvc2013\src\x64\release\locationdialog.obj
c:\users\vizlab\desktop\stellarium\stellarium-0.15.1\builds\msvc2013\src\x64\release\sidereal_time.obj
c:\users\vizlab\desktop\stellarium\stellarium-0.15.1\builds\msvc2013\src\x64\release\precession.obj
c:\users\vizlab\desktop\stellarium\stellarium-0.15.1\builds\msvc2013\src\x64\release\pluto.obj
c:\users\vizlab\desktop\stellarium\stellarium-0.15.1\builds\msvc2013\src\x64\release\marssat.obj
c:\users\vizlab\desktop\stellarium\stellarium-0.15.1\builds\msvc2013\src\x64\release\l1.obj
c:\users\vizlab\desktop\stellarium\stellarium-0.15.1\builds\msvc2013\src\x64\release\gust86.obj
c:\users\vizlab\desktop\stellarium\stellarium-0.15.1\builds\msvc2013\src\x64\release\elp82b.obj
c:\users\vizlab\desktop\stellarium\stellarium-0.15.1\builds\msvc2013\src\x64\release\elliptic_to_rectangular.obj
c:\users\vizlab\desktop\stellarium\stellarium-0.15.1\builds\msvc2013\src\x64\release\calc_interpolated_elements.obj
c:\users\vizlab\desktop\stellarium\stellarium-0.15.1\builds\msvc2013\src\x64\release\tessmono.obj
c:\users\vizlab\desktop\stellarium\stellarium-0.15.1\builds\msvc2013\src\x64\release\tess.obj
c:\users\vizlab\desktop\stellarium\stellarium-0.15.1\builds\msvc2013\src\x64\release\sweep.obj
c:\users\vizlab\desktop\stellarium\stellarium-0.15.1\builds\msvc2013\src\x64\release\render.obj
c:\users\vizlab\desktop\stellarium\stellarium-0.15.1\builds\msvc2013\src\x64\release\priorityq.obj
c:\users\vizlab\desktop\stellarium\stellarium-0.15.1\builds\msvc2013\src\x64\release\normal.obj
c:\users\vizlab\desktop\stellarium\stellarium-0.15.1\builds\msvc2013\src\x64\release\mesh.obj
c:\users\vizlab\desktop\stellarium\stellarium-0.15.1\builds\msvc2013\src\x64\release\memalloc.obj
c:\users\vizlab\desktop\stellarium\stellarium-0.15.1\builds\msvc2013\src\x64\release\geom.obj
c:\users\vizlab\desktop\stellarium\stellarium-0.15.1\builds\msvc2013\src\x64\release\dict.obj
c:\users\vizlab\desktop\stellarium\stellarium-0.15.1\builds\msvc2013\src\x64\release\glues_error.obj
c:\users\vizlab\desktop\stellarium\stellarium-0.15.1\builds\msvc2013\src\x64\release\zutil.obj
c:\users\vizlab\desktop\stellarium\stellarium-0.15.1\builds\msvc2013\src\x64\release\uncompr.obj
c:\users\vizlab\desktop\stellarium\stellarium-0.15.1\builds\msvc2013\src\x64\release\trees.obj
c:\users\vizlab\desktop\stellarium\stellarium-0.15.1\builds\msvc2013\src\x64\release\inftrees.obj
c:\users\vizlab\desktop\stellarium\stellarium-0.15.1\builds\msvc2013\src\x64\release\inflate.obj
c:\users\vizlab\desktop\stellarium\stellarium-0.15.1\builds\msvc2013\src\x64\release\inffast.obj
c:\users\vizlab\desktop\stellarium\stellarium-0.15.1\builds\msvc2013\src\x64\release\infback.obj
c:\users\vizlab\desktop\stellarium\stellarium-0.15.1\builds\msvc2013\src\x64\release\gzwrite.obj
c:\users\vizlab\desktop\stellarium\stellarium-0.15.1\builds\msvc2013\src\x64\release\gzread.obj
c:\users\vizlab\desktop\stellarium\stellarium-0.15.1\builds\msvc2013\src\x64\release\gzlib.obj
c:\users\vizlab\desktop\stellarium\stellarium-0.15.1\builds\msvc2013\src\x64\release\gzclose.obj
c:\users\vizlab\desktop\stellarium\stellarium-0.15.1\builds\msvc2013\src\x64\release\deflate.obj
c:\users\vizlab\desktop\stellarium\stellarium-0.15.1\builds\msvc2013\src\x64\release\crc32.obj
c:\users\vizlab\desktop\stellarium\stellarium-0.15.1\builds\msvc2013\src\x64\release\compress.obj
c:\users\vizlab\desktop\stellarium\stellarium-0.15.1\builds\msvc2013\src\x64\release\adler32.obj
c:\users\vizlab\desktop\stellarium\stellarium-0.15.1\builds\msvc2013\src\x64\release\vsop87.obj
c:\users\vizlab\desktop\stellarium\stellarium-0.15.1\builds\msvc2013\src\x64\release\tass17.obj
c:\users\vizlab\desktop\stellarium\stellarium-0.15.1\builds\msvc2013\src\cmakefiles\generate.stamp
c:\users\vizlab\desktop\stellarium\stellarium-0.15.1\builds\msvc2013\src\ui_locationdialoggui.h
c:\users\vizlab\desktop\stellarium\stellarium-0.15.1\builds\msvc2013\src\ui_helpdialoggui.h
c:\users\vizlab\desktop\stellarium\stellarium-0.15.1\builds\msvc2013\src\ui_shortcutsdialog.h
c:\users\vizlab\desktop\stellarium\stellarium-0.15.1\builds\msvc2013\src\ui_datetimedialoggui.h
c:\users\vizlab\desktop\stellarium\stellarium-0.15.1\builds\msvc2013\src\ui_viewdialog.h
c:\users\vizlab\desktop\stellarium\stellarium-0.15.1\builds\msvc2013\src\ui_searchdialoggui.h
c:\users\vizlab\desktop\stellarium\stellarium-0.15.1\builds\msvc2013\src\ui_configurationdialog.h
c:\users\vizlab\desktop\stellarium\stellarium-0.15.1\builds\msvc2013\src\ui_atmospheredialog.h
c:\users\vizlab\desktop\stellarium\stellarium-0.15.1\builds\msvc2013\src\ui_greatredspotdialog.h
c:\users\vizlab\desktop\stellarium\stellarium-0.15.1\builds\msvc2013\src\ui_customdeltatequationdialog.h
c:\users\vizlab\desktop\stellarium\stellarium-0.15.1\builds\msvc2013\src\ui_astrocalcdialog.h
c:\users\vizlab\desktop\stellarium\stellarium-0.15.1\builds\msvc2013\src\ui_bookmarksdialog.h
c:\users\vizlab\desktop\stellarium\stellarium-0.15.1\builds\msvc2013\src\ui_addremovelandscapesdialog.h
c:\users\vizlab\desktop\stellarium\stellarium-0.15.1\builds\msvc2013\src\ui_dsocolorsdialog.h
c:\users\vizlab\desktop\stellarium\stellarium-0.15.1\builds\msvc2013\src\ui_orbitcolorsdialog.h
c:\users\vizlab\desktop\stellarium\stellarium-0.15.1\builds\msvc2013\src\ui_scriptconsole.h
c:\users\vizlab\desktop\stellarium\stellarium-0.15.1\builds\msvc2013\src\qrc_guires.cpp
c:\users\vizlab\desktop\stellarium\stellarium-0.15.1\builds\msvc2013\src\qrc_mainres.cpp
c:\users\vizlab\desktop\stellarium\stellarium-0.15.1\builds\msvc2013\src\x64\release\stellarium.res
c:\users\vizlab\desktop\stellarium\stellarium-0.15.1\builds\msvc2013\src\x64\release\stellarium.tlog\cl.command.1.tlog
c:\users\vizlab\desktop\stellarium\stellarium-0.15.1\builds\msvc2013\src\x64\release\stellarium.tlog\cl.read.1.tlog
c:\users\vizlab\desktop\stellarium\stellarium-0.15.1\builds\msvc2013\src\x64\release\stellarium.tlog\cl.write.1.tlog
c:\users\vizlab\desktop\stellarium\stellarium-0.15.1\builds\msvc2013\src\x64\release\stellarium.tlog\custombuild.command.1.tlog
c:\users\vizlab\desktop\stellarium\stellarium-0.15.1\builds\msvc2013\src\x64\release\stellarium.tlog\custombuild.read.1.tlog
c:\users\vizlab\desktop\stellarium\stellarium-0.15.1\builds\msvc2013\src\x64\release\stellarium.tlog\custombuild.write.1.tlog
c:\users\vizlab\desktop\stellarium\stellarium-0.15.1\builds\msvc2013\src\x64\release\stellarium.tlog\link.command.1.tlog
c:\users\vizlab\desktop\stellarium\stellarium-0.15.1\builds\msvc2013\src\x64\release\stellarium.tlog\link.read.1.tlog
c:\users\vizlab\desktop\stellarium\stellarium-0.15.1\builds\msvc2013\src\x64\release\stellarium.tlog\link.write.1.tlog
c:\users\vizlab\desktop\stellarium\stellarium-0.15.1\builds\msvc2013\src\x64\release\stellarium.tlog\rc.command.1.tlog
c:\users\vizlab\desktop\stellarium\stellarium-0.15.1\builds\msvc2013\src\x64\release\stellarium.tlog\rc.read.1.tlog
c:\users\vizlab\desktop\stellarium\stellarium-0.15.1\builds\msvc2013\src\x64\release\stellarium.tlog\rc.write.1.tlog
