Build started 1/25/2017 3:36:32 PM.
     1>Project "C:\Users\VizLab\Desktop\stellarium\stellarium-0.15.1\builds\msvc2013\src\stellarium.vcxproj" on node 3 (Build target(s)).
     1>PreBuildEvent:
         setlocal
         cd C:\Users\VizLab\Desktop\stellarium\stellarium-0.15.1\builds\msvc2013\src
         if %errorlevel% neq 0 goto :cmEnd
         C:
         if %errorlevel% neq 0 goto :cmEnd
         "C:\Program Files\CMake\bin\cmake.exe" -E cmake_autogen C:/Users/VizLab/Desktop/stellarium/stellarium-0.15.1/builds/msvc2013/src/CMakeFiles/stellarium_automoc.dir/ Release
         if %errorlevel% neq 0 goto :cmEnd
         :cmEnd
         endlocal & call :cmErrorLevel %errorlevel% & goto :cmDone
         :cmErrorLevel
         exit /b %1
         :cmDone
         if %errorlevel% neq 0 goto :VCEnd
         :VCEnd
       Link:
         C:\Program Files (x86)\Microsoft Visual Studio 12.0\VC\bin\x86_amd64\link.exe /ERRORREPORT:PROMPT /OUT:"C:\Users\VizLab\Desktop\stellarium\stellarium-0.15.1\builds\msvc2013\x64\Release\stellarium.exe" /INCREMENTAL:NO /NOLOGO kernel32.lib user32.lib gdi32.lib winspool.lib shell32.lib ole32.lib oleaut32.lib uuid.lib comdlg32.lib advapi32.lib ..\plugins\ArchaeoLines\src\Release\ArchaeoLines.lib ..\plugins\CompassMarks\src\Release\CompassMarks.lib ..\plugins\Exoplanets\src\Release\Exoplanets.lib ..\plugins\EquationOfTime\src\Release\EquationOfTime.lib ..\plugins\FOV\src\Release\FOV.lib ..\plugins\MeteorShowers\src\Release\MeteorShowers.lib ..\plugins\NavStars\src\Release\NavStars.lib ..\plugins\Novae\src\Release\Novae.lib ..\plugins\Observability\src\Release\Observability.lib ..\plugins\Oculars\src\Release\Oculars.lib ..\plugins\PointerCoordinates\src\Release\PointerCoordinates.lib ..\plugins\Pulsars\src\Release\Pulsars.lib ..\plugins\Quasars\src\Release\Quasars.lib ..\plugins\RemoteControl\src\Release\RemoteControl.lib ..\plugins\Satellites\src\Release\Satellites.lib ..\plugins\Scenery3d\src\Release\Scenery3d.lib ..\plugins\SolarSystemEditor\src\Release\SolarSystemEditor.lib ..\plugins\Supernovae\src\Release\Supernovae.lib ..\plugins\TextUserInterface\src\Release\TextUserInterface.lib ..\plugins\TelescopeControl\src\Release\TelescopeControl.lib ws2_32.lib C:\Qt5\5.5\msvc2013_64\lib\Qt5Concurrent.lib C:\Qt5\5.5\msvc2013_64\lib\Qt5OpenGL.lib C:\Qt5\5.5\msvc2013_64\lib\Qt5PrintSupport.lib C:\Qt5\5.5\msvc2013_64\lib\Qt5MultimediaWidgets.lib C:\Qt5\5.5\msvc2013_64\lib\Qt5Script.lib C:\Qt5\5.5\msvc2013_64\lib\Qt5SerialPort.lib ..\..\..\util\spout2\Win32\SpoutLibrary.lib C:\Qt5\5.5\msvc2013_64\lib\Qt5Multimedia.lib C:\Qt5\5.5\msvc2013_64\lib\Qt5Network.lib C:\Qt5\5.5\msvc2013_64\lib\Qt5Widgets.lib C:\Qt5\5.5\msvc2013_64\lib\Qt5Gui.lib C:\Qt5\5.5\msvc2013_64\lib\Qt5Core.lib /MANIFEST /MANIFESTUAC:"level='asInvoker' uiAccess='false'" /manifest:embed /PDB:"C:/Users/VizLab/Desktop/stellarium/stellarium-0.15.1/builds/msvc2013/src/Release/stellarium.pdb" /SUBSYSTEM:CONSOLE /TLBID:1 /DYNAMICBASE /NXCOMPAT /IMPLIB:"C:/Users/VizLab/Desktop/stellarium/stellarium-0.15.1/builds/msvc2013/src/Release/stellarium.lib" /MACHINE:X64  /machine:x64 x64\Release\stellarium.res
         x64\Release\StelAudioMgr.obj
         x64\Release\StelVideoMgr.obj
         x64\Release\StelGeodesicGrid.obj
         x64\Release\StelMovementMgr.obj
         x64\Release\StelObserver.obj
         x64\Release\StelLocation.obj
         x64\Release\StelLocationMgr.obj
         x64\Release\StelProjector.obj
         x64\Release\StelProjectorClasses.obj
         x64\Release\StelSkyDrawer.obj
         x64\Release\StelPainter.obj
         x64\Release\MultiLevelJsonBase.obj
         x64\Release\StelSkyImageTile.obj
         x64\Release\StelSkyPolygon.obj
         x64\Release\SphericMirrorCalculator.obj
         x64\Release\StelApp.obj
         x64\Release\StelCore.obj
         x64\Release\StelFileMgr.obj
         x64\Release\StelLocaleMgr.obj
         x64\Release\StelModule.obj
         x64\Release\StelModuleMgr.obj
         x64\Release\StelObject.obj
         x64\Release\StelObjectMgr.obj
         x64\Release\StelObjectModule.obj
         x64\Release\StelOpenGL.obj
         x64\Release\StelSkyCultureMgr.obj
         x64\Release\StelTextureMgr.obj
         x64\Release\StelTexture.obj
         x64\Release\StelToneReproducer.obj
         x64\Release\StelSkyLayerMgr.obj
         x64\Release\StelSkyLayer.obj
         x64\Release\StelSphereGeometry.obj
         x64\Release\OctahedronPolygon.obj
         x64\Release\StelIniParser.obj
         x64\Release\StelUtils.obj
         x64\Release\StelTranslator.obj
         x64\Release\StelJsonParser.obj
         x64\Release\SimbadSearcher.obj
         x64\Release\StelSphericalIndex.obj
         x64\Release\StelVertexArray.obj
         x64\Release\StelGuiBase.obj
         x64\Release\StelViewportEffect.obj
         x64\Release\TrailGroup.obj
         x64\Release\RefractionExtinction.obj
         x64\Release\StelToast.obj
         x64\Release\StelToastGrid.obj
         x64\Release\StelActionMgr.obj
         x64\Release\StelPropertyMgr.obj
         x64\Release\glues_error.obj
         x64\Release\dict.obj
         x64\Release\geom.obj
         x64\Release\memalloc.obj
         x64\Release\mesh.obj
         x64\Release\normal.obj
         x64\Release\priorityq.obj
         x64\Release\render.obj
         x64\Release\sweep.obj
         x64\Release\tess.obj
         x64\Release\tessmono.obj
         x64\Release\SpoutSender.obj
         x64\Release\calc_interpolated_elements.obj
         x64\Release\elliptic_to_rectangular.obj
         x64\Release\elp82b.obj
         x64\Release\gust86.obj
         x64\Release\l1.obj
         x64\Release\marssat.obj
         x64\Release\pluto.obj
         x64\Release\precession.obj
         x64\Release\sidereal_time.obj
         x64\Release\jpleph.obj
         x64\Release\EphemWrapper.obj
         x64\Release\tass17.obj
         x64\Release\vsop87.obj
         x64\Release\de430.obj
         x64\Release\de431.obj
         x64\Release\Atmosphere.obj
         x64\Release\Constellation.obj
         x64\Release\ConstellationMgr.obj
         x64\Release\CustomObject.obj
         x64\Release\CustomObjectMgr.obj
         x64\Release\GridLinesMgr.obj
         x64\Release\LabelMgr.obj
         x64\Release\Landscape.obj
         x64\Release\LandscapeMgr.obj
         x64\Release\Meteor.obj
         x64\Release\SporadicMeteor.obj
         x64\Release\SporadicMeteorMgr.obj
         x64\Release\MilkyWay.obj
         x64\Release\Nebula.obj
         x64\Release\NebulaMgr.obj
         x64\Release\Orbit.obj
         x64\Release\Planet.obj
         x64\Release\MinorPlanet.obj
         x64\Release\Comet.obj
         x64\Release\Skybright.obj
         x64\Release\Skylight.obj
         x64\Release\SolarSystem.obj
         x64\Release\Star.obj
         x64\Release\StarMgr.obj
         x64\Release\StarWrapper.obj
         x64\Release\ToastMgr.obj
         x64\Release\ZoneArray.obj
         x64\Release\ZodiacalLight.obj
         x64\Release\StelMainView.obj
         x64\Release\StelLogger.obj
         x64\Release\CLIProcessor.obj
         x64\Release\qzip.obj
         x64\Release\qcustomplot.obj
         x64\Release\StelScriptOutput.obj
         x64\Release\StelScriptMgr.obj
         x64\Release\ScreenImageMgr.obj
         x64\Release\StelMainScriptAPI.obj
         x64\Release\StelMainScriptAPIProxy.obj
         x64\Release\adler32.obj
         x64\Release\compress.obj
         x64\Release\crc32.obj
         x64\Release\deflate.obj
         x64\Release\gzclose.obj
         x64\Release\gzlib.obj
         x64\Release\gzread.obj
         x64\Release\gzwrite.obj
         x64\Release\infback.obj
         x64\Release\inffast.obj
         x64\Release\inflate.obj
         x64\Release\inftrees.obj
         x64\Release\trees.obj
         x64\Release\uncompr.obj
         x64\Release\zutil.obj
         x64\Release\StelGui.obj
         x64\Release\SkyGui.obj
         x64\Release\StelGuiItems.obj
         x64\Release\HelpDialog.obj
         x64\Release\ShortcutLineEdit.obj
         x64\Release\ShortcutsDialog.obj
         x64\Release\Dialog.obj
         x64\Release\MapLabel.obj
         x64\Release\AngleSpinBox.obj
         x64\Release\LocationDialog.obj
         x64\Release\DateTimeDialog.obj
         x64\Release\ViewDialog.obj
         x64\Release\SearchDialog.obj
         x64\Release\ConfigurationDialog.obj
         x64\Release\AddRemoveLandscapesDialog.obj
         x64\Release\AtmosphereDialog.obj
         x64\Release\ConfigureDSOColorsDialog.obj
         x64\Release\ConfigureOrbitColorsDialog.obj
         x64\Release\GreatRedSpotDialog.obj
         x64\Release\CustomDeltaTEquationDialog.obj
         x64\Release\AstroCalcDialog.obj
         x64\Release\BookmarksDialog.obj
         x64\Release\StelDialog.obj
         x64\Release\ScriptConsole.obj
         x64\Release\StelScriptSyntaxHighlighter.obj
         x64\Release\qrc_guiRes.obj
         x64\Release\qrc_mainRes.obj
         x64\Release\main.obj
         x64\Release\stellarium_automoc.obj
     1>LINK : fatal error LNK1181: cannot open input file '..\plugins\ArchaeoLines\src\Release\ArchaeoLines.lib'
     1>Done Building Project "C:\Users\VizLab\Desktop\stellarium\stellarium-0.15.1\builds\msvc2013\src\stellarium.vcxproj" (Build target(s)) -- FAILED.

Build FAILED.

Time Elapsed 00:00:01.18
