c:\users\vizlab\desktop\stellarium\stellarium-0.15.1\builds\msvc2013\cmakefiles\generate.stamp
c:\users\vizlab\desktop\stellarium\stellarium-0.15.1\builds\msvc2013\data\cmakefiles\generate.stamp
c:\users\vizlab\desktop\stellarium\stellarium-0.15.1\builds\msvc2013\src\cmakefiles\generate.stamp
c:\users\vizlab\desktop\stellarium\stellarium-0.15.1\builds\msvc2013\textures\cmakefiles\generate.stamp
c:\users\vizlab\desktop\stellarium\stellarium-0.15.1\builds\msvc2013\doc\cmakefiles\generate.stamp
c:\users\vizlab\desktop\stellarium\stellarium-0.15.1\builds\msvc2013\po\cmakefiles\generate.stamp
c:\users\vizlab\desktop\stellarium\stellarium-0.15.1\builds\msvc2013\po\stellarium\cmakefiles\generate.stamp
c:\users\vizlab\desktop\stellarium\stellarium-0.15.1\builds\msvc2013\po\stellarium-skycultures\cmakefiles\generate.stamp
c:\users\vizlab\desktop\stellarium\stellarium-0.15.1\builds\msvc2013\po\stellarium-remotecontrol\cmakefiles\generate.stamp
c:\users\vizlab\desktop\stellarium\stellarium-0.15.1\builds\msvc2013\landscapes\cmakefiles\generate.stamp
c:\users\vizlab\desktop\stellarium\stellarium-0.15.1\builds\msvc2013\landscapes\guereins\cmakefiles\generate.stamp
c:\users\vizlab\desktop\stellarium\stellarium-0.15.1\builds\msvc2013\landscapes\trees\cmakefiles\generate.stamp
c:\users\vizlab\desktop\stellarium\stellarium-0.15.1\builds\msvc2013\landscapes\moon\cmakefiles\generate.stamp
c:\users\vizlab\desktop\stellarium\stellarium-0.15.1\builds\msvc2013\landscapes\hurricane\cmakefiles\generate.stamp
c:\users\vizlab\desktop\stellarium\stellarium-0.15.1\builds\msvc2013\landscapes\ocean\cmakefiles\generate.stamp
c:\users\vizlab\desktop\stellarium\stellarium-0.15.1\builds\msvc2013\landscapes\garching\cmakefiles\generate.stamp
c:\users\vizlab\desktop\stellarium\stellarium-0.15.1\builds\msvc2013\landscapes\mars\cmakefiles\generate.stamp
c:\users\vizlab\desktop\stellarium\stellarium-0.15.1\builds\msvc2013\landscapes\jupiter\cmakefiles\generate.stamp
c:\users\vizlab\desktop\stellarium\stellarium-0.15.1\builds\msvc2013\landscapes\saturn\cmakefiles\generate.stamp
c:\users\vizlab\desktop\stellarium\stellarium-0.15.1\builds\msvc2013\landscapes\uranus\cmakefiles\generate.stamp
c:\users\vizlab\desktop\stellarium\stellarium-0.15.1\builds\msvc2013\landscapes\neptune\cmakefiles\generate.stamp
c:\users\vizlab\desktop\stellarium\stellarium-0.15.1\builds\msvc2013\landscapes\grossmugl\cmakefiles\generate.stamp
c:\users\vizlab\desktop\stellarium\stellarium-0.15.1\builds\msvc2013\landscapes\geneva\cmakefiles\generate.stamp
c:\users\vizlab\desktop\stellarium\stellarium-0.15.1\builds\msvc2013\landscapes\zero\cmakefiles\generate.stamp
c:\users\vizlab\desktop\stellarium\stellarium-0.15.1\builds\msvc2013\skycultures\cmakefiles\generate.stamp
c:\users\vizlab\desktop\stellarium\stellarium-0.15.1\builds\msvc2013\skycultures\arabic\cmakefiles\generate.stamp
c:\users\vizlab\desktop\stellarium\stellarium-0.15.1\builds\msvc2013\skycultures\arabic_moon_stations\cmakefiles\generate.stamp
c:\users\vizlab\desktop\stellarium\stellarium-0.15.1\builds\msvc2013\skycultures\aztec\cmakefiles\generate.stamp
c:\users\vizlab\desktop\stellarium\stellarium-0.15.1\builds\msvc2013\skycultures\boorong\cmakefiles\generate.stamp
c:\users\vizlab\desktop\stellarium\stellarium-0.15.1\builds\msvc2013\skycultures\chinese\cmakefiles\generate.stamp
c:\users\vizlab\desktop\stellarium\stellarium-0.15.1\builds\msvc2013\skycultures\dakota\cmakefiles\generate.stamp
c:\users\vizlab\desktop\stellarium\stellarium-0.15.1\builds\msvc2013\skycultures\egyptian\cmakefiles\generate.stamp
c:\users\vizlab\desktop\stellarium\stellarium-0.15.1\builds\msvc2013\skycultures\inuit\cmakefiles\generate.stamp
c:\users\vizlab\desktop\stellarium\stellarium-0.15.1\builds\msvc2013\skycultures\indian\cmakefiles\generate.stamp
c:\users\vizlab\desktop\stellarium\stellarium-0.15.1\builds\msvc2013\skycultures\japanese_moon_stations\cmakefiles\generate.stamp
c:\users\vizlab\desktop\stellarium\stellarium-0.15.1\builds\msvc2013\skycultures\kamilaroi\cmakefiles\generate.stamp
c:\users\vizlab\desktop\stellarium\stellarium-0.15.1\builds\msvc2013\skycultures\korean\cmakefiles\generate.stamp
c:\users\vizlab\desktop\stellarium\stellarium-0.15.1\builds\msvc2013\skycultures\macedonian\cmakefiles\generate.stamp
c:\users\vizlab\desktop\stellarium\stellarium-0.15.1\builds\msvc2013\skycultures\maori\cmakefiles\generate.stamp
c:\users\vizlab\desktop\stellarium\stellarium-0.15.1\builds\msvc2013\skycultures\mongolian\cmakefiles\generate.stamp
c:\users\vizlab\desktop\stellarium\stellarium-0.15.1\builds\msvc2013\skycultures\navajo\cmakefiles\generate.stamp
c:\users\vizlab\desktop\stellarium\stellarium-0.15.1\builds\msvc2013\skycultures\norse\cmakefiles\generate.stamp
c:\users\vizlab\desktop\stellarium\stellarium-0.15.1\builds\msvc2013\skycultures\ojibwe\cmakefiles\generate.stamp
c:\users\vizlab\desktop\stellarium\stellarium-0.15.1\builds\msvc2013\skycultures\polynesian\cmakefiles\generate.stamp
c:\users\vizlab\desktop\stellarium\stellarium-0.15.1\builds\msvc2013\skycultures\romanian\cmakefiles\generate.stamp
c:\users\vizlab\desktop\stellarium\stellarium-0.15.1\builds\msvc2013\skycultures\sami\cmakefiles\generate.stamp
c:\users\vizlab\desktop\stellarium\stellarium-0.15.1\builds\msvc2013\skycultures\sardinian\cmakefiles\generate.stamp
c:\users\vizlab\desktop\stellarium\stellarium-0.15.1\builds\msvc2013\skycultures\siberian\cmakefiles\generate.stamp
c:\users\vizlab\desktop\stellarium\stellarium-0.15.1\builds\msvc2013\skycultures\tongan\cmakefiles\generate.stamp
c:\users\vizlab\desktop\stellarium\stellarium-0.15.1\builds\msvc2013\skycultures\tukano\cmakefiles\generate.stamp
c:\users\vizlab\desktop\stellarium\stellarium-0.15.1\builds\msvc2013\skycultures\tupi\cmakefiles\generate.stamp
c:\users\vizlab\desktop\stellarium\stellarium-0.15.1\builds\msvc2013\skycultures\western\cmakefiles\generate.stamp
c:\users\vizlab\desktop\stellarium\stellarium-0.15.1\builds\msvc2013\skycultures\western_rey\cmakefiles\generate.stamp
c:\users\vizlab\desktop\stellarium\stellarium-0.15.1\builds\msvc2013\nebulae\cmakefiles\generate.stamp
c:\users\vizlab\desktop\stellarium\stellarium-0.15.1\builds\msvc2013\nebulae\default\cmakefiles\generate.stamp
c:\users\vizlab\desktop\stellarium\stellarium-0.15.1\builds\msvc2013\scripts\cmakefiles\generate.stamp
c:\users\vizlab\desktop\stellarium\stellarium-0.15.1\builds\msvc2013\scenery3d\cmakefiles\generate.stamp
c:\users\vizlab\desktop\stellarium\stellarium-0.15.1\builds\msvc2013\scenery3d\sterngarten\cmakefiles\generate.stamp
c:\users\vizlab\desktop\stellarium\stellarium-0.15.1\builds\msvc2013\scenery3d\sterngarten\sterngarten_wien_innerarea\cmakefiles\generate.stamp
c:\users\vizlab\desktop\stellarium\stellarium-0.15.1\builds\msvc2013\scenery3d\testscene\cmakefiles\generate.stamp
c:\users\vizlab\desktop\stellarium\stellarium-0.15.1\builds\msvc2013\scenery3d\testscene\tx_stellarium-testscene\cmakefiles\generate.stamp
c:\users\vizlab\desktop\stellarium\stellarium-0.15.1\builds\msvc2013\scenery3d\testscene\tx_stellarium-testscene_ground\cmakefiles\generate.stamp
c:\users\vizlab\desktop\stellarium\stellarium-0.15.1\builds\msvc2013\scenery3d\testscene\tx_stellarium-testscene_withgrid\cmakefiles\generate.stamp
c:\users\vizlab\desktop\stellarium\stellarium-0.15.1\builds\msvc2013\stars\cmakefiles\generate.stamp
c:\users\vizlab\desktop\stellarium\stellarium-0.15.1\builds\msvc2013\stars\default\cmakefiles\generate.stamp
c:\users\vizlab\desktop\stellarium\stellarium-0.15.1\builds\msvc2013\plugins\cmakefiles\generate.stamp
c:\users\vizlab\desktop\stellarium\stellarium-0.15.1\builds\msvc2013\plugins\archaeolines\cmakefiles\generate.stamp
c:\users\vizlab\desktop\stellarium\stellarium-0.15.1\builds\msvc2013\plugins\archaeolines\src\cmakefiles\generate.stamp
c:\users\vizlab\desktop\stellarium\stellarium-0.15.1\builds\msvc2013\plugins\compassmarks\cmakefiles\generate.stamp
c:\users\vizlab\desktop\stellarium\stellarium-0.15.1\builds\msvc2013\plugins\compassmarks\src\cmakefiles\generate.stamp
c:\users\vizlab\desktop\stellarium\stellarium-0.15.1\builds\msvc2013\plugins\exoplanets\cmakefiles\generate.stamp
c:\users\vizlab\desktop\stellarium\stellarium-0.15.1\builds\msvc2013\plugins\exoplanets\src\cmakefiles\generate.stamp
c:\users\vizlab\desktop\stellarium\stellarium-0.15.1\builds\msvc2013\plugins\equationoftime\cmakefiles\generate.stamp
c:\users\vizlab\desktop\stellarium\stellarium-0.15.1\builds\msvc2013\plugins\equationoftime\src\cmakefiles\generate.stamp
c:\users\vizlab\desktop\stellarium\stellarium-0.15.1\builds\msvc2013\plugins\fov\cmakefiles\generate.stamp
c:\users\vizlab\desktop\stellarium\stellarium-0.15.1\builds\msvc2013\plugins\fov\src\cmakefiles\generate.stamp
c:\users\vizlab\desktop\stellarium\stellarium-0.15.1\builds\msvc2013\plugins\meteorshowers\cmakefiles\generate.stamp
c:\users\vizlab\desktop\stellarium\stellarium-0.15.1\builds\msvc2013\plugins\meteorshowers\src\cmakefiles\generate.stamp
c:\users\vizlab\desktop\stellarium\stellarium-0.15.1\builds\msvc2013\plugins\navstars\cmakefiles\generate.stamp
c:\users\vizlab\desktop\stellarium\stellarium-0.15.1\builds\msvc2013\plugins\navstars\src\cmakefiles\generate.stamp
c:\users\vizlab\desktop\stellarium\stellarium-0.15.1\builds\msvc2013\plugins\novae\cmakefiles\generate.stamp
c:\users\vizlab\desktop\stellarium\stellarium-0.15.1\builds\msvc2013\plugins\novae\src\cmakefiles\generate.stamp
c:\users\vizlab\desktop\stellarium\stellarium-0.15.1\builds\msvc2013\plugins\observability\cmakefiles\generate.stamp
c:\users\vizlab\desktop\stellarium\stellarium-0.15.1\builds\msvc2013\plugins\observability\src\cmakefiles\generate.stamp
c:\users\vizlab\desktop\stellarium\stellarium-0.15.1\builds\msvc2013\plugins\oculars\cmakefiles\generate.stamp
c:\users\vizlab\desktop\stellarium\stellarium-0.15.1\builds\msvc2013\plugins\oculars\src\cmakefiles\generate.stamp
c:\users\vizlab\desktop\stellarium\stellarium-0.15.1\builds\msvc2013\plugins\pointercoordinates\cmakefiles\generate.stamp
c:\users\vizlab\desktop\stellarium\stellarium-0.15.1\builds\msvc2013\plugins\pointercoordinates\src\cmakefiles\generate.stamp
c:\users\vizlab\desktop\stellarium\stellarium-0.15.1\builds\msvc2013\plugins\pulsars\cmakefiles\generate.stamp
c:\users\vizlab\desktop\stellarium\stellarium-0.15.1\builds\msvc2013\plugins\pulsars\src\cmakefiles\generate.stamp
c:\users\vizlab\desktop\stellarium\stellarium-0.15.1\builds\msvc2013\plugins\quasars\cmakefiles\generate.stamp
c:\users\vizlab\desktop\stellarium\stellarium-0.15.1\builds\msvc2013\plugins\quasars\src\cmakefiles\generate.stamp
c:\users\vizlab\desktop\stellarium\stellarium-0.15.1\builds\msvc2013\plugins\remotecontrol\cmakefiles\generate.stamp
c:\users\vizlab\desktop\stellarium\stellarium-0.15.1\builds\msvc2013\plugins\remotecontrol\src\cmakefiles\generate.stamp
c:\users\vizlab\desktop\stellarium\stellarium-0.15.1\builds\msvc2013\plugins\satellites\cmakefiles\generate.stamp
c:\users\vizlab\desktop\stellarium\stellarium-0.15.1\builds\msvc2013\plugins\satellites\src\cmakefiles\generate.stamp
c:\users\vizlab\desktop\stellarium\stellarium-0.15.1\builds\msvc2013\plugins\scenery3d\cmakefiles\generate.stamp
c:\users\vizlab\desktop\stellarium\stellarium-0.15.1\builds\msvc2013\plugins\scenery3d\src\cmakefiles\generate.stamp
c:\users\vizlab\desktop\stellarium\stellarium-0.15.1\builds\msvc2013\plugins\solarsystemeditor\cmakefiles\generate.stamp
c:\users\vizlab\desktop\stellarium\stellarium-0.15.1\builds\msvc2013\plugins\solarsystemeditor\src\cmakefiles\generate.stamp
c:\users\vizlab\desktop\stellarium\stellarium-0.15.1\builds\msvc2013\plugins\supernovae\cmakefiles\generate.stamp
c:\users\vizlab\desktop\stellarium\stellarium-0.15.1\builds\msvc2013\plugins\supernovae\src\cmakefiles\generate.stamp
c:\users\vizlab\desktop\stellarium\stellarium-0.15.1\builds\msvc2013\plugins\textuserinterface\cmakefiles\generate.stamp
c:\users\vizlab\desktop\stellarium\stellarium-0.15.1\builds\msvc2013\plugins\textuserinterface\src\cmakefiles\generate.stamp
c:\users\vizlab\desktop\stellarium\stellarium-0.15.1\builds\msvc2013\plugins\telescopecontrol\cmakefiles\generate.stamp
c:\users\vizlab\desktop\stellarium\stellarium-0.15.1\builds\msvc2013\plugins\telescopecontrol\src\cmakefiles\generate.stamp
c:\users\vizlab\desktop\stellarium\stellarium-0.15.1\builds\msvc2013\win32\debug\zero_check\zero_check.tlog\custombuild.command.1.tlog
c:\users\vizlab\desktop\stellarium\stellarium-0.15.1\builds\msvc2013\win32\debug\zero_check\zero_check.tlog\custombuild.read.1.tlog
c:\users\vizlab\desktop\stellarium\stellarium-0.15.1\builds\msvc2013\win32\debug\zero_check\zero_check.tlog\custombuild.write.1.tlog
