Build started 1/25/2017 3:36:31 PM.
     1>Project "C:\Users\VizLab\Desktop\stellarium\stellarium-0.15.1\builds\msvc2013\plugins\TelescopeControl\src\TelescopeControl-static.vcxproj" on node 4 (Build target(s)).
     1>PreBuildEvent:
         setlocal
         cd C:\Users\VizLab\Desktop\stellarium\stellarium-0.15.1\builds\msvc2013\plugins\TelescopeControl\src
         if %errorlevel% neq 0 goto :cmEnd
         C:
         if %errorlevel% neq 0 goto :cmEnd
         "C:\Program Files\CMake\bin\cmake.exe" -E cmake_autogen C:/Users/VizLab/Desktop/stellarium/stellarium-0.15.1/builds/msvc2013/plugins/TelescopeControl/src/CMakeFiles/TelescopeControl-static_automoc.dir/ Release
         if %errorlevel% neq 0 goto :cmEnd
         :cmEnd
         endlocal & call :cmErrorLevel %errorlevel% & goto :cmDone
         :cmErrorLevel
         exit /b %1
         :cmDone
         if %errorlevel% neq 0 goto :VCEnd
         :VCEnd
       Lib:
         C:\Program Files (x86)\Microsoft Visual Studio 12.0\VC\bin\x86_amd64\Lib.exe /OUT:"C:\Users\VizLab\Desktop\stellarium\stellarium-0.15.1\builds\msvc2013\x64\Release\TelescopeControl.lib" /NOLOGO /MACHINE:X64  x64\Release\InterpolatedPosition.obj
         x64\Release\TelescopeClient.obj
         x64\Release\TelescopeClientDirectLx200.obj
         x64\Release\TelescopeClientDirectNexStar.obj
         x64\Release\TelescopeControl.obj
         x64\Release\SlewDialog.obj
         x64\Release\TelescopeDialog.obj
         x64\Release\TelescopeConfigurationDialog.obj
         x64\Release\StoredPointsDialog.obj
         x64\Release\LogFile.obj
         x64\Release\Socket.obj
         x64\Release\Server.obj
         x64\Release\Connection.obj
         x64\Release\SerialPort.obj
         x64\Release\Lx200Connection.obj
         x64\Release\Lx200Command.obj
         x64\Release\NexStarConnection.obj
         x64\Release\NexStarCommand.obj
         x64\Release\qrc_TelescopeControl.obj
         "x64\Release\TelescopeControl-static_automoc.obj"
         TelescopeControl-static.vcxproj -> C:\Users\VizLab\Desktop\stellarium\stellarium-0.15.1\builds\msvc2013\x64\Release\TelescopeControl.lib
     1>Done Building Project "C:\Users\VizLab\Desktop\stellarium\stellarium-0.15.1\builds\msvc2013\plugins\TelescopeControl\src\TelescopeControl-static.vcxproj" (Build target(s)).

Build succeeded.

Time Elapsed 00:00:00.37
