c:\users\vizlab\desktop\stellarium\stellarium-0.15.1\builds\msvc2013\plugins\telescopecontrol\src\x64\release\telescopecontrol-static_automoc.obj
c:\users\vizlab\desktop\stellarium\stellarium-0.15.1\builds\msvc2013\plugins\telescopecontrol\src\x64\release\qrc_telescopecontrol.obj
c:\users\vizlab\desktop\stellarium\stellarium-0.15.1\builds\msvc2013\plugins\telescopecontrol\src\x64\release\nexstarcommand.obj
c:\users\vizlab\desktop\stellarium\stellarium-0.15.1\builds\msvc2013\plugins\telescopecontrol\src\x64\release\nexstarconnection.obj
c:\users\vizlab\desktop\stellarium\stellarium-0.15.1\builds\msvc2013\plugins\telescopecontrol\src\x64\release\lx200command.obj
c:\users\vizlab\desktop\stellarium\stellarium-0.15.1\builds\msvc2013\plugins\telescopecontrol\src\x64\release\lx200connection.obj
c:\users\vizlab\desktop\stellarium\stellarium-0.15.1\builds\msvc2013\plugins\telescopecontrol\src\x64\release\serialport.obj
c:\users\vizlab\desktop\stellarium\stellarium-0.15.1\builds\msvc2013\plugins\telescopecontrol\src\x64\release\connection.obj
c:\users\vizlab\desktop\stellarium\stellarium-0.15.1\builds\msvc2013\plugins\telescopecontrol\src\x64\release\server.obj
c:\users\vizlab\desktop\stellarium\stellarium-0.15.1\builds\msvc2013\plugins\telescopecontrol\src\x64\release\socket.obj
c:\users\vizlab\desktop\stellarium\stellarium-0.15.1\builds\msvc2013\plugins\telescopecontrol\src\x64\release\logfile.obj
c:\users\vizlab\desktop\stellarium\stellarium-0.15.1\builds\msvc2013\plugins\telescopecontrol\src\x64\release\storedpointsdialog.obj
c:\users\vizlab\desktop\stellarium\stellarium-0.15.1\builds\msvc2013\plugins\telescopecontrol\src\x64\release\telescopeconfigurationdialog.obj
c:\users\vizlab\desktop\stellarium\stellarium-0.15.1\builds\msvc2013\plugins\telescopecontrol\src\x64\release\telescopedialog.obj
c:\users\vizlab\desktop\stellarium\stellarium-0.15.1\builds\msvc2013\plugins\telescopecontrol\src\x64\release\slewdialog.obj
c:\users\vizlab\desktop\stellarium\stellarium-0.15.1\builds\msvc2013\plugins\telescopecontrol\src\x64\release\telescopecontrol.obj
c:\users\vizlab\desktop\stellarium\stellarium-0.15.1\builds\msvc2013\plugins\telescopecontrol\src\x64\release\telescopeclientdirectnexstar.obj
c:\users\vizlab\desktop\stellarium\stellarium-0.15.1\builds\msvc2013\plugins\telescopecontrol\src\x64\release\telescopeclientdirectlx200.obj
c:\users\vizlab\desktop\stellarium\stellarium-0.15.1\builds\msvc2013\plugins\telescopecontrol\src\x64\release\telescopeclient.obj
c:\users\vizlab\desktop\stellarium\stellarium-0.15.1\builds\msvc2013\plugins\telescopecontrol\src\x64\release\interpolatedposition.obj
c:\users\vizlab\desktop\stellarium\stellarium-0.15.1\builds\msvc2013\plugins\telescopecontrol\src\cmakefiles\generate.stamp
c:\users\vizlab\desktop\stellarium\stellarium-0.15.1\builds\msvc2013\plugins\telescopecontrol\src\qrc_telescopecontrol.cpp
c:\users\vizlab\desktop\stellarium\stellarium-0.15.1\builds\msvc2013\plugins\telescopecontrol\src\ui_slewdialog.h
c:\users\vizlab\desktop\stellarium\stellarium-0.15.1\builds\msvc2013\plugins\telescopecontrol\src\ui_telescopedialog.h
c:\users\vizlab\desktop\stellarium\stellarium-0.15.1\builds\msvc2013\plugins\telescopecontrol\src\ui_telescopeconfigurationdialog.h
c:\users\vizlab\desktop\stellarium\stellarium-0.15.1\builds\msvc2013\plugins\telescopecontrol\src\ui_storedpointsdialog.h
c:\users\vizlab\desktop\stellarium\stellarium-0.15.1\builds\msvc2013\x64\release\telescopecontrol.lib
c:\users\vizlab\desktop\stellarium\stellarium-0.15.1\builds\msvc2013\plugins\telescopecontrol\src\x64\release\telescop.acd9f58b.tlog\cl.command.1.tlog
c:\users\vizlab\desktop\stellarium\stellarium-0.15.1\builds\msvc2013\plugins\telescopecontrol\src\x64\release\telescop.acd9f58b.tlog\cl.read.1.tlog
c:\users\vizlab\desktop\stellarium\stellarium-0.15.1\builds\msvc2013\plugins\telescopecontrol\src\x64\release\telescop.acd9f58b.tlog\cl.write.1.tlog
c:\users\vizlab\desktop\stellarium\stellarium-0.15.1\builds\msvc2013\plugins\telescopecontrol\src\x64\release\telescop.acd9f58b.tlog\custombuild.command.1.tlog
c:\users\vizlab\desktop\stellarium\stellarium-0.15.1\builds\msvc2013\plugins\telescopecontrol\src\x64\release\telescop.acd9f58b.tlog\custombuild.read.1.tlog
c:\users\vizlab\desktop\stellarium\stellarium-0.15.1\builds\msvc2013\plugins\telescopecontrol\src\x64\release\telescop.acd9f58b.tlog\custombuild.write.1.tlog
c:\users\vizlab\desktop\stellarium\stellarium-0.15.1\builds\msvc2013\plugins\telescopecontrol\src\x64\release\telescop.acd9f58b.tlog\lib-link.read.1.tlog
c:\users\vizlab\desktop\stellarium\stellarium-0.15.1\builds\msvc2013\plugins\telescopecontrol\src\x64\release\telescop.acd9f58b.tlog\lib-link.write.1.tlog
c:\users\vizlab\desktop\stellarium\stellarium-0.15.1\builds\msvc2013\plugins\telescopecontrol\src\x64\release\telescop.acd9f58b.tlog\lib.command.1.tlog
