c:\users\vizlab\desktop\stellarium\stellarium-0.15.1\builds\msvc2013\plugins\scenery3d\src\scenery3d-static.dir\debug\vc120.pdb
c:\users\vizlab\desktop\stellarium\stellarium-0.15.1\builds\msvc2013\plugins\scenery3d\src\scenery3d-static.dir\debug\storedviewdialog.obj
c:\users\vizlab\desktop\stellarium\stellarium-0.15.1\builds\msvc2013\plugins\scenery3d\src\scenery3d-static.dir\debug\scenery3ddialog.obj
c:\users\vizlab\desktop\stellarium\stellarium-0.15.1\builds\msvc2013\plugins\scenery3d\src\scenery3d-static.dir\debug\scenery3dmgr.obj
c:\users\vizlab\desktop\stellarium\stellarium-0.15.1\builds\msvc2013\plugins\scenery3d\src\scenery3d-static.dir\debug\qrc_scenery3d.obj
c:\users\vizlab\desktop\stellarium\stellarium-0.15.1\builds\msvc2013\plugins\scenery3d\src\scenery3d-static.dir\debug\scenery3d-static_automoc.obj
c:\users\vizlab\desktop\stellarium\stellarium-0.15.1\builds\msvc2013\plugins\scenery3d\src\scenery3d-static.dir\debug\heightmap.obj
c:\users\vizlab\desktop\stellarium\stellarium-0.15.1\builds\msvc2013\plugins\scenery3d\src\scenery3d-static.dir\debug\obj.obj
c:\users\vizlab\desktop\stellarium\stellarium-0.15.1\builds\msvc2013\plugins\scenery3d\src\scenery3d-static.dir\debug\shadermanager.obj
c:\users\vizlab\desktop\stellarium\stellarium-0.15.1\builds\msvc2013\plugins\scenery3d\src\scenery3d-static.dir\debug\scenery3d.obj
c:\users\vizlab\desktop\stellarium\stellarium-0.15.1\builds\msvc2013\plugins\scenery3d\src\scenery3d-static.dir\debug\sceneinfo.obj
c:\users\vizlab\desktop\stellarium\stellarium-0.15.1\builds\msvc2013\plugins\scenery3d\src\scenery3d-static.dir\debug\polyhedron.obj
c:\users\vizlab\desktop\stellarium\stellarium-0.15.1\builds\msvc2013\plugins\scenery3d\src\scenery3d-static.dir\debug\spolygon.obj
c:\users\vizlab\desktop\stellarium\stellarium-0.15.1\builds\msvc2013\plugins\scenery3d\src\scenery3d-static.dir\debug\plane.obj
c:\users\vizlab\desktop\stellarium\stellarium-0.15.1\builds\msvc2013\plugins\scenery3d\src\scenery3d-static.dir\debug\line.obj
c:\users\vizlab\desktop\stellarium\stellarium-0.15.1\builds\msvc2013\plugins\scenery3d\src\scenery3d-static.dir\debug\frustum.obj
c:\users\vizlab\desktop\stellarium\stellarium-0.15.1\builds\msvc2013\plugins\scenery3d\src\scenery3d-static.dir\debug\aabb.obj
c:\users\vizlab\desktop\stellarium\stellarium-0.15.1\builds\msvc2013\plugins\scenery3d\src\cmakefiles\generate.stamp
c:\users\vizlab\desktop\stellarium\stellarium-0.15.1\builds\msvc2013\plugins\scenery3d\src\qrc_scenery3d.cpp
c:\users\vizlab\desktop\stellarium\stellarium-0.15.1\builds\msvc2013\plugins\scenery3d\src\ui_scenery3ddialog.h
c:\users\vizlab\desktop\stellarium\stellarium-0.15.1\builds\msvc2013\plugins\scenery3d\src\ui_storedviewdialog.h
c:\users\vizlab\desktop\stellarium\stellarium-0.15.1\builds\msvc2013\plugins\scenery3d\src\debug\scenery3d.lib
c:\users\vizlab\desktop\stellarium\stellarium-0.15.1\builds\msvc2013\plugins\scenery3d\src\scenery3d-static.dir\debug\scenery3d-static.tlog\cl.command.1.tlog
c:\users\vizlab\desktop\stellarium\stellarium-0.15.1\builds\msvc2013\plugins\scenery3d\src\scenery3d-static.dir\debug\scenery3d-static.tlog\cl.read.1.tlog
c:\users\vizlab\desktop\stellarium\stellarium-0.15.1\builds\msvc2013\plugins\scenery3d\src\scenery3d-static.dir\debug\scenery3d-static.tlog\cl.write.1.tlog
c:\users\vizlab\desktop\stellarium\stellarium-0.15.1\builds\msvc2013\plugins\scenery3d\src\scenery3d-static.dir\debug\scenery3d-static.tlog\custombuild.command.1.tlog
c:\users\vizlab\desktop\stellarium\stellarium-0.15.1\builds\msvc2013\plugins\scenery3d\src\scenery3d-static.dir\debug\scenery3d-static.tlog\custombuild.read.1.tlog
c:\users\vizlab\desktop\stellarium\stellarium-0.15.1\builds\msvc2013\plugins\scenery3d\src\scenery3d-static.dir\debug\scenery3d-static.tlog\custombuild.write.1.tlog
c:\users\vizlab\desktop\stellarium\stellarium-0.15.1\builds\msvc2013\plugins\scenery3d\src\scenery3d-static.dir\debug\scenery3d-static.tlog\lib-link.read.1.tlog
c:\users\vizlab\desktop\stellarium\stellarium-0.15.1\builds\msvc2013\plugins\scenery3d\src\scenery3d-static.dir\debug\scenery3d-static.tlog\lib-link.write.1.tlog
c:\users\vizlab\desktop\stellarium\stellarium-0.15.1\builds\msvc2013\plugins\scenery3d\src\scenery3d-static.dir\debug\scenery3d-static.tlog\lib.command.1.tlog
