c:\users\vizlab\desktop\stellarium\stellarium-0.15.1\builds\msvc2013\po\stellarium\cmakefiles\generate.stamp
c:\users\vizlab\desktop\stellarium\stellarium-0.15.1\builds\msvc2013\translations\stellarium\aa.qm
c:\users\vizlab\desktop\stellarium\stellarium-0.15.1\builds\msvc2013\translations\stellarium\ab.qm
c:\users\vizlab\desktop\stellarium\stellarium-0.15.1\builds\msvc2013\translations\stellarium\ae.qm
c:\users\vizlab\desktop\stellarium\stellarium-0.15.1\builds\msvc2013\translations\stellarium\af.qm
c:\users\vizlab\desktop\stellarium\stellarium-0.15.1\builds\msvc2013\translations\stellarium\ak.qm
c:\users\vizlab\desktop\stellarium\stellarium-0.15.1\builds\msvc2013\translations\stellarium\am.qm
c:\users\vizlab\desktop\stellarium\stellarium-0.15.1\builds\msvc2013\translations\stellarium\an.qm
c:\users\vizlab\desktop\stellarium\stellarium-0.15.1\builds\msvc2013\translations\stellarium\ar.qm
c:\users\vizlab\desktop\stellarium\stellarium-0.15.1\builds\msvc2013\translations\stellarium\as.qm
c:\users\vizlab\desktop\stellarium\stellarium-0.15.1\builds\msvc2013\translations\stellarium\ast.qm
c:\users\vizlab\desktop\stellarium\stellarium-0.15.1\builds\msvc2013\translations\stellarium\av.qm
c:\users\vizlab\desktop\stellarium\stellarium-0.15.1\builds\msvc2013\translations\stellarium\az.qm
c:\users\vizlab\desktop\stellarium\stellarium-0.15.1\builds\msvc2013\translations\stellarium\ba.qm
c:\users\vizlab\desktop\stellarium\stellarium-0.15.1\builds\msvc2013\translations\stellarium\be.qm
c:\users\vizlab\desktop\stellarium\stellarium-0.15.1\builds\msvc2013\translations\stellarium\ber.qm
c:\users\vizlab\desktop\stellarium\stellarium-0.15.1\builds\msvc2013\translations\stellarium\bg.qm
c:\users\vizlab\desktop\stellarium\stellarium-0.15.1\builds\msvc2013\translations\stellarium\bh.qm
c:\users\vizlab\desktop\stellarium\stellarium-0.15.1\builds\msvc2013\translations\stellarium\bi.qm
c:\users\vizlab\desktop\stellarium\stellarium-0.15.1\builds\msvc2013\translations\stellarium\bn.qm
c:\users\vizlab\desktop\stellarium\stellarium-0.15.1\builds\msvc2013\translations\stellarium\bo.qm
c:\users\vizlab\desktop\stellarium\stellarium-0.15.1\builds\msvc2013\translations\stellarium\br.qm
c:\users\vizlab\desktop\stellarium\stellarium-0.15.1\builds\msvc2013\translations\stellarium\bs.qm
c:\users\vizlab\desktop\stellarium\stellarium-0.15.1\builds\msvc2013\translations\stellarium\ca.qm
c:\users\vizlab\desktop\stellarium\stellarium-0.15.1\builds\msvc2013\translations\stellarium\ce.qm
c:\users\vizlab\desktop\stellarium\stellarium-0.15.1\builds\msvc2013\translations\stellarium\ckb.qm
c:\users\vizlab\desktop\stellarium\stellarium-0.15.1\builds\msvc2013\translations\stellarium\cs.qm
c:\users\vizlab\desktop\stellarium\stellarium-0.15.1\builds\msvc2013\translations\stellarium\csb.qm
c:\users\vizlab\desktop\stellarium\stellarium-0.15.1\builds\msvc2013\translations\stellarium\cv.qm
c:\users\vizlab\desktop\stellarium\stellarium-0.15.1\builds\msvc2013\translations\stellarium\cy.qm
c:\users\vizlab\desktop\stellarium\stellarium-0.15.1\builds\msvc2013\translations\stellarium\da.qm
c:\users\vizlab\desktop\stellarium\stellarium-0.15.1\builds\msvc2013\translations\stellarium\de.qm
c:\users\vizlab\desktop\stellarium\stellarium-0.15.1\builds\msvc2013\translations\stellarium\dv.qm
c:\users\vizlab\desktop\stellarium\stellarium-0.15.1\builds\msvc2013\translations\stellarium\el.qm
c:\users\vizlab\desktop\stellarium\stellarium-0.15.1\builds\msvc2013\translations\stellarium\en.qm
c:\users\vizlab\desktop\stellarium\stellarium-0.15.1\builds\msvc2013\translations\stellarium\en_au.qm
c:\users\vizlab\desktop\stellarium\stellarium-0.15.1\builds\msvc2013\translations\stellarium\en_ca.qm
c:\users\vizlab\desktop\stellarium\stellarium-0.15.1\builds\msvc2013\translations\stellarium\en_gb.qm
c:\users\vizlab\desktop\stellarium\stellarium-0.15.1\builds\msvc2013\translations\stellarium\en_us.qm
c:\users\vizlab\desktop\stellarium\stellarium-0.15.1\builds\msvc2013\translations\stellarium\eo.qm
c:\users\vizlab\desktop\stellarium\stellarium-0.15.1\builds\msvc2013\translations\stellarium\es.qm
c:\users\vizlab\desktop\stellarium\stellarium-0.15.1\builds\msvc2013\translations\stellarium\et.qm
c:\users\vizlab\desktop\stellarium\stellarium-0.15.1\builds\msvc2013\translations\stellarium\eu.qm
c:\users\vizlab\desktop\stellarium\stellarium-0.15.1\builds\msvc2013\translations\stellarium\fa.qm
c:\users\vizlab\desktop\stellarium\stellarium-0.15.1\builds\msvc2013\translations\stellarium\fi.qm
c:\users\vizlab\desktop\stellarium\stellarium-0.15.1\builds\msvc2013\translations\stellarium\fil.qm
c:\users\vizlab\desktop\stellarium\stellarium-0.15.1\builds\msvc2013\translations\stellarium\fj.qm
c:\users\vizlab\desktop\stellarium\stellarium-0.15.1\builds\msvc2013\translations\stellarium\fr.qm
c:\users\vizlab\desktop\stellarium\stellarium-0.15.1\builds\msvc2013\translations\stellarium\fy.qm
c:\users\vizlab\desktop\stellarium\stellarium-0.15.1\builds\msvc2013\translations\stellarium\ga.qm
c:\users\vizlab\desktop\stellarium\stellarium-0.15.1\builds\msvc2013\translations\stellarium\gd.qm
c:\users\vizlab\desktop\stellarium\stellarium-0.15.1\builds\msvc2013\translations\stellarium\gl.qm
c:\users\vizlab\desktop\stellarium\stellarium-0.15.1\builds\msvc2013\translations\stellarium\gn.qm
c:\users\vizlab\desktop\stellarium\stellarium-0.15.1\builds\msvc2013\translations\stellarium\gu.qm
c:\users\vizlab\desktop\stellarium\stellarium-0.15.1\builds\msvc2013\translations\stellarium\gv.qm
c:\users\vizlab\desktop\stellarium\stellarium-0.15.1\builds\msvc2013\translations\stellarium\haw.qm
c:\users\vizlab\desktop\stellarium\stellarium-0.15.1\builds\msvc2013\translations\stellarium\he.qm
c:\users\vizlab\desktop\stellarium\stellarium-0.15.1\builds\msvc2013\translations\stellarium\hi.qm
c:\users\vizlab\desktop\stellarium\stellarium-0.15.1\builds\msvc2013\translations\stellarium\hne.qm
c:\users\vizlab\desktop\stellarium\stellarium-0.15.1\builds\msvc2013\translations\stellarium\hr.qm
c:\users\vizlab\desktop\stellarium\stellarium-0.15.1\builds\msvc2013\translations\stellarium\hrx.qm
c:\users\vizlab\desktop\stellarium\stellarium-0.15.1\builds\msvc2013\translations\stellarium\ht.qm
c:\users\vizlab\desktop\stellarium\stellarium-0.15.1\builds\msvc2013\translations\stellarium\hu.qm
c:\users\vizlab\desktop\stellarium\stellarium-0.15.1\builds\msvc2013\translations\stellarium\hy.qm
c:\users\vizlab\desktop\stellarium\stellarium-0.15.1\builds\msvc2013\translations\stellarium\ia.qm
c:\users\vizlab\desktop\stellarium\stellarium-0.15.1\builds\msvc2013\translations\stellarium\id.qm
c:\users\vizlab\desktop\stellarium\stellarium-0.15.1\builds\msvc2013\translations\stellarium\is.qm
c:\users\vizlab\desktop\stellarium\stellarium-0.15.1\builds\msvc2013\translations\stellarium\it.qm
c:\users\vizlab\desktop\stellarium\stellarium-0.15.1\builds\msvc2013\translations\stellarium\ja.qm
c:\users\vizlab\desktop\stellarium\stellarium-0.15.1\builds\msvc2013\translations\stellarium\jv.qm
c:\users\vizlab\desktop\stellarium\stellarium-0.15.1\builds\msvc2013\translations\stellarium\ka.qm
c:\users\vizlab\desktop\stellarium\stellarium-0.15.1\builds\msvc2013\translations\stellarium\kg.qm
c:\users\vizlab\desktop\stellarium\stellarium-0.15.1\builds\msvc2013\translations\stellarium\kk.qm
c:\users\vizlab\desktop\stellarium\stellarium-0.15.1\builds\msvc2013\translations\stellarium\km.qm
c:\users\vizlab\desktop\stellarium\stellarium-0.15.1\builds\msvc2013\translations\stellarium\kn.qm
c:\users\vizlab\desktop\stellarium\stellarium-0.15.1\builds\msvc2013\translations\stellarium\ko.qm
c:\users\vizlab\desktop\stellarium\stellarium-0.15.1\builds\msvc2013\translations\stellarium\ky.qm
c:\users\vizlab\desktop\stellarium\stellarium-0.15.1\builds\msvc2013\translations\stellarium\la.qm
c:\users\vizlab\desktop\stellarium\stellarium-0.15.1\builds\msvc2013\translations\stellarium\lb.qm
c:\users\vizlab\desktop\stellarium\stellarium-0.15.1\builds\msvc2013\translations\stellarium\lo.qm
c:\users\vizlab\desktop\stellarium\stellarium-0.15.1\builds\msvc2013\translations\stellarium\lt.qm
c:\users\vizlab\desktop\stellarium\stellarium-0.15.1\builds\msvc2013\translations\stellarium\lv.qm
c:\users\vizlab\desktop\stellarium\stellarium-0.15.1\builds\msvc2013\translations\stellarium\mai.qm
c:\users\vizlab\desktop\stellarium\stellarium-0.15.1\builds\msvc2013\translations\stellarium\mi.qm
c:\users\vizlab\desktop\stellarium\stellarium-0.15.1\builds\msvc2013\translations\stellarium\mk.qm
c:\users\vizlab\desktop\stellarium\stellarium-0.15.1\builds\msvc2013\translations\stellarium\ml.qm
c:\users\vizlab\desktop\stellarium\stellarium-0.15.1\builds\msvc2013\translations\stellarium\mn.qm
c:\users\vizlab\desktop\stellarium\stellarium-0.15.1\builds\msvc2013\translations\stellarium\mo.qm
c:\users\vizlab\desktop\stellarium\stellarium-0.15.1\builds\msvc2013\translations\stellarium\mr.qm
c:\users\vizlab\desktop\stellarium\stellarium-0.15.1\builds\msvc2013\translations\stellarium\ms.qm
c:\users\vizlab\desktop\stellarium\stellarium-0.15.1\builds\msvc2013\translations\stellarium\mt.qm
c:\users\vizlab\desktop\stellarium\stellarium-0.15.1\builds\msvc2013\translations\stellarium\na.qm
c:\users\vizlab\desktop\stellarium\stellarium-0.15.1\builds\msvc2013\translations\stellarium\nan.qm
c:\users\vizlab\desktop\stellarium\stellarium-0.15.1\builds\msvc2013\translations\stellarium\nb.qm
c:\users\vizlab\desktop\stellarium\stellarium-0.15.1\builds\msvc2013\translations\stellarium\nds.qm
c:\users\vizlab\desktop\stellarium\stellarium-0.15.1\builds\msvc2013\translations\stellarium\ne.qm
c:\users\vizlab\desktop\stellarium\stellarium-0.15.1\builds\msvc2013\translations\stellarium\nl.qm
c:\users\vizlab\desktop\stellarium\stellarium-0.15.1\builds\msvc2013\translations\stellarium\nn.qm
c:\users\vizlab\desktop\stellarium\stellarium-0.15.1\builds\msvc2013\translations\stellarium\oc.qm
c:\users\vizlab\desktop\stellarium\stellarium-0.15.1\builds\msvc2013\translations\stellarium\oj.qm
c:\users\vizlab\desktop\stellarium\stellarium-0.15.1\builds\msvc2013\translations\stellarium\os.qm
c:\users\vizlab\desktop\stellarium\stellarium-0.15.1\builds\msvc2013\translations\stellarium\pa.qm
c:\users\vizlab\desktop\stellarium\stellarium-0.15.1\builds\msvc2013\translations\stellarium\pl.qm
c:\users\vizlab\desktop\stellarium\stellarium-0.15.1\builds\msvc2013\translations\stellarium\pt.qm
c:\users\vizlab\desktop\stellarium\stellarium-0.15.1\builds\msvc2013\translations\stellarium\pt_br.qm
c:\users\vizlab\desktop\stellarium\stellarium-0.15.1\builds\msvc2013\translations\stellarium\ro.qm
c:\users\vizlab\desktop\stellarium\stellarium-0.15.1\builds\msvc2013\translations\stellarium\ru.qm
c:\users\vizlab\desktop\stellarium\stellarium-0.15.1\builds\msvc2013\translations\stellarium\sah.qm
c:\users\vizlab\desktop\stellarium\stellarium-0.15.1\builds\msvc2013\translations\stellarium\sc.qm
c:\users\vizlab\desktop\stellarium\stellarium-0.15.1\builds\msvc2013\translations\stellarium\sco.qm
c:\users\vizlab\desktop\stellarium\stellarium-0.15.1\builds\msvc2013\translations\stellarium\se.qm
c:\users\vizlab\desktop\stellarium\stellarium-0.15.1\builds\msvc2013\translations\stellarium\si.qm
c:\users\vizlab\desktop\stellarium\stellarium-0.15.1\builds\msvc2013\translations\stellarium\sk.qm
c:\users\vizlab\desktop\stellarium\stellarium-0.15.1\builds\msvc2013\translations\stellarium\sl.qm
c:\users\vizlab\desktop\stellarium\stellarium-0.15.1\builds\msvc2013\translations\stellarium\sm.qm
c:\users\vizlab\desktop\stellarium\stellarium-0.15.1\builds\msvc2013\translations\stellarium\sq.qm
c:\users\vizlab\desktop\stellarium\stellarium-0.15.1\builds\msvc2013\translations\stellarium\sr.qm
c:\users\vizlab\desktop\stellarium\stellarium-0.15.1\builds\msvc2013\translations\stellarium\su.qm
c:\users\vizlab\desktop\stellarium\stellarium-0.15.1\builds\msvc2013\translations\stellarium\sv.qm
c:\users\vizlab\desktop\stellarium\stellarium-0.15.1\builds\msvc2013\translations\stellarium\sw.qm
c:\users\vizlab\desktop\stellarium\stellarium-0.15.1\builds\msvc2013\translations\stellarium\ta.qm
c:\users\vizlab\desktop\stellarium\stellarium-0.15.1\builds\msvc2013\translations\stellarium\te.qm
c:\users\vizlab\desktop\stellarium\stellarium-0.15.1\builds\msvc2013\translations\stellarium\tg.qm
c:\users\vizlab\desktop\stellarium\stellarium-0.15.1\builds\msvc2013\translations\stellarium\th.qm
c:\users\vizlab\desktop\stellarium\stellarium-0.15.1\builds\msvc2013\translations\stellarium\tl.qm
c:\users\vizlab\desktop\stellarium\stellarium-0.15.1\builds\msvc2013\translations\stellarium\tr.qm
c:\users\vizlab\desktop\stellarium\stellarium-0.15.1\builds\msvc2013\translations\stellarium\tt.qm
c:\users\vizlab\desktop\stellarium\stellarium-0.15.1\builds\msvc2013\translations\stellarium\ug.qm
c:\users\vizlab\desktop\stellarium\stellarium-0.15.1\builds\msvc2013\translations\stellarium\uk.qm
c:\users\vizlab\desktop\stellarium\stellarium-0.15.1\builds\msvc2013\translations\stellarium\uz.qm
c:\users\vizlab\desktop\stellarium\stellarium-0.15.1\builds\msvc2013\translations\stellarium\vi.qm
c:\users\vizlab\desktop\stellarium\stellarium-0.15.1\builds\msvc2013\translations\stellarium\wa.qm
c:\users\vizlab\desktop\stellarium\stellarium-0.15.1\builds\msvc2013\translations\stellarium\xh.qm
c:\users\vizlab\desktop\stellarium\stellarium-0.15.1\builds\msvc2013\translations\stellarium\zh.qm
c:\users\vizlab\desktop\stellarium\stellarium-0.15.1\builds\msvc2013\translations\stellarium\zh_cn.qm
c:\users\vizlab\desktop\stellarium\stellarium-0.15.1\builds\msvc2013\translations\stellarium\zh_hk.qm
c:\users\vizlab\desktop\stellarium\stellarium-0.15.1\builds\msvc2013\translations\stellarium\zh_tw.qm
c:\users\vizlab\desktop\stellarium\stellarium-0.15.1\builds\msvc2013\translations\stellarium\zu.qm
c:\users\vizlab\desktop\stellarium\stellarium-0.15.1\builds\msvc2013\po\stellarium\cmakefiles\translations-stellarium
c:\users\vizlab\desktop\stellarium\stellarium-0.15.1\builds\msvc2013\po\stellarium\win32\debug\translations-stellarium\translat.bd3ba82d.tlog\custombuild.command.1.tlog
c:\users\vizlab\desktop\stellarium\stellarium-0.15.1\builds\msvc2013\po\stellarium\win32\debug\translations-stellarium\translat.bd3ba82d.tlog\custombuild.read.1.tlog
c:\users\vizlab\desktop\stellarium\stellarium-0.15.1\builds\msvc2013\po\stellarium\win32\debug\translations-stellarium\translat.bd3ba82d.tlog\custombuild.write.1.tlog
