Build started 1/26/2017 11:25:01 AM.
     1>Project "C:\Users\VizLab\Desktop\stellarium\stellarium-0.15.1\builds\msvc2013\src\stellarium.vcxproj" on node 5 (Build target(s)).
     1>PreBuildEvent:
         setlocal
         cd C:\Users\VizLab\Desktop\stellarium\stellarium-0.15.1\builds\msvc2013\src
         if %errorlevel% neq 0 goto :cmEnd
         C:
         if %errorlevel% neq 0 goto :cmEnd
         "C:\Program Files\CMake\bin\cmake.exe" -E cmake_autogen C:/Users/VizLab/Desktop/stellarium/stellarium-0.15.1/builds/msvc2013/src/CMakeFiles/stellarium_automoc.dir/ Release
         if %errorlevel% neq 0 goto :cmEnd
         :cmEnd
         endlocal & call :cmErrorLevel %errorlevel% & goto :cmDone
         :cmErrorLevel
         exit /b %1
         :cmDone
         if %errorlevel% neq 0 goto :VCEnd
         :VCEnd
       CustomBuild:
         Building Custom Rule C:/Users/VizLab/Desktop/stellarium/stellarium-0.15.1/src/CMakeLists.txt
         CMake does not need to re-run because C:\Users\VizLab\Desktop\stellarium\stellarium-0.15.1\builds\msvc2013\src\CMakeFiles\generate.stamp is up-to-date.
         Generating ui_locationDialogGui.h
         Generating ui_helpDialogGui.h
         Generating ui_shortcutsDialog.h
         Generating ui_dateTimeDialogGui.h
         Generating ui_viewDialog.h
         Generating ui_searchDialogGui.h
         Generating ui_configurationDialog.h
         Generating ui_atmosphereDialog.h
         Generating ui_greatRedSpotDialog.h
         Generating ui_customDeltaTEquationDialog.h
         Generating ui_astroCalcDialog.h
         Generating ui_bookmarksDialog.h
         Generating ui_addRemoveLandscapesDialog.h
         Generating ui_dsoColorsDialog.h
         Generating ui_orbitColorsDialog.h
         Generating ui_scriptConsole.h
         Generating qrc_guiRes.cpp
         Generating qrc_mainRes.cpp
       ClCompile:
         C:\Program Files (x86)\Microsoft Visual Studio 12.0\VC\bin\CL.exe /c /I"C:\Users\VizLab\Desktop\stellarium\stellarium-0.15.1\builds\msvc2013\src" /I"C:\Users\VizLab\Desktop\stellarium\stellarium-0.15.1\src" /IC:\Qt5\5.5\msvc2013\include /IC:\Qt5\5.5\msvc2013\include\QtScript /IC:\Qt5\5.5\msvc2013\include\QtCore /I"C:\Qt5\5.5\msvc2013\.\mkspecs\win32-msvc2013" /IC:\Qt5\5.5\msvc2013\include\QtMultimedia /IC:\Qt5\5.5\msvc2013\include\QtNetwork /IC:\Qt5\5.5\msvc2013\include\QtGui /IC:\Qt5\5.5\msvc2013\include\QtMultimediaWidgets /IC:\Qt5\5.5\msvc2013\include\QtWidgets /IC:\Qt5\5.5\msvc2013\include\QtTest /I"C:\Users\VizLab\Desktop\stellarium\stellarium-0.15.1\builds\msvc2013" /I"C:\Users\VizLab\Desktop\stellarium\stellarium-0.15.1\src\core" /I"C:\Users\VizLab\Desktop\stellarium\stellarium-0.15.1\src\core\modules" /I"C:\Users\VizLab\Desktop\stellarium\stellarium-0.15.1\src\core\planetsephems" /I"C:\Users\VizLab\Desktop\stellarium\stellarium-0.15.1\src\core\external" /I"C:\Users\VizLab\Desktop\stellarium\stellarium-0.15.1\src\core\external\qtcompress" /I"C:\Users\VizLab\Desktop\stellarium\stellarium-0.15.1\src\core\external\qcustomplot" /I"C:\Users\VizLab\Desktop\stellarium\stellarium-0.15.1\src\core\external\glues_stel\source" /I"C:\Users\VizLab\Desktop\stellarium\stellarium-0.15.1\src\core\external\glues_stel\source\libtess" /I"C:\Users\VizLab\Desktop\stellarium\stellarium-0.15.1\src\gui" /I"C:\Users\VizLab\Desktop\stellarium\stellarium-0.15.1\src\scripting" /I"C:\Users\VizLab\Desktop\stellarium\stellarium-0.15.1\src\core\external\zlib" /IC:\Qt5\5.5\msvc2013\include\QtConcurrent /IC:\Qt5\5.5\msvc2013\include\QtOpenGL /IC:\Qt5\5.5\msvc2013\include\QtPrintSupport /IC:\Qt5\5.5\msvc2013\include\QtSerialPort /nologo /W3 /WX- /O2 /Ob2 /Oy- /D WIN32 /D _WINDOWS /D NDEBUG /D QT_CORE_LIB /D QT_CONCURRENT_LIB /D QT_GUI_LIB /D QT_NETWORK_LIB /D QT_OPENGL_LIB /D QT_WIDGETS_LIB /D QT_PRINTSUPPORT_LIB /D QT_MULTIMEDIA_LIB /D QT_MULTIMEDIAWIDGETS_LIB /D QT_SCRIPT_LIB /D QT_SERIALPORT_LIB /D STELLARIUM_MAJOR=0 /D STELLARIUM_MINOR=15 /D STELLARIUM_PATCH=1 /D "PACKAGE_VERSION=\"0.15.1\"" /D "COPYRIGHT_YEARS=\"2000-2016\"" /D STELLARIUM_RELEASE_BUILD /D QT_NO_DEBUG /D NDEBUG /D _USE_MATH_DEFINES /D NOMINMAX /D _WINSOCKAPI_ /D _CRT_SECURE_NO_WARNINGS /D ENABLE_NLS /D ENABLE_SPOUT /D ENABLE_SCRIPT_CONSOLE /D ENABLE_MEDIA /D "INSTALL_DATADIR=\".\"" /D "INSTALL_LOCALEDIR=\"./locale\"" /D USE_STATIC_PLUGIN_ARCHAEOLINES /D USE_STATIC_PLUGIN_COMPASSMARKS /D USE_STATIC_PLUGIN_EXOPLANETS /D USE_STATIC_PLUGIN_EQUATIONOFTIME /D USE_STATIC_PLUGIN_FOV /D USE_STATIC_PLUGIN_METEORSHOWERS /D USE_STATIC_PLUGIN_NAVSTARS /D USE_STATIC_PLUGIN_NOVAE /D USE_STATIC_PLUGIN_OBSERVABILITY /D USE_STATIC_PLUGIN_OCULARS /D USE_STATIC_PLUGIN_POINTERCOORDINATES /D USE_STATIC_PLUGIN_PULSARS /D USE_STATIC_PLUGIN_QUASARS /D USE_STATIC_PLUGIN_REMOTECONTROL /D USE_STATIC_PLUGIN_SATELLITES /D USE_STATIC_PLUGIN_SCENERY3D /D USE_STATIC_PLUGIN_SOLARSYSTEMEDITOR /D USE_STATIC_PLUGIN_SUPERNOVAE /D USE_STATIC_PLUGIN_TEXTUSERINTERFACE /D USE_STATIC_PLUGIN_TELESCOPECONTROL /D "CMAKE_INTDIR=\"Release\"" /D _MBCS /Gm- /EHsc /MD /GS /fp:precise /Zc:wchar_t /Zc:forScope /GR /Fo"stellarium.dir\Release\\" /Fd"stellarium.dir\Release\vc120.pdb" /Gd /TP /wd4244 /wd4005 /wd4101 /wd4996 /wd4305 /wd4805 /analyze- /errorReport:prompt "C:\Users\VizLab\Desktop\stellarium\stellarium-0.15.1\src\core\StelAudioMgr.cpp" "C:\Users\VizLab\Desktop\stellarium\stellarium-0.15.1\src\core\StelVideoMgr.cpp" "C:\Users\VizLab\Desktop\stellarium\stellarium-0.15.1\src\core\StelGeodesicGrid.cpp" "C:\Users\VizLab\Desktop\stellarium\stellarium-0.15.1\src\core\StelMovementMgr.cpp" "C:\Users\VizLab\Desktop\stellarium\stellarium-0.15.1\src\core\StelObserver.cpp" "C:\Users\VizLab\Desktop\stellarium\stellarium-0.15.1\src\core\StelLocation.cpp" "C:\Users\VizLab\Desktop\stellarium\stellarium-0.15.1\src\core\StelLocationMgr.cpp" "C:\Users\VizLab\Desktop\stellarium\stellarium-0.15.1\src\core\StelProjector.cpp" "C:\Users\VizLab\Desktop\stellarium\stellarium-0.15.1\src\core\StelProjectorClasses.cpp" "C:\Users\VizLab\Desktop\stellarium\stellarium-0.15.1\src\core\StelSkyDrawer.cpp" "C:\Users\VizLab\Desktop\stellarium\stellarium-0.15.1\src\core\StelPainter.cpp" "C:\Users\VizLab\Desktop\stellarium\stellarium-0.15.1\src\core\MultiLevelJsonBase.cpp" "C:\Users\VizLab\Desktop\stellarium\stellarium-0.15.1\src\core\StelSkyImageTile.cpp" "C:\Users\VizLab\Desktop\stellarium\stellarium-0.15.1\src\core\StelSkyPolygon.cpp" "C:\Users\VizLab\Desktop\stellarium\stellarium-0.15.1\src\core\SphericMirrorCalculator.cpp" "C:\Users\VizLab\Desktop\stellarium\stellarium-0.15.1\src\core\StelApp.cpp" "C:\Users\VizLab\Desktop\stellarium\stellarium-0.15.1\src\core\StelCore.cpp" "C:\Users\VizLab\Desktop\stellarium\stellarium-0.15.1\src\core\StelFileMgr.cpp" "C:\Users\VizLab\Desktop\stellarium\stellarium-0.15.1\src\core\StelLocaleMgr.cpp" "C:\Users\VizLab\Desktop\stellarium\stellarium-0.15.1\src\core\StelModule.cpp" "C:\Users\VizLab\Desktop\stellarium\stellarium-0.15.1\src\core\StelModuleMgr.cpp" "C:\Users\VizLab\Desktop\stellarium\stellarium-0.15.1\src\core\StelObject.cpp" "C:\Users\VizLab\Desktop\stellarium\stellarium-0.15.1\src\core\StelObjectMgr.cpp" "C:\Users\VizLab\Desktop\stellarium\stellarium-0.15.1\src\core\StelObjectModule.cpp" "C:\Users\VizLab\Desktop\stellarium\stellarium-0.15.1\src\core\StelOpenGL.cpp" "C:\Users\VizLab\Desktop\stellarium\stellarium-0.15.1\src\core\StelSkyCultureMgr.cpp" "C:\Users\VizLab\Desktop\stellarium\stellarium-0.15.1\src\core\StelTextureMgr.cpp" "C:\Users\VizLab\Desktop\stellarium\stellarium-0.15.1\src\core\StelTexture.cpp" "C:\Users\VizLab\Desktop\stellarium\stellarium-0.15.1\src\core\StelToneReproducer.cpp" "C:\Users\VizLab\Desktop\stellarium\stellarium-0.15.1\src\core\StelSkyLayerMgr.cpp" "C:\Users\VizLab\Desktop\stellarium\stellarium-0.15.1\src\core\StelSkyLayer.cpp" "C:\Users\VizLab\Desktop\stellarium\stellarium-0.15.1\src\core\StelSphereGeometry.cpp" "C:\Users\VizLab\Desktop\stellarium\stellarium-0.15.1\src\core\OctahedronPolygon.cpp" "C:\Users\VizLab\Desktop\stellarium\stellarium-0.15.1\src\core\StelIniParser.cpp" "C:\Users\VizLab\Desktop\stellarium\stellarium-0.15.1\src\core\StelUtils.cpp" "C:\Users\VizLab\Desktop\stellarium\stellarium-0.15.1\src\core\StelTranslator.cpp" "C:\Users\VizLab\Desktop\stellarium\stellarium-0.15.1\src\core\StelJsonParser.cpp" "C:\Users\VizLab\Desktop\stellarium\stellarium-0.15.1\src\core\SimbadSearcher.cpp" "C:\Users\VizLab\Desktop\stellarium\stellarium-0.15.1\src\core\StelSphericalIndex.cpp" "C:\Users\VizLab\Desktop\stellarium\stellarium-0.15.1\src\core\StelVertexArray.cpp" "C:\Users\VizLab\Desktop\stellarium\stellarium-0.15.1\src\core\StelGuiBase.cpp" "C:\Users\VizLab\Desktop\stellarium\stellarium-0.15.1\src\core\StelViewportEffect.cpp" "C:\Users\VizLab\Desktop\stellarium\stellarium-0.15.1\src\core\TrailGroup.cpp" "C:\Users\VizLab\Desktop\stellarium\stellarium-0.15.1\src\core\RefractionExtinction.cpp" "C:\Users\VizLab\Desktop\stellarium\stellarium-0.15.1\src\core\StelToast.cpp" "C:\Users\VizLab\Desktop\stellarium\stellarium-0.15.1\src\core\StelToastGrid.cpp" "C:\Users\VizLab\Desktop\stellarium\stellarium-0.15.1\src\core\StelActionMgr.cpp" "C:\Users\VizLab\Desktop\stellarium\stellarium-0.15.1\src\core\StelPropertyMgr.cpp" "C:\Users\VizLab\Desktop\stellarium\stellarium-0.15.1\src\core\SpoutSender.cpp" "C:\Users\VizLab\Desktop\stellarium\stellarium-0.15.1\src\core\planetsephems\jpleph.cpp" "C:\Users\VizLab\Desktop\stellarium\stellarium-0.15.1\src\core\planetsephems\EphemWrapper.cpp" "C:\Users\VizLab\Desktop\stellarium\stellarium-0.15.1\src\core\planetsephems\de430.cpp" "C:\Users\VizLab\Desktop\stellarium\stellarium-0.15.1\src\core\planetsephems\de431.cpp" "C:\Users\VizLab\Desktop\stellarium\stellarium-0.15.1\src\core\modules\Atmosphere.cpp" "C:\Users\VizLab\Desktop\stellarium\stellarium-0.15.1\src\core\modules\Constellation.cpp" "C:\Users\VizLab\Desktop\stellarium\stellarium-0.15.1\src\core\modules\ConstellationMgr.cpp" "C:\Users\VizLab\Desktop\stellarium\stellarium-0.15.1\src\core\modules\CustomObject.cpp" "C:\Users\VizLab\Desktop\stellarium\stellarium-0.15.1\src\core\modules\CustomObjectMgr.cpp" "C:\Users\VizLab\Desktop\stellarium\stellarium-0.15.1\src\core\modules\GridLinesMgr.cpp" "C:\Users\VizLab\Desktop\stellarium\stellarium-0.15.1\src\core\modules\LabelMgr.cpp" "C:\Users\VizLab\Desktop\stellarium\stellarium-0.15.1\src\core\modules\Landscape.cpp" "C:\Users\VizLab\Desktop\stellarium\stellarium-0.15.1\src\core\modules\LandscapeMgr.cpp" "C:\Users\VizLab\Desktop\stellarium\stellarium-0.15.1\src\core\modules\Meteor.cpp" "C:\Users\VizLab\Desktop\stellarium\stellarium-0.15.1\src\core\modules\SporadicMeteor.cpp" "C:\Users\VizLab\Desktop\stellarium\stellarium-0.15.1\src\core\modules\SporadicMeteorMgr.cpp" "C:\Users\VizLab\Desktop\stellarium\stellarium-0.15.1\src\core\modules\MilkyWay.cpp" "C:\Users\VizLab\Desktop\stellarium\stellarium-0.15.1\src\core\modules\Nebula.cpp" "C:\Users\VizLab\Desktop\stellarium\stellarium-0.15.1\src\core\modules\NebulaMgr.cpp" "C:\Users\VizLab\Desktop\stellarium\stellarium-0.15.1\src\core\modules\Orbit.cpp" "C:\Users\VizLab\Desktop\stellarium\stellarium-0.15.1\src\core\modules\Planet.cpp" "C:\Users\VizLab\Desktop\stellarium\stellarium-0.15.1\src\core\modules\MinorPlanet.cpp" "C:\Users\VizLab\Desktop\stellarium\stellarium-0.15.1\src\core\modules\Comet.cpp" "C:\Users\VizLab\Desktop\stellarium\stellarium-0.15.1\src\core\modules\Skybright.cpp" "C:\Users\VizLab\Desktop\stellarium\stellarium-0.15.1\src\core\modules\Skylight.cpp" "C:\Users\VizLab\Desktop\stellarium\stellarium-0.15.1\src\core\modules\SolarSystem.cpp" "C:\Users\VizLab\Desktop\stellarium\stellarium-0.15.1\src\core\modules\Star.cpp" "C:\Users\VizLab\Desktop\stellarium\stellarium-0.15.1\src\core\modules\StarMgr.cpp" "C:\Users\VizLab\Desktop\stellarium\stellarium-0.15.1\src\core\modules\StarWrapper.cpp" "C:\Users\VizLab\Desktop\stellarium\stellarium-0.15.1\src\core\modules\ToastMgr.cpp" "C:\Users\VizLab\Desktop\stellarium\stellarium-0.15.1\src\core\modules\ZoneArray.cpp" "C:\Users\VizLab\Desktop\stellarium\stellarium-0.15.1\src\core\modules\ZodiacalLight.cpp" "C:\Users\VizLab\Desktop\stellarium\stellarium-0.15.1\src\StelMainView.cpp" "C:\Users\VizLab\Desktop\stellarium\stellarium-0.15.1\src\StelLogger.cpp" "C:\Users\VizLab\Desktop\stellarium\stellarium-0.15.1\src\CLIProcessor.cpp" "C:\Users\VizLab\Desktop\stellarium\stellarium-0.15.1\src\core\external\qtcompress\qzip.cpp" "C:\Users\VizLab\Desktop\stellarium\stellarium-0.15.1\src\core\external\qcustomplot\qcustomplot.cpp" "C:\Users\VizLab\Desktop\stellarium\stellarium-0.15.1\src\scripting\StelScriptOutput.cpp" "C:\Users\VizLab\Desktop\stellarium\stellarium-0.15.1\src\scripting\StelScriptMgr.cpp" "C:\Users\VizLab\Desktop\stellarium\stellarium-0.15.1\src\scripting\ScreenImageMgr.cpp" "C:\Users\VizLab\Desktop\stellarium\stellarium-0.15.1\src\scripting\StelMainScriptAPI.cpp" "C:\Users\VizLab\Desktop\stellarium\stellarium-0.15.1\src\scripting\StelMainScriptAPIProxy.cpp" "C:\Users\VizLab\Desktop\stellarium\stellarium-0.15.1\src\gui\StelGui.cpp" "C:\Users\VizLab\Desktop\stellarium\stellarium-0.15.1\src\gui\SkyGui.cpp" "C:\Users\VizLab\Desktop\stellarium\stellarium-0.15.1\src\gui\StelGuiItems.cpp" "C:\Users\VizLab\Desktop\stellarium\stellarium-0.15.1\src\gui\HelpDialog.cpp" "C:\Users\VizLab\Desktop\stellarium\stellarium-0.15.1\src\gui\ShortcutLineEdit.cpp" "C:\Users\VizLab\Desktop\stellarium\stellarium-0.15.1\src\gui\ShortcutsDialog.cpp" "C:\Users\VizLab\Desktop\stellarium\stellarium-0.15.1\src\gui\Dialog.cpp" "C:\Users\VizLab\Desktop\stellarium\stellarium-0.15.1\src\gui\MapLabel.cpp" "C:\Users\VizLab\Desktop\stellarium\stellarium-0.15.1\src\gui\AngleSpinBox.cpp" "C:\Users\VizLab\Desktop\stellarium\stellarium-0.15.1\src\gui\LocationDialog.cpp" "C:\Users\VizLab\Desktop\stellarium\stellarium-0.15.1\src\gui\DateTimeDialog.cpp" "C:\Users\VizLab\Desktop\stellarium\stellarium-0.15.1\src\gui\ViewDialog.cpp" "C:\Users\VizLab\Desktop\stellarium\stellarium-0.15.1\src\gui\SearchDialog.cpp" "C:\Users\VizLab\Desktop\stellarium\stellarium-0.15.1\src\gui\ConfigurationDialog.cpp" "C:\Users\VizLab\Desktop\stellarium\stellarium-0.15.1\src\gui\AddRemoveLandscapesDialog.cpp" "C:\Users\VizLab\Desktop\stellarium\stellarium-0.15.1\src\gui\AtmosphereDialog.cpp" "C:\Users\VizLab\Desktop\stellarium\stellarium-0.15.1\src\gui\ConfigureDSOColorsDialog.cpp" "C:\Users\VizLab\Desktop\stellarium\stellarium-0.15.1\src\gui\ConfigureOrbitColorsDialog.cpp" "C:\Users\VizLab\Desktop\stellarium\stellarium-0.15.1\src\gui\GreatRedSpotDialog.cpp" "C:\Users\VizLab\Desktop\stellarium\stellarium-0.15.1\src\gui\CustomDeltaTEquationDialog.cpp" "C:\Users\VizLab\Desktop\stellarium\stellarium-0.15.1\src\gui\AstroCalcDialog.cpp" "C:\Users\VizLab\Desktop\stellarium\stellarium-0.15.1\src\gui\BookmarksDialog.cpp" "C:\Users\VizLab\Desktop\stellarium\stellarium-0.15.1\src\gui\StelDialog.cpp" "C:\Users\VizLab\Desktop\stellarium\stellarium-0.15.1\src\gui\ScriptConsole.cpp" "C:\Users\VizLab\Desktop\stellarium\stellarium-0.15.1\src\gui\StelScriptSyntaxHighlighter.cpp" "C:\Users\VizLab\Desktop\stellarium\stellarium-0.15.1\builds\msvc2013\src\qrc_guiRes.cpp" "C:\Users\VizLab\Desktop\stellarium\stellarium-0.15.1\builds\msvc2013\src\qrc_mainRes.cpp" "C:\Users\VizLab\Desktop\stellarium\stellarium-0.15.1\src\main.cpp" "C:\Users\VizLab\Desktop\stellarium\stellarium-0.15.1\builds\msvc2013\src\stellarium_automoc.cpp"
         StelAudioMgr.cpp
         StelVideoMgr.cpp
         StelGeodesicGrid.cpp
         StelMovementMgr.cpp
         StelObserver.cpp
         StelLocation.cpp
         StelLocationMgr.cpp
         StelProjector.cpp
         StelProjectorClasses.cpp
         StelSkyDrawer.cpp
         StelPainter.cpp
         MultiLevelJsonBase.cpp
         StelSkyImageTile.cpp
         StelSkyPolygon.cpp
         SphericMirrorCalculator.cpp
         StelApp.cpp
         StelCore.cpp
         StelFileMgr.cpp
         StelLocaleMgr.cpp
         StelModule.cpp
         Generating Code...
         Compiling...
         StelModuleMgr.cpp
         StelObject.cpp
         StelObjectMgr.cpp
         StelObjectModule.cpp
         StelOpenGL.cpp
         StelSkyCultureMgr.cpp
         StelTextureMgr.cpp
         StelTexture.cpp
         StelToneReproducer.cpp
         StelSkyLayerMgr.cpp
         StelSkyLayer.cpp
         StelSphereGeometry.cpp
         OctahedronPolygon.cpp
         StelIniParser.cpp
         StelUtils.cpp
         StelTranslator.cpp
         StelJsonParser.cpp
         SimbadSearcher.cpp
         StelSphericalIndex.cpp
         StelVertexArray.cpp
         Generating Code...
         Compiling...
         StelGuiBase.cpp
         StelViewportEffect.cpp
         TrailGroup.cpp
         RefractionExtinction.cpp
         StelToast.cpp
         StelToastGrid.cpp
         StelActionMgr.cpp
         StelPropertyMgr.cpp
         SpoutSender.cpp
         jpleph.cpp
         EphemWrapper.cpp
         de430.cpp
         de431.cpp
         Atmosphere.cpp
         Constellation.cpp
         ConstellationMgr.cpp
         CustomObject.cpp
         CustomObjectMgr.cpp
         GridLinesMgr.cpp
         LabelMgr.cpp
         Generating Code...
         Compiling...
         Landscape.cpp
         LandscapeMgr.cpp
         Meteor.cpp
         SporadicMeteor.cpp
         SporadicMeteorMgr.cpp
         MilkyWay.cpp
         Nebula.cpp
         NebulaMgr.cpp
         Orbit.cpp
         Planet.cpp
         MinorPlanet.cpp
         Comet.cpp
         Skybright.cpp
         Skylight.cpp
         SolarSystem.cpp
         Star.cpp
         StarMgr.cpp
         StarWrapper.cpp
         ToastMgr.cpp
         ZoneArray.cpp
         Generating Code...
         Compiling...
         ZodiacalLight.cpp
         StelMainView.cpp
         StelLogger.cpp
         CLIProcessor.cpp
         qzip.cpp
         qcustomplot.cpp
         StelScriptOutput.cpp
         StelScriptMgr.cpp
         ScreenImageMgr.cpp
         StelMainScriptAPI.cpp
         StelMainScriptAPIProxy.cpp
         StelGui.cpp
         SkyGui.cpp
         StelGuiItems.cpp
         HelpDialog.cpp
         ShortcutLineEdit.cpp
         ShortcutsDialog.cpp
         Dialog.cpp
         MapLabel.cpp
         AngleSpinBox.cpp
         Generating Code...
         Compiling...
         LocationDialog.cpp
         DateTimeDialog.cpp
         ViewDialog.cpp
         SearchDialog.cpp
         ConfigurationDialog.cpp
         AddRemoveLandscapesDialog.cpp
         AtmosphereDialog.cpp
         ConfigureDSOColorsDialog.cpp
         ConfigureOrbitColorsDialog.cpp
         GreatRedSpotDialog.cpp
         CustomDeltaTEquationDialog.cpp
         AstroCalcDialog.cpp
         BookmarksDialog.cpp
         StelDialog.cpp
         ScriptConsole.cpp
         StelScriptSyntaxHighlighter.cpp
         qrc_guiRes.cpp
         qrc_mainRes.cpp
         main.cpp
         stellarium_automoc.cpp
         Generating Code...
         C:\Program Files (x86)\Microsoft Visual Studio 12.0\VC\bin\CL.exe /c /I"C:\Users\VizLab\Desktop\stellarium\stellarium-0.15.1\builds\msvc2013\src" /I"C:\Users\VizLab\Desktop\stellarium\stellarium-0.15.1\src" /IC:\Qt5\5.5\msvc2013\include /IC:\Qt5\5.5\msvc2013\include\QtScript /IC:\Qt5\5.5\msvc2013\include\QtCore /I"C:\Qt5\5.5\msvc2013\.\mkspecs\win32-msvc2013" /IC:\Qt5\5.5\msvc2013\include\QtMultimedia /IC:\Qt5\5.5\msvc2013\include\QtNetwork /IC:\Qt5\5.5\msvc2013\include\QtGui /IC:\Qt5\5.5\msvc2013\include\QtMultimediaWidgets /IC:\Qt5\5.5\msvc2013\include\QtWidgets /IC:\Qt5\5.5\msvc2013\include\QtTest /I"C:\Users\VizLab\Desktop\stellarium\stellarium-0.15.1\builds\msvc2013" /I"C:\Users\VizLab\Desktop\stellarium\stellarium-0.15.1\src\core" /I"C:\Users\VizLab\Desktop\stellarium\stellarium-0.15.1\src\core\modules" /I"C:\Users\VizLab\Desktop\stellarium\stellarium-0.15.1\src\core\planetsephems" /I"C:\Users\VizLab\Desktop\stellarium\stellarium-0.15.1\src\core\external" /I"C:\Users\VizLab\Desktop\stellarium\stellarium-0.15.1\src\core\external\qtcompress" /I"C:\Users\VizLab\Desktop\stellarium\stellarium-0.15.1\src\core\external\qcustomplot" /I"C:\Users\VizLab\Desktop\stellarium\stellarium-0.15.1\src\core\external\glues_stel\source" /I"C:\Users\VizLab\Desktop\stellarium\stellarium-0.15.1\src\core\external\glues_stel\source\libtess" /I"C:\Users\VizLab\Desktop\stellarium\stellarium-0.15.1\src\gui" /I"C:\Users\VizLab\Desktop\stellarium\stellarium-0.15.1\src\scripting" /I"C:\Users\VizLab\Desktop\stellarium\stellarium-0.15.1\src\core\external\zlib" /IC:\Qt5\5.5\msvc2013\include\QtConcurrent /IC:\Qt5\5.5\msvc2013\include\QtOpenGL /IC:\Qt5\5.5\msvc2013\include\QtPrintSupport /IC:\Qt5\5.5\msvc2013\include\QtSerialPort /nologo /W3 /WX- /O2 /Ob2 /Oy- /D WIN32 /D _WINDOWS /D NDEBUG /D QT_CORE_LIB /D QT_CONCURRENT_LIB /D QT_GUI_LIB /D QT_NETWORK_LIB /D QT_OPENGL_LIB /D QT_WIDGETS_LIB /D QT_PRINTSUPPORT_LIB /D QT_MULTIMEDIA_LIB /D QT_MULTIMEDIAWIDGETS_LIB /D QT_SCRIPT_LIB /D QT_SERIALPORT_LIB /D STELLARIUM_MAJOR=0 /D STELLARIUM_MINOR=15 /D STELLARIUM_PATCH=1 /D "PACKAGE_VERSION=\"0.15.1\"" /D "COPYRIGHT_YEARS=\"2000-2016\"" /D STELLARIUM_RELEASE_BUILD /D QT_NO_DEBUG /D NDEBUG /D _USE_MATH_DEFINES /D NOMINMAX /D _WINSOCKAPI_ /D _CRT_SECURE_NO_WARNINGS /D ENABLE_NLS /D ENABLE_SPOUT /D ENABLE_SCRIPT_CONSOLE /D ENABLE_MEDIA /D "INSTALL_DATADIR=\".\"" /D "INSTALL_LOCALEDIR=\"./locale\"" /D USE_STATIC_PLUGIN_ARCHAEOLINES /D USE_STATIC_PLUGIN_COMPASSMARKS /D USE_STATIC_PLUGIN_EXOPLANETS /D USE_STATIC_PLUGIN_EQUATIONOFTIME /D USE_STATIC_PLUGIN_FOV /D USE_STATIC_PLUGIN_METEORSHOWERS /D USE_STATIC_PLUGIN_NAVSTARS /D USE_STATIC_PLUGIN_NOVAE /D USE_STATIC_PLUGIN_OBSERVABILITY /D USE_STATIC_PLUGIN_OCULARS /D USE_STATIC_PLUGIN_POINTERCOORDINATES /D USE_STATIC_PLUGIN_PULSARS /D USE_STATIC_PLUGIN_QUASARS /D USE_STATIC_PLUGIN_REMOTECONTROL /D USE_STATIC_PLUGIN_SATELLITES /D USE_STATIC_PLUGIN_SCENERY3D /D USE_STATIC_PLUGIN_SOLARSYSTEMEDITOR /D USE_STATIC_PLUGIN_SUPERNOVAE /D USE_STATIC_PLUGIN_TEXTUSERINTERFACE /D USE_STATIC_PLUGIN_TELESCOPECONTROL /D "CMAKE_INTDIR=\"Release\"" /D _MBCS /Gm- /EHsc /MD /GS /fp:precise /Zc:wchar_t /Zc:forScope /GR /Fo"stellarium.dir\Release\\" /Fd"stellarium.dir\Release\vc120.pdb" /Gd /TC /wd4244 /wd4005 /wd4101 /wd4996 /wd4305 /wd4805 /analyze- /errorReport:prompt "C:\Users\VizLab\Desktop\stellarium\stellarium-0.15.1\src\core\external\glues_stel\source\glues_error.c" "C:\Users\VizLab\Desktop\stellarium\stellarium-0.15.1\src\core\external\glues_stel\source\libtess\dict.c" "C:\Users\VizLab\Desktop\stellarium\stellarium-0.15.1\src\core\external\glues_stel\source\libtess\geom.c" "C:\Users\VizLab\Desktop\stellarium\stellarium-0.15.1\src\core\external\glues_stel\source\libtess\memalloc.c" "C:\Users\VizLab\Desktop\stellarium\stellarium-0.15.1\src\core\external\glues_stel\source\libtess\mesh.c" "C:\Users\VizLab\Desktop\stellarium\stellarium-0.15.1\src\core\external\glues_stel\source\libtess\normal.c" "C:\Users\VizLab\Desktop\stellarium\stellarium-0.15.1\src\core\external\glues_stel\source\libtess\priorityq.c" "C:\Users\VizLab\Desktop\stellarium\stellarium-0.15.1\src\core\external\glues_stel\source\libtess\render.c" "C:\Users\VizLab\Desktop\stellarium\stellarium-0.15.1\src\core\external\glues_stel\source\libtess\sweep.c" "C:\Users\VizLab\Desktop\stellarium\stellarium-0.15.1\src\core\external\glues_stel\source\libtess\tess.c" "C:\Users\VizLab\Desktop\stellarium\stellarium-0.15.1\src\core\external\glues_stel\source\libtess\tessmono.c" "C:\Users\VizLab\Desktop\stellarium\stellarium-0.15.1\src\core\planetsephems\calc_interpolated_elements.c" "C:\Users\VizLab\Desktop\stellarium\stellarium-0.15.1\src\core\planetsephems\elliptic_to_rectangular.c" "C:\Users\VizLab\Desktop\stellarium\stellarium-0.15.1\src\core\planetsephems\elp82b.c" "C:\Users\VizLab\Desktop\stellarium\stellarium-0.15.1\src\core\planetsephems\gust86.c" "C:\Users\VizLab\Desktop\stellarium\stellarium-0.15.1\src\core\planetsephems\l1.c" "C:\Users\VizLab\Desktop\stellarium\stellarium-0.15.1\src\core\planetsephems\marssat.c" "C:\Users\VizLab\Desktop\stellarium\stellarium-0.15.1\src\core\planetsephems\pluto.c" "C:\Users\VizLab\Desktop\stellarium\stellarium-0.15.1\src\core\planetsephems\precession.c" "C:\Users\VizLab\Desktop\stellarium\stellarium-0.15.1\src\core\planetsephems\sidereal_time.c" "C:\Users\VizLab\Desktop\stellarium\stellarium-0.15.1\src\core\planetsephems\tass17.c" "C:\Users\VizLab\Desktop\stellarium\stellarium-0.15.1\src\core\planetsephems\vsop87.c" "C:\Users\VizLab\Desktop\stellarium\stellarium-0.15.1\src\core\external\zlib\adler32.c" "C:\Users\VizLab\Desktop\stellarium\stellarium-0.15.1\src\core\external\zlib\compress.c" "C:\Users\VizLab\Desktop\stellarium\stellarium-0.15.1\src\core\external\zlib\crc32.c" "C:\Users\VizLab\Desktop\stellarium\stellarium-0.15.1\src\core\external\zlib\deflate.c" "C:\Users\VizLab\Desktop\stellarium\stellarium-0.15.1\src\core\external\zlib\gzclose.c" "C:\Users\VizLab\Desktop\stellarium\stellarium-0.15.1\src\core\external\zlib\gzlib.c" "C:\Users\VizLab\Desktop\stellarium\stellarium-0.15.1\src\core\external\zlib\gzread.c" "C:\Users\VizLab\Desktop\stellarium\stellarium-0.15.1\src\core\external\zlib\gzwrite.c" "C:\Users\VizLab\Desktop\stellarium\stellarium-0.15.1\src\core\external\zlib\infback.c" "C:\Users\VizLab\Desktop\stellarium\stellarium-0.15.1\src\core\external\zlib\inffast.c" "C:\Users\VizLab\Desktop\stellarium\stellarium-0.15.1\src\core\external\zlib\inflate.c" "C:\Users\VizLab\Desktop\stellarium\stellarium-0.15.1\src\core\external\zlib\inftrees.c" "C:\Users\VizLab\Desktop\stellarium\stellarium-0.15.1\src\core\external\zlib\trees.c" "C:\Users\VizLab\Desktop\stellarium\stellarium-0.15.1\src\core\external\zlib\uncompr.c" "C:\Users\VizLab\Desktop\stellarium\stellarium-0.15.1\src\core\external\zlib\zutil.c"
         glues_error.c
         dict.c
         geom.c
         memalloc.c
         mesh.c
         normal.c
         priorityq.c
         render.c
         sweep.c
         tess.c
         tessmono.c
         calc_interpolated_elements.c
         elliptic_to_rectangular.c
         elp82b.c
         gust86.c
         l1.c
         marssat.c
         pluto.c
         precession.c
         sidereal_time.c
         Generating Code...
         Compiling...
         tass17.c
         vsop87.c
         adler32.c
         compress.c
         crc32.c
         deflate.c
         gzclose.c
         gzlib.c
         gzread.c
         gzwrite.c
         infback.c
         inffast.c
         inflate.c
         inftrees.c
         trees.c
         uncompr.c
         zutil.c
         Generating Code...
       ResourceCompile:
         C:\Program Files (x86)\Windows Kits\8.1\bin\x86\rc.exe /D WIN32 /D _WINDOWS /D NDEBUG /D QT_CORE_LIB /D QT_CONCURRENT_LIB /D QT_GUI_LIB /D QT_NETWORK_LIB /D QT_OPENGL_LIB /D QT_WIDGETS_LIB /D QT_PRINTSUPPORT_LIB /D QT_MULTIMEDIA_LIB /D QT_MULTIMEDIAWIDGETS_LIB /D QT_SCRIPT_LIB /D QT_SERIALPORT_LIB /D STELLARIUM_MAJOR=0 /D STELLARIUM_MINOR=15 /D STELLARIUM_PATCH=1 /D "PACKAGE_VERSION=\\\"0.15.1\\\"" /D "COPYRIGHT_YEARS=\\\"2000-2016\\\"" /D STELLARIUM_RELEASE_BUILD /D QT_NO_DEBUG /D NDEBUG /D _USE_MATH_DEFINES /D NOMINMAX /D _WINSOCKAPI_ /D _CRT_SECURE_NO_WARNINGS /D ENABLE_NLS /D ENABLE_SPOUT /D ENABLE_SCRIPT_CONSOLE /D ENABLE_MEDIA /D "INSTALL_DATADIR=\\\".\\\"" /D "INSTALL_LOCALEDIR=\\\"./locale\\\"" /D USE_STATIC_PLUGIN_ARCHAEOLINES /D USE_STATIC_PLUGIN_COMPASSMARKS /D USE_STATIC_PLUGIN_EXOPLANETS /D USE_STATIC_PLUGIN_EQUATIONOFTIME /D USE_STATIC_PLUGIN_FOV /D USE_STATIC_PLUGIN_METEORSHOWERS /D USE_STATIC_PLUGIN_NAVSTARS /D USE_STATIC_PLUGIN_NOVAE /D USE_STATIC_PLUGIN_OBSERVABILITY /D USE_STATIC_PLUGIN_OCULARS /D USE_STATIC_PLUGIN_POINTERCOORDINATES /D USE_STATIC_PLUGIN_PULSARS /D USE_STATIC_PLUGIN_QUASARS /D USE_STATIC_PLUGIN_REMOTECONTROL /D USE_STATIC_PLUGIN_SATELLITES /D USE_STATIC_PLUGIN_SCENERY3D /D USE_STATIC_PLUGIN_SOLARSYSTEMEDITOR /D USE_STATIC_PLUGIN_SUPERNOVAE /D USE_STATIC_PLUGIN_TEXTUSERINTERFACE /D USE_STATIC_PLUGIN_TELESCOPECONTROL /D "CMAKE_INTDIR=\\\"Release\\\"" /l"0x0409" /I"C:\Users\VizLab\Desktop\stellarium\stellarium-0.15.1\builds\msvc2013\src" /I"C:\Users\VizLab\Desktop\stellarium\stellarium-0.15.1\src" /IC:\Qt5\5.5\msvc2013\include /IC:\Qt5\5.5\msvc2013\include\QtScript /IC:\Qt5\5.5\msvc2013\include\QtCore /I"C:\Qt5\5.5\msvc2013\.\mkspecs\win32-msvc2013" /IC:\Qt5\5.5\msvc2013\include\QtMultimedia /IC:\Qt5\5.5\msvc2013\include\QtNetwork /IC:\Qt5\5.5\msvc2013\include\QtGui /IC:\Qt5\5.5\msvc2013\include\QtMultimediaWidgets /IC:\Qt5\5.5\msvc2013\include\QtWidgets /IC:\Qt5\5.5\msvc2013\include\QtTest /I"C:\Users\VizLab\Desktop\stellarium\stellarium-0.15.1\builds\msvc2013" /I"C:\Users\VizLab\Desktop\stellarium\stellarium-0.15.1\src\core" /I"C:\Users\VizLab\Desktop\stellarium\stellarium-0.15.1\src\core\modules" /I"C:\Users\VizLab\Desktop\stellarium\stellarium-0.15.1\src\core\planetsephems" /I"C:\Users\VizLab\Desktop\stellarium\stellarium-0.15.1\src\core\external" /I"C:\Users\VizLab\Desktop\stellarium\stellarium-0.15.1\src\core\external\qtcompress" /I"C:\Users\VizLab\Desktop\stellarium\stellarium-0.15.1\src\core\external\qcustomplot" /I"C:\Users\VizLab\Desktop\stellarium\stellarium-0.15.1\src\core\external\glues_stel\source" /I"C:\Users\VizLab\Desktop\stellarium\stellarium-0.15.1\src\core\external\glues_stel\source\libtess" /I"C:\Users\VizLab\Desktop\stellarium\stellarium-0.15.1\src\gui" /I"C:\Users\VizLab\Desktop\stellarium\stellarium-0.15.1\src\scripting" /I"C:\Users\VizLab\Desktop\stellarium\stellarium-0.15.1\src\core\external\zlib" /IC:\Qt5\5.5\msvc2013\include\QtConcurrent /IC:\Qt5\5.5\msvc2013\include\QtOpenGL /IC:\Qt5\5.5\msvc2013\include\QtPrintSupport /IC:\Qt5\5.5\msvc2013\include\QtSerialPort /nologo /fo"stellarium.dir\Release\stellarium.res" C:\Users\VizLab\Desktop\stellarium\stellarium-0.15.1\builds\msvc2013\stellarium.rc 
       Link:
         C:\Program Files (x86)\Microsoft Visual Studio 12.0\VC\bin\link.exe /ERRORREPORT:PROMPT /OUT:"C:\Users\VizLab\Desktop\stellarium\stellarium-0.15.1\builds\msvc2013\src\Release\stellarium.exe" /INCREMENTAL:NO /NOLOGO kernel32.lib user32.lib gdi32.lib winspool.lib shell32.lib ole32.lib oleaut32.lib uuid.lib comdlg32.lib advapi32.lib ..\plugins\ArchaeoLines\src\Release\ArchaeoLines.lib ..\plugins\CompassMarks\src\Release\CompassMarks.lib ..\plugins\Exoplanets\src\Release\Exoplanets.lib ..\plugins\EquationOfTime\src\Release\EquationOfTime.lib ..\plugins\FOV\src\Release\FOV.lib ..\plugins\MeteorShowers\src\Release\MeteorShowers.lib ..\plugins\NavStars\src\Release\NavStars.lib ..\plugins\Novae\src\Release\Novae.lib ..\plugins\Observability\src\Release\Observability.lib ..\plugins\Oculars\src\Release\Oculars.lib ..\plugins\PointerCoordinates\src\Release\PointerCoordinates.lib ..\plugins\Pulsars\src\Release\Pulsars.lib ..\plugins\Quasars\src\Release\Quasars.lib ..\plugins\RemoteControl\src\Release\RemoteControl.lib ..\plugins\Satellites\src\Release\Satellites.lib ..\plugins\Scenery3d\src\Release\Scenery3d.lib ..\plugins\SolarSystemEditor\src\Release\SolarSystemEditor.lib ..\plugins\Supernovae\src\Release\Supernovae.lib ..\plugins\TextUserInterface\src\Release\TextUserInterface.lib ..\plugins\TelescopeControl\src\Release\TelescopeControl.lib ws2_32.lib C:\Qt5\5.5\msvc2013\lib\Qt5Concurrent.lib C:\Qt5\5.5\msvc2013\lib\Qt5OpenGL.lib C:\Qt5\5.5\msvc2013\lib\Qt5PrintSupport.lib C:\Qt5\5.5\msvc2013\lib\Qt5MultimediaWidgets.lib C:\Qt5\5.5\msvc2013\lib\Qt5Script.lib C:\Qt5\5.5\msvc2013\lib\Qt5SerialPort.lib ..\..\..\util\spout2\Win32\SpoutLibrary.lib C:\Qt5\5.5\msvc2013\lib\Qt5Multimedia.lib C:\Qt5\5.5\msvc2013\lib\Qt5Network.lib C:\Qt5\5.5\msvc2013\lib\Qt5Widgets.lib C:\Qt5\5.5\msvc2013\lib\Qt5Gui.lib C:\Qt5\5.5\msvc2013\lib\Qt5Core.lib /MANIFEST /MANIFESTUAC:"level='asInvoker' uiAccess='false'" /manifest:embed /PDB:"C:/Users/VizLab/Desktop/stellarium/stellarium-0.15.1/builds/msvc2013/src/Release/stellarium.pdb" /SUBSYSTEM:CONSOLE /TLBID:1 /DYNAMICBASE /NXCOMPAT /IMPLIB:"C:/Users/VizLab/Desktop/stellarium/stellarium-0.15.1/builds/msvc2013/src/Release/stellarium.lib" /MACHINE:X86 /SAFESEH  /machine:X86 stellarium.dir\Release\stellarium.res
         stellarium.dir\Release\StelAudioMgr.obj
         stellarium.dir\Release\StelVideoMgr.obj
         stellarium.dir\Release\StelGeodesicGrid.obj
         stellarium.dir\Release\StelMovementMgr.obj
         stellarium.dir\Release\StelObserver.obj
         stellarium.dir\Release\StelLocation.obj
         stellarium.dir\Release\StelLocationMgr.obj
         stellarium.dir\Release\StelProjector.obj
         stellarium.dir\Release\StelProjectorClasses.obj
         stellarium.dir\Release\StelSkyDrawer.obj
         stellarium.dir\Release\StelPainter.obj
         stellarium.dir\Release\MultiLevelJsonBase.obj
         stellarium.dir\Release\StelSkyImageTile.obj
         stellarium.dir\Release\StelSkyPolygon.obj
         stellarium.dir\Release\SphericMirrorCalculator.obj
         stellarium.dir\Release\StelApp.obj
         stellarium.dir\Release\StelCore.obj
         stellarium.dir\Release\StelFileMgr.obj
         stellarium.dir\Release\StelLocaleMgr.obj
         stellarium.dir\Release\StelModule.obj
         stellarium.dir\Release\StelModuleMgr.obj
         stellarium.dir\Release\StelObject.obj
         stellarium.dir\Release\StelObjectMgr.obj
         stellarium.dir\Release\StelObjectModule.obj
         stellarium.dir\Release\StelOpenGL.obj
         stellarium.dir\Release\StelSkyCultureMgr.obj
         stellarium.dir\Release\StelTextureMgr.obj
         stellarium.dir\Release\StelTexture.obj
         stellarium.dir\Release\StelToneReproducer.obj
         stellarium.dir\Release\StelSkyLayerMgr.obj
         stellarium.dir\Release\StelSkyLayer.obj
         stellarium.dir\Release\StelSphereGeometry.obj
         stellarium.dir\Release\OctahedronPolygon.obj
         stellarium.dir\Release\StelIniParser.obj
         stellarium.dir\Release\StelUtils.obj
         stellarium.dir\Release\StelTranslator.obj
         stellarium.dir\Release\StelJsonParser.obj
         stellarium.dir\Release\SimbadSearcher.obj
         stellarium.dir\Release\StelSphericalIndex.obj
         stellarium.dir\Release\StelVertexArray.obj
         stellarium.dir\Release\StelGuiBase.obj
         stellarium.dir\Release\StelViewportEffect.obj
         stellarium.dir\Release\TrailGroup.obj
         stellarium.dir\Release\RefractionExtinction.obj
         stellarium.dir\Release\StelToast.obj
         stellarium.dir\Release\StelToastGrid.obj
         stellarium.dir\Release\StelActionMgr.obj
         stellarium.dir\Release\StelPropertyMgr.obj
         stellarium.dir\Release\glues_error.obj
         stellarium.dir\Release\dict.obj
         stellarium.dir\Release\geom.obj
         stellarium.dir\Release\memalloc.obj
         stellarium.dir\Release\mesh.obj
         stellarium.dir\Release\normal.obj
         stellarium.dir\Release\priorityq.obj
         stellarium.dir\Release\render.obj
         stellarium.dir\Release\sweep.obj
         stellarium.dir\Release\tess.obj
         stellarium.dir\Release\tessmono.obj
         stellarium.dir\Release\SpoutSender.obj
         stellarium.dir\Release\calc_interpolated_elements.obj
         stellarium.dir\Release\elliptic_to_rectangular.obj
         stellarium.dir\Release\elp82b.obj
         stellarium.dir\Release\gust86.obj
         stellarium.dir\Release\l1.obj
         stellarium.dir\Release\marssat.obj
         stellarium.dir\Release\pluto.obj
         stellarium.dir\Release\precession.obj
         stellarium.dir\Release\sidereal_time.obj
         stellarium.dir\Release\jpleph.obj
         stellarium.dir\Release\EphemWrapper.obj
         stellarium.dir\Release\tass17.obj
         stellarium.dir\Release\vsop87.obj
         stellarium.dir\Release\de430.obj
         stellarium.dir\Release\de431.obj
         stellarium.dir\Release\Atmosphere.obj
         stellarium.dir\Release\Constellation.obj
         stellarium.dir\Release\ConstellationMgr.obj
         stellarium.dir\Release\CustomObject.obj
         stellarium.dir\Release\CustomObjectMgr.obj
         stellarium.dir\Release\GridLinesMgr.obj
         stellarium.dir\Release\LabelMgr.obj
         stellarium.dir\Release\Landscape.obj
         stellarium.dir\Release\LandscapeMgr.obj
         stellarium.dir\Release\Meteor.obj
         stellarium.dir\Release\SporadicMeteor.obj
         stellarium.dir\Release\SporadicMeteorMgr.obj
         stellarium.dir\Release\MilkyWay.obj
         stellarium.dir\Release\Nebula.obj
         stellarium.dir\Release\NebulaMgr.obj
         stellarium.dir\Release\Orbit.obj
         stellarium.dir\Release\Planet.obj
         stellarium.dir\Release\MinorPlanet.obj
         stellarium.dir\Release\Comet.obj
         stellarium.dir\Release\Skybright.obj
         stellarium.dir\Release\Skylight.obj
         stellarium.dir\Release\SolarSystem.obj
         stellarium.dir\Release\Star.obj
         stellarium.dir\Release\StarMgr.obj
         stellarium.dir\Release\StarWrapper.obj
         stellarium.dir\Release\ToastMgr.obj
         stellarium.dir\Release\ZoneArray.obj
         stellarium.dir\Release\ZodiacalLight.obj
         stellarium.dir\Release\StelMainView.obj
         stellarium.dir\Release\StelLogger.obj
         stellarium.dir\Release\CLIProcessor.obj
         stellarium.dir\Release\qzip.obj
         stellarium.dir\Release\qcustomplot.obj
         stellarium.dir\Release\StelScriptOutput.obj
         stellarium.dir\Release\StelScriptMgr.obj
         stellarium.dir\Release\ScreenImageMgr.obj
         stellarium.dir\Release\StelMainScriptAPI.obj
         stellarium.dir\Release\StelMainScriptAPIProxy.obj
         stellarium.dir\Release\adler32.obj
         stellarium.dir\Release\compress.obj
         stellarium.dir\Release\crc32.obj
         stellarium.dir\Release\deflate.obj
         stellarium.dir\Release\gzclose.obj
         stellarium.dir\Release\gzlib.obj
         stellarium.dir\Release\gzread.obj
         stellarium.dir\Release\gzwrite.obj
         stellarium.dir\Release\infback.obj
         stellarium.dir\Release\inffast.obj
         stellarium.dir\Release\inflate.obj
         stellarium.dir\Release\inftrees.obj
         stellarium.dir\Release\trees.obj
         stellarium.dir\Release\uncompr.obj
         stellarium.dir\Release\zutil.obj
         stellarium.dir\Release\StelGui.obj
         stellarium.dir\Release\SkyGui.obj
         stellarium.dir\Release\StelGuiItems.obj
         stellarium.dir\Release\HelpDialog.obj
         stellarium.dir\Release\ShortcutLineEdit.obj
         stellarium.dir\Release\ShortcutsDialog.obj
         stellarium.dir\Release\Dialog.obj
         stellarium.dir\Release\MapLabel.obj
         stellarium.dir\Release\AngleSpinBox.obj
         stellarium.dir\Release\LocationDialog.obj
         stellarium.dir\Release\DateTimeDialog.obj
         stellarium.dir\Release\ViewDialog.obj
         stellarium.dir\Release\SearchDialog.obj
         stellarium.dir\Release\ConfigurationDialog.obj
         stellarium.dir\Release\AddRemoveLandscapesDialog.obj
         stellarium.dir\Release\AtmosphereDialog.obj
         stellarium.dir\Release\ConfigureDSOColorsDialog.obj
         stellarium.dir\Release\ConfigureOrbitColorsDialog.obj
         stellarium.dir\Release\GreatRedSpotDialog.obj
         stellarium.dir\Release\CustomDeltaTEquationDialog.obj
         stellarium.dir\Release\AstroCalcDialog.obj
         stellarium.dir\Release\BookmarksDialog.obj
         stellarium.dir\Release\StelDialog.obj
         stellarium.dir\Release\ScriptConsole.obj
         stellarium.dir\Release\StelScriptSyntaxHighlighter.obj
         stellarium.dir\Release\qrc_guiRes.obj
         stellarium.dir\Release\qrc_mainRes.obj
         stellarium.dir\Release\main.obj
         stellarium.dir\Release\stellarium_automoc.obj
         stellarium.vcxproj -> C:\Users\VizLab\Desktop\stellarium\stellarium-0.15.1\builds\msvc2013\src\Release\stellarium.exe
       PostBuildEvent:
         setlocal
         mt.exe -nologo -manifest C:/Users/VizLab/Desktop/stellarium/stellarium-0.15.1/data/stellarium.exe.manifest -outputresource:C:/Users/VizLab/Desktop/stellarium/stellarium-0.15.1/builds/msvc2013/src/Release/stellarium.exe
         if %errorlevel% neq 0 goto :cmEnd
         :cmEnd
         endlocal & call :cmErrorLevel %errorlevel% & goto :cmDone
         :cmErrorLevel
         exit /b %1
         :cmDone
         if %errorlevel% neq 0 goto :VCEnd
         :VCEnd
     1>Done Building Project "C:\Users\VizLab\Desktop\stellarium\stellarium-0.15.1\builds\msvc2013\src\stellarium.vcxproj" (Build target(s)).

Build succeeded.

Time Elapsed 00:03:52.04
