c:\users\vizlab\desktop\stellarium\stellarium-0.15.1\builds\msvc2013\plugins\telescopecontrol\src\x64\debug\vc120.pdb
c:\users\vizlab\desktop\stellarium\stellarium-0.15.1\builds\msvc2013\plugins\telescopecontrol\src\x64\debug\telescopecontrol-static_automoc.obj
c:\users\vizlab\desktop\stellarium\stellarium-0.15.1\builds\msvc2013\plugins\telescopecontrol\src\x64\debug\qrc_telescopecontrol.obj
c:\users\vizlab\desktop\stellarium\stellarium-0.15.1\builds\msvc2013\plugins\telescopecontrol\src\x64\debug\nexstarcommand.obj
c:\users\vizlab\desktop\stellarium\stellarium-0.15.1\builds\msvc2013\plugins\telescopecontrol\src\x64\debug\nexstarconnection.obj
c:\users\vizlab\desktop\stellarium\stellarium-0.15.1\builds\msvc2013\plugins\telescopecontrol\src\x64\debug\lx200command.obj
c:\users\vizlab\desktop\stellarium\stellarium-0.15.1\builds\msvc2013\plugins\telescopecontrol\src\x64\debug\lx200connection.obj
c:\users\vizlab\desktop\stellarium\stellarium-0.15.1\builds\msvc2013\plugins\telescopecontrol\src\x64\debug\serialport.obj
c:\users\vizlab\desktop\stellarium\stellarium-0.15.1\builds\msvc2013\plugins\telescopecontrol\src\x64\debug\connection.obj
c:\users\vizlab\desktop\stellarium\stellarium-0.15.1\builds\msvc2013\plugins\telescopecontrol\src\x64\debug\server.obj
c:\users\vizlab\desktop\stellarium\stellarium-0.15.1\builds\msvc2013\plugins\telescopecontrol\src\x64\debug\socket.obj
c:\users\vizlab\desktop\stellarium\stellarium-0.15.1\builds\msvc2013\plugins\telescopecontrol\src\x64\debug\logfile.obj
c:\users\vizlab\desktop\stellarium\stellarium-0.15.1\builds\msvc2013\plugins\telescopecontrol\src\x64\debug\storedpointsdialog.obj
c:\users\vizlab\desktop\stellarium\stellarium-0.15.1\builds\msvc2013\plugins\telescopecontrol\src\x64\debug\telescopeconfigurationdialog.obj
c:\users\vizlab\desktop\stellarium\stellarium-0.15.1\builds\msvc2013\plugins\telescopecontrol\src\x64\debug\telescopedialog.obj
c:\users\vizlab\desktop\stellarium\stellarium-0.15.1\builds\msvc2013\plugins\telescopecontrol\src\x64\debug\slewdialog.obj
c:\users\vizlab\desktop\stellarium\stellarium-0.15.1\builds\msvc2013\plugins\telescopecontrol\src\x64\debug\telescopecontrol.obj
c:\users\vizlab\desktop\stellarium\stellarium-0.15.1\builds\msvc2013\plugins\telescopecontrol\src\x64\debug\telescopeclientdirectnexstar.obj
c:\users\vizlab\desktop\stellarium\stellarium-0.15.1\builds\msvc2013\plugins\telescopecontrol\src\x64\debug\telescopeclientdirectlx200.obj
c:\users\vizlab\desktop\stellarium\stellarium-0.15.1\builds\msvc2013\plugins\telescopecontrol\src\x64\debug\telescopeclient.obj
c:\users\vizlab\desktop\stellarium\stellarium-0.15.1\builds\msvc2013\plugins\telescopecontrol\src\x64\debug\interpolatedposition.obj
c:\users\vizlab\desktop\stellarium\stellarium-0.15.1\builds\msvc2013\plugins\telescopecontrol\src\cmakefiles\generate.stamp
c:\users\vizlab\desktop\stellarium\stellarium-0.15.1\builds\msvc2013\plugins\telescopecontrol\src\qrc_telescopecontrol.cpp
c:\users\vizlab\desktop\stellarium\stellarium-0.15.1\builds\msvc2013\plugins\telescopecontrol\src\ui_slewdialog.h
c:\users\vizlab\desktop\stellarium\stellarium-0.15.1\builds\msvc2013\plugins\telescopecontrol\src\ui_telescopedialog.h
c:\users\vizlab\desktop\stellarium\stellarium-0.15.1\builds\msvc2013\plugins\telescopecontrol\src\ui_telescopeconfigurationdialog.h
c:\users\vizlab\desktop\stellarium\stellarium-0.15.1\builds\msvc2013\plugins\telescopecontrol\src\ui_storedpointsdialog.h
c:\users\vizlab\desktop\stellarium\stellarium-0.15.1\builds\msvc2013\x64\debug\telescopecontrol.lib
c:\users\vizlab\desktop\stellarium\stellarium-0.15.1\builds\msvc2013\plugins\telescopecontrol\src\x64\debug\telescop.acd9f58b.tlog\cl.command.1.tlog
c:\users\vizlab\desktop\stellarium\stellarium-0.15.1\builds\msvc2013\plugins\telescopecontrol\src\x64\debug\telescop.acd9f58b.tlog\cl.read.1.tlog
c:\users\vizlab\desktop\stellarium\stellarium-0.15.1\builds\msvc2013\plugins\telescopecontrol\src\x64\debug\telescop.acd9f58b.tlog\cl.write.1.tlog
c:\users\vizlab\desktop\stellarium\stellarium-0.15.1\builds\msvc2013\plugins\telescopecontrol\src\x64\debug\telescop.acd9f58b.tlog\custombuild.command.1.tlog
c:\users\vizlab\desktop\stellarium\stellarium-0.15.1\builds\msvc2013\plugins\telescopecontrol\src\x64\debug\telescop.acd9f58b.tlog\custombuild.read.1.tlog
c:\users\vizlab\desktop\stellarium\stellarium-0.15.1\builds\msvc2013\plugins\telescopecontrol\src\x64\debug\telescop.acd9f58b.tlog\custombuild.write.1.tlog
c:\users\vizlab\desktop\stellarium\stellarium-0.15.1\builds\msvc2013\plugins\telescopecontrol\src\x64\debug\telescop.acd9f58b.tlog\lib-link.read.1.tlog
c:\users\vizlab\desktop\stellarium\stellarium-0.15.1\builds\msvc2013\plugins\telescopecontrol\src\x64\debug\telescop.acd9f58b.tlog\lib-link.write.1.tlog
c:\users\vizlab\desktop\stellarium\stellarium-0.15.1\builds\msvc2013\plugins\telescopecontrol\src\x64\debug\telescop.acd9f58b.tlog\lib.command.1.tlog
