c:\users\vizlab\desktop\stellarium\stellarium-0.15.1\builds\msvc2013\plugins\textuserinterface\src\textuserinterface-static.dir\debug\vc120.pdb
c:\users\vizlab\desktop\stellarium\stellarium-0.15.1\builds\msvc2013\plugins\textuserinterface\src\textuserinterface-static.dir\debug\textuserinterface-static_automoc.obj
c:\users\vizlab\desktop\stellarium\stellarium-0.15.1\builds\msvc2013\plugins\textuserinterface\src\textuserinterface-static.dir\debug\textuserinterface.obj
c:\users\vizlab\desktop\stellarium\stellarium-0.15.1\builds\msvc2013\plugins\textuserinterface\src\textuserinterface-static.dir\debug\tuinodeenum.obj
c:\users\vizlab\desktop\stellarium\stellarium-0.15.1\builds\msvc2013\plugins\textuserinterface\src\textuserinterface-static.dir\debug\tuinodecolor.obj
c:\users\vizlab\desktop\stellarium\stellarium-0.15.1\builds\msvc2013\plugins\textuserinterface\src\textuserinterface-static.dir\debug\tuinodedatetime.obj
c:\users\vizlab\desktop\stellarium\stellarium-0.15.1\builds\msvc2013\plugins\textuserinterface\src\textuserinterface-static.dir\debug\tuinodefloat.obj
c:\users\vizlab\desktop\stellarium\stellarium-0.15.1\builds\msvc2013\plugins\textuserinterface\src\textuserinterface-static.dir\debug\tuinodedouble.obj
c:\users\vizlab\desktop\stellarium\stellarium-0.15.1\builds\msvc2013\plugins\textuserinterface\src\textuserinterface-static.dir\debug\tuinodeint.obj
c:\users\vizlab\desktop\stellarium\stellarium-0.15.1\builds\msvc2013\plugins\textuserinterface\src\textuserinterface-static.dir\debug\tuinodebool.obj
c:\users\vizlab\desktop\stellarium\stellarium-0.15.1\builds\msvc2013\plugins\textuserinterface\src\textuserinterface-static.dir\debug\tuinodeeditable.obj
c:\users\vizlab\desktop\stellarium\stellarium-0.15.1\builds\msvc2013\plugins\textuserinterface\src\textuserinterface-static.dir\debug\tuinodeactivate.obj
c:\users\vizlab\desktop\stellarium\stellarium-0.15.1\builds\msvc2013\plugins\textuserinterface\src\textuserinterface-static.dir\debug\tuinode.obj
c:\users\vizlab\desktop\stellarium\stellarium-0.15.1\builds\msvc2013\plugins\textuserinterface\src\textuserinterface-static.dir\debug\dummydialog.obj
c:\users\vizlab\desktop\stellarium\stellarium-0.15.1\builds\msvc2013\plugins\textuserinterface\src\cmakefiles\generate.stamp
c:\users\vizlab\desktop\stellarium\stellarium-0.15.1\builds\msvc2013\plugins\textuserinterface\src\debug\textuserinterface.lib
c:\users\vizlab\desktop\stellarium\stellarium-0.15.1\builds\msvc2013\plugins\textuserinterface\src\textuserinterface-static.dir\debug\textuser.89e95e47.tlog\cl.command.1.tlog
c:\users\vizlab\desktop\stellarium\stellarium-0.15.1\builds\msvc2013\plugins\textuserinterface\src\textuserinterface-static.dir\debug\textuser.89e95e47.tlog\cl.read.1.tlog
c:\users\vizlab\desktop\stellarium\stellarium-0.15.1\builds\msvc2013\plugins\textuserinterface\src\textuserinterface-static.dir\debug\textuser.89e95e47.tlog\cl.write.1.tlog
c:\users\vizlab\desktop\stellarium\stellarium-0.15.1\builds\msvc2013\plugins\textuserinterface\src\textuserinterface-static.dir\debug\textuser.89e95e47.tlog\custombuild.command.1.tlog
c:\users\vizlab\desktop\stellarium\stellarium-0.15.1\builds\msvc2013\plugins\textuserinterface\src\textuserinterface-static.dir\debug\textuser.89e95e47.tlog\custombuild.read.1.tlog
c:\users\vizlab\desktop\stellarium\stellarium-0.15.1\builds\msvc2013\plugins\textuserinterface\src\textuserinterface-static.dir\debug\textuser.89e95e47.tlog\custombuild.write.1.tlog
c:\users\vizlab\desktop\stellarium\stellarium-0.15.1\builds\msvc2013\plugins\textuserinterface\src\textuserinterface-static.dir\debug\textuser.89e95e47.tlog\lib-link.read.1.tlog
c:\users\vizlab\desktop\stellarium\stellarium-0.15.1\builds\msvc2013\plugins\textuserinterface\src\textuserinterface-static.dir\debug\textuser.89e95e47.tlog\lib-link.write.1.tlog
c:\users\vizlab\desktop\stellarium\stellarium-0.15.1\builds\msvc2013\plugins\textuserinterface\src\textuserinterface-static.dir\debug\textuser.89e95e47.tlog\lib.command.1.tlog
