Build started 1/26/2017 10:44:52 AM.
     1>Project "C:\Users\VizLab\Desktop\stellarium\stellarium-0.15.1\builds\msvc2013\plugins\TextUserInterface\src\TextUserInterface-static.vcxproj" on node 7 (Rebuild target(s)).
     1>PreBuildEvent:
         setlocal
         cd C:\Users\VizLab\Desktop\stellarium\stellarium-0.15.1\builds\msvc2013\plugins\TextUserInterface\src
         if %errorlevel% neq 0 goto :cmEnd
         C:
         if %errorlevel% neq 0 goto :cmEnd
         "C:\Program Files\CMake\bin\cmake.exe" -E cmake_autogen C:/Users/VizLab/Desktop/stellarium/stellarium-0.15.1/builds/msvc2013/plugins/TextUserInterface/src/CMakeFiles/TextUserInterface-static_automoc.dir/ Debug
         if %errorlevel% neq 0 goto :cmEnd
         :cmEnd
         endlocal & call :cmErrorLevel %errorlevel% & goto :cmDone
         :cmErrorLevel
         exit /b %1
         :cmDone
         if %errorlevel% neq 0 goto :VCEnd
         :VCEnd
       CustomBuild:
         Building Custom Rule C:/Users/VizLab/Desktop/stellarium/stellarium-0.15.1/plugins/TextUserInterface/src/CMakeLists.txt
         CMake does not need to re-run because C:\Users\VizLab\Desktop\stellarium\stellarium-0.15.1\builds\msvc2013\plugins\TextUserInterface\src\CMakeFiles\generate.stamp is up-to-date.
       ClCompile:
         C:\Program Files (x86)\Microsoft Visual Studio 12.0\VC\bin\CL.exe /c /I"C:\Users\VizLab\Desktop\stellarium\stellarium-0.15.1\builds\msvc2013\plugins\TextUserInterface\src" /I"C:\Users\VizLab\Desktop\stellarium\stellarium-0.15.1\plugins\TextUserInterface\src" /IC:\Qt5\5.5\msvc2013\include /IC:\Qt5\5.5\msvc2013\include\QtScript /IC:\Qt5\5.5\msvc2013\include\QtCore /I"C:\Qt5\5.5\msvc2013\.\mkspecs\win32-msvc2013" /IC:\Qt5\5.5\msvc2013\include\QtMultimedia /IC:\Qt5\5.5\msvc2013\include\QtNetwork /IC:\Qt5\5.5\msvc2013\include\QtGui /IC:\Qt5\5.5\msvc2013\include\QtMultimediaWidgets /IC:\Qt5\5.5\msvc2013\include\QtWidgets /IC:\Qt5\5.5\msvc2013\include\QtTest /I"C:\Users\VizLab\Desktop\stellarium\stellarium-0.15.1\builds\msvc2013" /I"C:\Users\VizLab\Desktop\stellarium\stellarium-0.15.1\src" /I"C:\Users\VizLab\Desktop\stellarium\stellarium-0.15.1\src\core" /I"C:\Users\VizLab\Desktop\stellarium\stellarium-0.15.1\src\core\modules" /I"C:\Users\VizLab\Desktop\stellarium\stellarium-0.15.1\src\core\planetsephems" /I"C:\Users\VizLab\Desktop\stellarium\stellarium-0.15.1\src\core\external" /I"C:\Users\VizLab\Desktop\stellarium\stellarium-0.15.1\src\core\external\qtcompress" /I"C:\Users\VizLab\Desktop\stellarium\stellarium-0.15.1\src\core\external\qcustomplot" /I"C:\Users\VizLab\Desktop\stellarium\stellarium-0.15.1\src\core\external\glues_stel\source" /I"C:\Users\VizLab\Desktop\stellarium\stellarium-0.15.1\src\core\external\glues_stel\source\libtess" /I"C:\Users\VizLab\Desktop\stellarium\stellarium-0.15.1\src\gui" /I"C:\Users\VizLab\Desktop\stellarium\stellarium-0.15.1\src\scripting" /I"C:\Users\VizLab\Desktop\stellarium\stellarium-0.15.1\builds\msvc2013\src" /I"C:\Users\VizLab\Desktop\stellarium\stellarium-0.15.1\src\core\external\zlib" /I"C:\Users\VizLab\Desktop\stellarium\stellarium-0.15.1\plugins\TextUserInterface\src\." /Zi /nologo /W3 /WX- /Od /Ob0 /Oy- /D WIN32 /D _WINDOWS /D _DEBUG /D QT_STATICPLUGIN /D QT_CORE_LIB /D QT_WIDGETS_LIB /D QT_GUI_LIB /D STELLARIUM_MAJOR=0 /D STELLARIUM_MINOR=15 /D STELLARIUM_PATCH=1 /D "PACKAGE_VERSION=\"0.15.1\"" /D "COPYRIGHT_YEARS=\"2000-2016\"" /D STELLARIUM_RELEASE_BUILD /D QT_NO_DEBUG /D NDEBUG /D _USE_MATH_DEFINES /D NOMINMAX /D _WINSOCKAPI_ /D _CRT_SECURE_NO_WARNINGS /D ENABLE_NLS /D ENABLE_SPOUT /D ENABLE_SCRIPT_CONSOLE /D ENABLE_MEDIA /D "INSTALL_DATADIR=\".\"" /D "INSTALL_LOCALEDIR=\"./locale\"" /D QT_PLUGIN /D QT_DLL /D _REENTRANT /D "TUI_PLUGIN_VERSION=\"0.2.7\"" /D "CMAKE_INTDIR=\"Debug\"" /D _MBCS /Gm- /EHsc /RTC1 /MDd /GS /fp:precise /Zc:wchar_t /Zc:forScope /GR /Fo"TextUserInterface-static.dir\Debug\\" /Fd"TextUserInterface-static.dir\Debug\vc120.pdb" /Gd /TP /wd4244 /wd4005 /wd4101 /wd4996 /wd4305 /wd4805 /analyze- /errorReport:prompt "C:\Users\VizLab\Desktop\stellarium\stellarium-0.15.1\plugins\TextUserInterface\src\DummyDialog.cpp" "C:\Users\VizLab\Desktop\stellarium\stellarium-0.15.1\plugins\TextUserInterface\src\TuiNode.cpp" "C:\Users\VizLab\Desktop\stellarium\stellarium-0.15.1\plugins\TextUserInterface\src\TuiNodeActivate.cpp" "C:\Users\VizLab\Desktop\stellarium\stellarium-0.15.1\plugins\TextUserInterface\src\TuiNodeEditable.cpp" "C:\Users\VizLab\Desktop\stellarium\stellarium-0.15.1\plugins\TextUserInterface\src\TuiNodeBool.cpp" "C:\Users\VizLab\Desktop\stellarium\stellarium-0.15.1\plugins\TextUserInterface\src\TuiNodeInt.cpp" "C:\Users\VizLab\Desktop\stellarium\stellarium-0.15.1\plugins\TextUserInterface\src\TuiNodeDouble.cpp" "C:\Users\VizLab\Desktop\stellarium\stellarium-0.15.1\plugins\TextUserInterface\src\TuiNodeFloat.cpp" "C:\Users\VizLab\Desktop\stellarium\stellarium-0.15.1\plugins\TextUserInterface\src\TuiNodeDateTime.cpp" "C:\Users\VizLab\Desktop\stellarium\stellarium-0.15.1\plugins\TextUserInterface\src\TuiNodeColor.cpp" "C:\Users\VizLab\Desktop\stellarium\stellarium-0.15.1\plugins\TextUserInterface\src\TuiNodeEnum.cpp" "C:\Users\VizLab\Desktop\stellarium\stellarium-0.15.1\plugins\TextUserInterface\src\TextUserInterface.cpp" "C:\Users\VizLab\Desktop\stellarium\stellarium-0.15.1\builds\msvc2013\plugins\TextUserInterface\src\TextUserInterface-static_automoc.cpp"
         DummyDialog.cpp
         TuiNode.cpp
         TuiNodeActivate.cpp
         TuiNodeEditable.cpp
         TuiNodeBool.cpp
         TuiNodeInt.cpp
         TuiNodeDouble.cpp
         TuiNodeFloat.cpp
         TuiNodeDateTime.cpp
         TuiNodeColor.cpp
         TuiNodeEnum.cpp
         TextUserInterface.cpp
         TextUserInterface-static_automoc.cpp
         Generating Code...
       Lib:
         C:\Program Files (x86)\Microsoft Visual Studio 12.0\VC\bin\Lib.exe /OUT:"C:\Users\VizLab\Desktop\stellarium\stellarium-0.15.1\builds\msvc2013\plugins\TextUserInterface\src\Debug\TextUserInterface.lib" /NOLOGO  /machine:X86 "TextUserInterface-static.dir\Debug\DummyDialog.obj"
         "TextUserInterface-static.dir\Debug\TuiNode.obj"
         "TextUserInterface-static.dir\Debug\TuiNodeActivate.obj"
         "TextUserInterface-static.dir\Debug\TuiNodeEditable.obj"
         "TextUserInterface-static.dir\Debug\TuiNodeBool.obj"
         "TextUserInterface-static.dir\Debug\TuiNodeInt.obj"
         "TextUserInterface-static.dir\Debug\TuiNodeDouble.obj"
         "TextUserInterface-static.dir\Debug\TuiNodeFloat.obj"
         "TextUserInterface-static.dir\Debug\TuiNodeDateTime.obj"
         "TextUserInterface-static.dir\Debug\TuiNodeColor.obj"
         "TextUserInterface-static.dir\Debug\TuiNodeEnum.obj"
         "TextUserInterface-static.dir\Debug\TextUserInterface.obj"
         "TextUserInterface-static.dir\Debug\TextUserInterface-static_automoc.obj"
         TextUserInterface-static.vcxproj -> C:\Users\VizLab\Desktop\stellarium\stellarium-0.15.1\builds\msvc2013\plugins\TextUserInterface\src\Debug\TextUserInterface.lib
     1>Done Building Project "C:\Users\VizLab\Desktop\stellarium\stellarium-0.15.1\builds\msvc2013\plugins\TextUserInterface\src\TextUserInterface-static.vcxproj" (Rebuild target(s)).

Build succeeded.

Time Elapsed 00:00:17.19
