Build started 1/25/2017 3:56:40 PM.
     1>Project "C:\Users\VizLab\Desktop\stellarium\stellarium-0.15.1\builds\msvc2013\plugins\Scenery3d\src\Scenery3d-static.vcxproj" on node 5 (Build target(s)).
     1>PreBuildEvent:
         setlocal
         cd C:\Users\VizLab\Desktop\stellarium\stellarium-0.15.1\builds\msvc2013\plugins\Scenery3d\src
         if %errorlevel% neq 0 goto :cmEnd
         C:
         if %errorlevel% neq 0 goto :cmEnd
         "C:\Program Files\CMake\bin\cmake.exe" -E cmake_autogen C:/Users/VizLab/Desktop/stellarium/stellarium-0.15.1/builds/msvc2013/plugins/Scenery3d/src/CMakeFiles/Scenery3d-static_automoc.dir/ Debug
         if %errorlevel% neq 0 goto :cmEnd
         :cmEnd
         endlocal & call :cmErrorLevel %errorlevel% & goto :cmDone
         :cmErrorLevel
         exit /b %1
         :cmDone
         if %errorlevel% neq 0 goto :VCEnd
         :VCEnd
       CustomBuild:
         Building Custom Rule C:/Users/VizLab/Desktop/stellarium/stellarium-0.15.1/plugins/Scenery3d/src/CMakeLists.txt
         CMake does not need to re-run because C:\Users\VizLab\Desktop\stellarium\stellarium-0.15.1\builds\msvc2013\plugins\Scenery3d\src\CMakeFiles\generate.stamp is up-to-date.
         Generating qrc_Scenery3d.cpp
         Generating ui_scenery3dDialog.h
         Generating ui_storedViewDialog.h
       ClCompile:
         C:\Program Files (x86)\Microsoft Visual Studio 12.0\VC\bin\x86_amd64\CL.exe /c /I"C:\Users\VizLab\Desktop\stellarium\stellarium-0.15.1\builds\msvc2013\plugins\Scenery3d\src" /I"C:\Users\VizLab\Desktop\stellarium\stellarium-0.15.1\plugins\Scenery3d\src" /IC:\Qt5\5.5\msvc2013_64\include /IC:\Qt5\5.5\msvc2013_64\include\QtScript /IC:\Qt5\5.5\msvc2013_64\include\QtCore /I"C:\Qt5\5.5\msvc2013_64\.\mkspecs\win32-msvc2013" /IC:\Qt5\5.5\msvc2013_64\include\QtMultimedia /IC:\Qt5\5.5\msvc2013_64\include\QtNetwork /IC:\Qt5\5.5\msvc2013_64\include\QtGui /IC:\Qt5\5.5\msvc2013_64\include\QtMultimediaWidgets /IC:\Qt5\5.5\msvc2013_64\include\QtWidgets /IC:\Qt5\5.5\msvc2013_64\include\QtTest /I"C:\Users\VizLab\Desktop\stellarium\stellarium-0.15.1\builds\msvc2013" /I"C:\Users\VizLab\Desktop\stellarium\stellarium-0.15.1\src" /I"C:\Users\VizLab\Desktop\stellarium\stellarium-0.15.1\src\core" /I"C:\Users\VizLab\Desktop\stellarium\stellarium-0.15.1\src\core\modules" /I"C:\Users\VizLab\Desktop\stellarium\stellarium-0.15.1\src\core\planetsephems" /I"C:\Users\VizLab\Desktop\stellarium\stellarium-0.15.1\src\core\external" /I"C:\Users\VizLab\Desktop\stellarium\stellarium-0.15.1\src\core\external\qtcompress" /I"C:\Users\VizLab\Desktop\stellarium\stellarium-0.15.1\src\core\external\qcustomplot" /I"C:\Users\VizLab\Desktop\stellarium\stellarium-0.15.1\src\core\external\glues_stel\source" /I"C:\Users\VizLab\Desktop\stellarium\stellarium-0.15.1\src\core\external\glues_stel\source\libtess" /I"C:\Users\VizLab\Desktop\stellarium\stellarium-0.15.1\src\gui" /I"C:\Users\VizLab\Desktop\stellarium\stellarium-0.15.1\src\scripting" /I"C:\Users\VizLab\Desktop\stellarium\stellarium-0.15.1\builds\msvc2013\src" /I"C:\Users\VizLab\Desktop\stellarium\stellarium-0.15.1\src\core\external\zlib" /I"C:\Users\VizLab\Desktop\stellarium\stellarium-0.15.1\plugins\Scenery3d\src\." /I"C:\Users\VizLab\Desktop\stellarium\stellarium-0.15.1\plugins\Scenery3d\src\gui" /I"C:\Users\VizLab\Desktop\stellarium\stellarium-0.15.1\builds\msvc2013\plugins\Scenery3d\src\gui" /IC:\Qt5\5.5\msvc2013_64\include\QtConcurrent /Zi /nologo /W3 /WX- /Od /Ob0 /D WIN32 /D _WINDOWS /D _DEBUG /D QT_STATICPLUGIN /D QT_CORE_LIB /D QT_CONCURRENT_LIB /D QT_GUI_LIB /D QT_WIDGETS_LIB /D STELLARIUM_MAJOR=0 /D STELLARIUM_MINOR=15 /D STELLARIUM_PATCH=1 /D "PACKAGE_VERSION=\"0.15.1\"" /D "COPYRIGHT_YEARS=\"2000-2016\"" /D STELLARIUM_RELEASE_BUILD /D QT_NO_DEBUG /D NDEBUG /D _USE_MATH_DEFINES /D NOMINMAX /D _WINSOCKAPI_ /D _CRT_SECURE_NO_WARNINGS /D ENABLE_NLS /D ENABLE_SPOUT /D ENABLE_SCRIPT_CONSOLE /D ENABLE_MEDIA /D "INSTALL_DATADIR=\".\"" /D "INSTALL_LOCALEDIR=\"./locale\"" /D QT_PLUGIN /D QT_DLL /D _REENTRANT /D "SCENERY3D_PLUGIN_VERSION=\"0.13.2\"" /D "CMAKE_INTDIR=\"Debug\"" /D _MBCS /Gm- /EHsc /RTC1 /MDd /GS /fp:precise /Zc:wchar_t /Zc:forScope /GR /Fo"x64\Debug\\" /Fd"x64\Debug\vc120.pdb" /Gd /TP /wd4244 /wd4005 /wd4101 /wd4996 /wd4305 /wd4805 /errorReport:prompt "C:\Users\VizLab\Desktop\stellarium\stellarium-0.15.1\plugins\Scenery3d\src\AABB.cpp" "C:\Users\VizLab\Desktop\stellarium\stellarium-0.15.1\plugins\Scenery3d\src\Frustum.cpp" "C:\Users\VizLab\Desktop\stellarium\stellarium-0.15.1\plugins\Scenery3d\src\Line.cpp" "C:\Users\VizLab\Desktop\stellarium\stellarium-0.15.1\plugins\Scenery3d\src\Plane.cpp" "C:\Users\VizLab\Desktop\stellarium\stellarium-0.15.1\plugins\Scenery3d\src\SPolygon.cpp" "C:\Users\VizLab\Desktop\stellarium\stellarium-0.15.1\plugins\Scenery3d\src\Polyhedron.cpp" "C:\Users\VizLab\Desktop\stellarium\stellarium-0.15.1\plugins\Scenery3d\src\SceneInfo.cpp" "C:\Users\VizLab\Desktop\stellarium\stellarium-0.15.1\plugins\Scenery3d\src\Scenery3d.cpp" "C:\Users\VizLab\Desktop\stellarium\stellarium-0.15.1\plugins\Scenery3d\src\Scenery3dMgr.cpp" "C:\Users\VizLab\Desktop\stellarium\stellarium-0.15.1\plugins\Scenery3d\src\gui\Scenery3dDialog.cpp" "C:\Users\VizLab\Desktop\stellarium\stellarium-0.15.1\plugins\Scenery3d\src\gui\StoredViewDialog.cpp" "C:\Users\VizLab\Desktop\stellarium\stellarium-0.15.1\plugins\Scenery3d\src\ShaderManager.cpp" "C:\Users\VizLab\Desktop\stellarium\stellarium-0.15.1\plugins\Scenery3d\src\OBJ.cpp" "C:\Users\VizLab\Desktop\stellarium\stellarium-0.15.1\plugins\Scenery3d\src\Heightmap.cpp" "C:\Users\VizLab\Desktop\stellarium\stellarium-0.15.1\builds\msvc2013\plugins\Scenery3d\src\qrc_Scenery3d.cpp" "C:\Users\VizLab\Desktop\stellarium\stellarium-0.15.1\builds\msvc2013\plugins\Scenery3d\src\Scenery3d-static_automoc.cpp"
         AABB.cpp
         Frustum.cpp
         Line.cpp
         Plane.cpp
         SPolygon.cpp
         Polyhedron.cpp
         SceneInfo.cpp
         Scenery3d.cpp
         Scenery3dMgr.cpp
         Scenery3dDialog.cpp
         StoredViewDialog.cpp
         ShaderManager.cpp
         OBJ.cpp
         Heightmap.cpp
         qrc_Scenery3d.cpp
         Scenery3d-static_automoc.cpp
         Generating Code...
       Lib:
         C:\Program Files (x86)\Microsoft Visual Studio 12.0\VC\bin\x86_amd64\Lib.exe /OUT:"C:\Users\VizLab\Desktop\stellarium\stellarium-0.15.1\builds\msvc2013\x64\Debug\Scenery3d.lib" /NOLOGO /MACHINE:X64 x64\Debug\AABB.obj
         x64\Debug\Frustum.obj
         x64\Debug\Line.obj
         x64\Debug\Plane.obj
         x64\Debug\SPolygon.obj
         x64\Debug\Polyhedron.obj
         x64\Debug\SceneInfo.obj
         x64\Debug\Scenery3d.obj
         x64\Debug\Scenery3dMgr.obj
         x64\Debug\Scenery3dDialog.obj
         x64\Debug\StoredViewDialog.obj
         x64\Debug\ShaderManager.obj
         x64\Debug\OBJ.obj
         x64\Debug\Heightmap.obj
         x64\Debug\qrc_Scenery3d.obj
         "x64\Debug\Scenery3d-static_automoc.obj"
         Scenery3d-static.vcxproj -> C:\Users\VizLab\Desktop\stellarium\stellarium-0.15.1\builds\msvc2013\x64\Debug\Scenery3d.lib
     1>Done Building Project "C:\Users\VizLab\Desktop\stellarium\stellarium-0.15.1\builds\msvc2013\plugins\Scenery3d\src\Scenery3d-static.vcxproj" (Build target(s)).

Build succeeded.

Time Elapsed 00:00:29.78
