Build started 1/25/2017 3:35:33 PM.
     1>Project "C:\Users\VizLab\Desktop\stellarium\stellarium-0.15.1\builds\msvc2013\plugins\EquationOfTime\src\EquationOfTime-static.vcxproj" on node 5 (Build target(s)).
     1>PreBuildEvent:
         setlocal
         cd C:\Users\VizLab\Desktop\stellarium\stellarium-0.15.1\builds\msvc2013\plugins\EquationOfTime\src
         if %errorlevel% neq 0 goto :cmEnd
         C:
         if %errorlevel% neq 0 goto :cmEnd
         "C:\Program Files\CMake\bin\cmake.exe" -E cmake_autogen C:/Users/VizLab/Desktop/stellarium/stellarium-0.15.1/builds/msvc2013/plugins/EquationOfTime/src/CMakeFiles/EquationOfTime-static_automoc.dir/ Release
         if %errorlevel% neq 0 goto :cmEnd
         :cmEnd
         endlocal & call :cmErrorLevel %errorlevel% & goto :cmDone
         :cmErrorLevel
         exit /b %1
         :cmDone
         if %errorlevel% neq 0 goto :VCEnd
         :VCEnd
       Lib:
         C:\Program Files (x86)\Microsoft Visual Studio 12.0\VC\bin\x86_amd64\Lib.exe /OUT:"C:\Users\VizLab\Desktop\stellarium\stellarium-0.15.1\builds\msvc2013\x64\Release\EquationOfTime.lib" /NOLOGO /MACHINE:X64  x64\Release\EquationOfTime.obj
         x64\Release\EquationOfTimeWindow.obj
         x64\Release\qrc_EquationOfTime.obj
         "x64\Release\EquationOfTime-static_automoc.obj"
         EquationOfTime-static.vcxproj -> C:\Users\VizLab\Desktop\stellarium\stellarium-0.15.1\builds\msvc2013\x64\Release\EquationOfTime.lib
     1>Done Building Project "C:\Users\VizLab\Desktop\stellarium\stellarium-0.15.1\builds\msvc2013\plugins\EquationOfTime\src\EquationOfTime-static.vcxproj" (Build target(s)).

Build succeeded.

Time Elapsed 00:00:00.45
