c:\users\vizlab\desktop\stellarium\stellarium-0.15.1\builds\msvc2013\plugins\meteorshowers\src\meteorshowers-static.dir\debug\vc120.pdb
c:\users\vizlab\desktop\stellarium\stellarium-0.15.1\builds\msvc2013\plugins\meteorshowers\src\meteorshowers-static.dir\debug\mssearchdialog.obj
c:\users\vizlab\desktop\stellarium\stellarium-0.15.1\builds\msvc2013\plugins\meteorshowers\src\meteorshowers-static.dir\debug\msconfigdialog.obj
c:\users\vizlab\desktop\stellarium\stellarium-0.15.1\builds\msvc2013\plugins\meteorshowers\src\meteorshowers-static.dir\debug\qrc_meteorshower.obj
c:\users\vizlab\desktop\stellarium\stellarium-0.15.1\builds\msvc2013\plugins\meteorshowers\src\meteorshowers-static.dir\debug\meteorshowers-static_automoc.obj
c:\users\vizlab\desktop\stellarium\stellarium-0.15.1\builds\msvc2013\plugins\meteorshowers\src\meteorshowers-static.dir\debug\meteorobj.obj
c:\users\vizlab\desktop\stellarium\stellarium-0.15.1\builds\msvc2013\plugins\meteorshowers\src\meteorshowers-static.dir\debug\meteorshowersmgr.obj
c:\users\vizlab\desktop\stellarium\stellarium-0.15.1\builds\msvc2013\plugins\meteorshowers\src\meteorshowers-static.dir\debug\meteorshowers.obj
c:\users\vizlab\desktop\stellarium\stellarium-0.15.1\builds\msvc2013\plugins\meteorshowers\src\meteorshowers-static.dir\debug\meteorshower.obj
c:\users\vizlab\desktop\stellarium\stellarium-0.15.1\builds\msvc2013\plugins\meteorshowers\src\cmakefiles\generate.stamp
c:\users\vizlab\desktop\stellarium\stellarium-0.15.1\builds\msvc2013\plugins\meteorshowers\src\qrc_meteorshower.cpp
c:\users\vizlab\desktop\stellarium\stellarium-0.15.1\builds\msvc2013\plugins\meteorshowers\src\ui_msconfigdialog.h
c:\users\vizlab\desktop\stellarium\stellarium-0.15.1\builds\msvc2013\plugins\meteorshowers\src\ui_mssearchdialog.h
c:\users\vizlab\desktop\stellarium\stellarium-0.15.1\builds\msvc2013\plugins\meteorshowers\src\debug\meteorshowers.lib
c:\users\vizlab\desktop\stellarium\stellarium-0.15.1\builds\msvc2013\plugins\meteorshowers\src\meteorshowers-static.dir\debug\meteorsh.df573c33.tlog\cl.command.1.tlog
c:\users\vizlab\desktop\stellarium\stellarium-0.15.1\builds\msvc2013\plugins\meteorshowers\src\meteorshowers-static.dir\debug\meteorsh.df573c33.tlog\cl.read.1.tlog
c:\users\vizlab\desktop\stellarium\stellarium-0.15.1\builds\msvc2013\plugins\meteorshowers\src\meteorshowers-static.dir\debug\meteorsh.df573c33.tlog\cl.write.1.tlog
c:\users\vizlab\desktop\stellarium\stellarium-0.15.1\builds\msvc2013\plugins\meteorshowers\src\meteorshowers-static.dir\debug\meteorsh.df573c33.tlog\custombuild.command.1.tlog
c:\users\vizlab\desktop\stellarium\stellarium-0.15.1\builds\msvc2013\plugins\meteorshowers\src\meteorshowers-static.dir\debug\meteorsh.df573c33.tlog\custombuild.read.1.tlog
c:\users\vizlab\desktop\stellarium\stellarium-0.15.1\builds\msvc2013\plugins\meteorshowers\src\meteorshowers-static.dir\debug\meteorsh.df573c33.tlog\custombuild.write.1.tlog
c:\users\vizlab\desktop\stellarium\stellarium-0.15.1\builds\msvc2013\plugins\meteorshowers\src\meteorshowers-static.dir\debug\meteorsh.df573c33.tlog\lib-link.read.1.tlog
c:\users\vizlab\desktop\stellarium\stellarium-0.15.1\builds\msvc2013\plugins\meteorshowers\src\meteorshowers-static.dir\debug\meteorsh.df573c33.tlog\lib-link.write.1.tlog
c:\users\vizlab\desktop\stellarium\stellarium-0.15.1\builds\msvc2013\plugins\meteorshowers\src\meteorshowers-static.dir\debug\meteorsh.df573c33.tlog\lib.command.1.tlog
