c:\users\vizlab\desktop\stellarium\stellarium-0.15.1\builds\msvc2013\src\x64\debug\vc120.pdb
c:\users\vizlab\desktop\stellarium\stellarium-0.15.1\builds\msvc2013\src\x64\debug\stelmodule.obj
c:\users\vizlab\desktop\stellarium\stellarium-0.15.1\builds\msvc2013\src\x64\debug\stellocalemgr.obj
c:\users\vizlab\desktop\stellarium\stellarium-0.15.1\builds\msvc2013\src\x64\debug\stelfilemgr.obj
c:\users\vizlab\desktop\stellarium\stellarium-0.15.1\builds\msvc2013\src\x64\debug\stelcore.obj
c:\users\vizlab\desktop\stellarium\stellarium-0.15.1\builds\msvc2013\src\x64\debug\stelapp.obj
c:\users\vizlab\desktop\stellarium\stellarium-0.15.1\builds\msvc2013\src\x64\debug\sphericmirrorcalculator.obj
c:\users\vizlab\desktop\stellarium\stellarium-0.15.1\builds\msvc2013\src\x64\debug\stelskypolygon.obj
c:\users\vizlab\desktop\stellarium\stellarium-0.15.1\builds\msvc2013\src\x64\debug\stelskyimagetile.obj
c:\users\vizlab\desktop\stellarium\stellarium-0.15.1\builds\msvc2013\src\x64\debug\multileveljsonbase.obj
c:\users\vizlab\desktop\stellarium\stellarium-0.15.1\builds\msvc2013\src\x64\debug\stelpainter.obj
c:\users\vizlab\desktop\stellarium\stellarium-0.15.1\builds\msvc2013\src\x64\debug\stelskydrawer.obj
c:\users\vizlab\desktop\stellarium\stellarium-0.15.1\builds\msvc2013\src\x64\debug\stelprojectorclasses.obj
c:\users\vizlab\desktop\stellarium\stellarium-0.15.1\builds\msvc2013\src\x64\debug\stelprojector.obj
c:\users\vizlab\desktop\stellarium\stellarium-0.15.1\builds\msvc2013\src\x64\debug\stellocationmgr.obj
c:\users\vizlab\desktop\stellarium\stellarium-0.15.1\builds\msvc2013\src\x64\debug\stellocation.obj
c:\users\vizlab\desktop\stellarium\stellarium-0.15.1\builds\msvc2013\src\x64\debug\stelobserver.obj
c:\users\vizlab\desktop\stellarium\stellarium-0.15.1\builds\msvc2013\src\x64\debug\stelmovementmgr.obj
c:\users\vizlab\desktop\stellarium\stellarium-0.15.1\builds\msvc2013\src\x64\debug\stelgeodesicgrid.obj
c:\users\vizlab\desktop\stellarium\stellarium-0.15.1\builds\msvc2013\src\x64\debug\stelvideomgr.obj
c:\users\vizlab\desktop\stellarium\stellarium-0.15.1\builds\msvc2013\src\x64\debug\stelaudiomgr.obj
c:\users\vizlab\desktop\stellarium\stellarium-0.15.1\builds\msvc2013\src\x64\debug\stelvertexarray.obj
c:\users\vizlab\desktop\stellarium\stellarium-0.15.1\builds\msvc2013\src\x64\debug\stelsphericalindex.obj
c:\users\vizlab\desktop\stellarium\stellarium-0.15.1\builds\msvc2013\src\x64\debug\simbadsearcher.obj
c:\users\vizlab\desktop\stellarium\stellarium-0.15.1\builds\msvc2013\src\x64\debug\steljsonparser.obj
c:\users\vizlab\desktop\stellarium\stellarium-0.15.1\builds\msvc2013\src\x64\debug\steltranslator.obj
c:\users\vizlab\desktop\stellarium\stellarium-0.15.1\builds\msvc2013\src\x64\debug\stelutils.obj
c:\users\vizlab\desktop\stellarium\stellarium-0.15.1\builds\msvc2013\src\x64\debug\steliniparser.obj
c:\users\vizlab\desktop\stellarium\stellarium-0.15.1\builds\msvc2013\src\x64\debug\octahedronpolygon.obj
c:\users\vizlab\desktop\stellarium\stellarium-0.15.1\builds\msvc2013\src\x64\debug\stelspheregeometry.obj
c:\users\vizlab\desktop\stellarium\stellarium-0.15.1\builds\msvc2013\src\x64\debug\stelskylayer.obj
c:\users\vizlab\desktop\stellarium\stellarium-0.15.1\builds\msvc2013\src\x64\debug\stelskylayermgr.obj
c:\users\vizlab\desktop\stellarium\stellarium-0.15.1\builds\msvc2013\src\x64\debug\steltonereproducer.obj
c:\users\vizlab\desktop\stellarium\stellarium-0.15.1\builds\msvc2013\src\x64\debug\steltexture.obj
c:\users\vizlab\desktop\stellarium\stellarium-0.15.1\builds\msvc2013\src\x64\debug\steltexturemgr.obj
c:\users\vizlab\desktop\stellarium\stellarium-0.15.1\builds\msvc2013\src\x64\debug\stelskyculturemgr.obj
c:\users\vizlab\desktop\stellarium\stellarium-0.15.1\builds\msvc2013\src\x64\debug\stelopengl.obj
c:\users\vizlab\desktop\stellarium\stellarium-0.15.1\builds\msvc2013\src\x64\debug\stelobjectmodule.obj
c:\users\vizlab\desktop\stellarium\stellarium-0.15.1\builds\msvc2013\src\x64\debug\stelobjectmgr.obj
c:\users\vizlab\desktop\stellarium\stellarium-0.15.1\builds\msvc2013\src\x64\debug\stelobject.obj
c:\users\vizlab\desktop\stellarium\stellarium-0.15.1\builds\msvc2013\src\x64\debug\stelmodulemgr.obj
c:\users\vizlab\desktop\stellarium\stellarium-0.15.1\builds\msvc2013\src\x64\debug\labelmgr.obj
c:\users\vizlab\desktop\stellarium\stellarium-0.15.1\builds\msvc2013\src\x64\debug\gridlinesmgr.obj
c:\users\vizlab\desktop\stellarium\stellarium-0.15.1\builds\msvc2013\src\x64\debug\customobjectmgr.obj
c:\users\vizlab\desktop\stellarium\stellarium-0.15.1\builds\msvc2013\src\x64\debug\customobject.obj
c:\users\vizlab\desktop\stellarium\stellarium-0.15.1\builds\msvc2013\src\x64\debug\constellationmgr.obj
c:\users\vizlab\desktop\stellarium\stellarium-0.15.1\builds\msvc2013\src\x64\debug\constellation.obj
c:\users\vizlab\desktop\stellarium\stellarium-0.15.1\builds\msvc2013\src\x64\debug\atmosphere.obj
c:\users\vizlab\desktop\stellarium\stellarium-0.15.1\builds\msvc2013\src\x64\debug\de431.obj
c:\users\vizlab\desktop\stellarium\stellarium-0.15.1\builds\msvc2013\src\x64\debug\de430.obj
c:\users\vizlab\desktop\stellarium\stellarium-0.15.1\builds\msvc2013\src\x64\debug\ephemwrapper.obj
c:\users\vizlab\desktop\stellarium\stellarium-0.15.1\builds\msvc2013\src\x64\debug\jpleph.obj
c:\users\vizlab\desktop\stellarium\stellarium-0.15.1\builds\msvc2013\src\x64\debug\spoutsender.obj
c:\users\vizlab\desktop\stellarium\stellarium-0.15.1\builds\msvc2013\src\x64\debug\stelpropertymgr.obj
c:\users\vizlab\desktop\stellarium\stellarium-0.15.1\builds\msvc2013\src\x64\debug\stelactionmgr.obj
c:\users\vizlab\desktop\stellarium\stellarium-0.15.1\builds\msvc2013\src\x64\debug\steltoastgrid.obj
c:\users\vizlab\desktop\stellarium\stellarium-0.15.1\builds\msvc2013\src\x64\debug\steltoast.obj
c:\users\vizlab\desktop\stellarium\stellarium-0.15.1\builds\msvc2013\src\x64\debug\refractionextinction.obj
c:\users\vizlab\desktop\stellarium\stellarium-0.15.1\builds\msvc2013\src\x64\debug\trailgroup.obj
c:\users\vizlab\desktop\stellarium\stellarium-0.15.1\builds\msvc2013\src\x64\debug\stelviewporteffect.obj
c:\users\vizlab\desktop\stellarium\stellarium-0.15.1\builds\msvc2013\src\x64\debug\stelguibase.obj
c:\users\vizlab\desktop\stellarium\stellarium-0.15.1\builds\msvc2013\src\x64\debug\zonearray.obj
c:\users\vizlab\desktop\stellarium\stellarium-0.15.1\builds\msvc2013\src\x64\debug\toastmgr.obj
c:\users\vizlab\desktop\stellarium\stellarium-0.15.1\builds\msvc2013\src\x64\debug\starwrapper.obj
c:\users\vizlab\desktop\stellarium\stellarium-0.15.1\builds\msvc2013\src\x64\debug\starmgr.obj
c:\users\vizlab\desktop\stellarium\stellarium-0.15.1\builds\msvc2013\src\x64\debug\star.obj
c:\users\vizlab\desktop\stellarium\stellarium-0.15.1\builds\msvc2013\src\x64\debug\solarsystem.obj
c:\users\vizlab\desktop\stellarium\stellarium-0.15.1\builds\msvc2013\src\x64\debug\skylight.obj
c:\users\vizlab\desktop\stellarium\stellarium-0.15.1\builds\msvc2013\src\x64\debug\skybright.obj
c:\users\vizlab\desktop\stellarium\stellarium-0.15.1\builds\msvc2013\src\x64\debug\comet.obj
c:\users\vizlab\desktop\stellarium\stellarium-0.15.1\builds\msvc2013\src\x64\debug\minorplanet.obj
c:\users\vizlab\desktop\stellarium\stellarium-0.15.1\builds\msvc2013\src\x64\debug\planet.obj
c:\users\vizlab\desktop\stellarium\stellarium-0.15.1\builds\msvc2013\src\x64\debug\orbit.obj
c:\users\vizlab\desktop\stellarium\stellarium-0.15.1\builds\msvc2013\src\x64\debug\nebulamgr.obj
c:\users\vizlab\desktop\stellarium\stellarium-0.15.1\builds\msvc2013\src\x64\debug\nebula.obj
c:\users\vizlab\desktop\stellarium\stellarium-0.15.1\builds\msvc2013\src\x64\debug\milkyway.obj
c:\users\vizlab\desktop\stellarium\stellarium-0.15.1\builds\msvc2013\src\x64\debug\sporadicmeteormgr.obj
c:\users\vizlab\desktop\stellarium\stellarium-0.15.1\builds\msvc2013\src\x64\debug\sporadicmeteor.obj
c:\users\vizlab\desktop\stellarium\stellarium-0.15.1\builds\msvc2013\src\x64\debug\meteor.obj
c:\users\vizlab\desktop\stellarium\stellarium-0.15.1\builds\msvc2013\src\x64\debug\landscapemgr.obj
c:\users\vizlab\desktop\stellarium\stellarium-0.15.1\builds\msvc2013\src\x64\debug\landscape.obj
c:\users\vizlab\desktop\stellarium\stellarium-0.15.1\builds\msvc2013\src\x64\debug\anglespinbox.obj
c:\users\vizlab\desktop\stellarium\stellarium-0.15.1\builds\msvc2013\src\x64\debug\maplabel.obj
c:\users\vizlab\desktop\stellarium\stellarium-0.15.1\builds\msvc2013\src\x64\debug\dialog.obj
c:\users\vizlab\desktop\stellarium\stellarium-0.15.1\builds\msvc2013\src\x64\debug\shortcutsdialog.obj
c:\users\vizlab\desktop\stellarium\stellarium-0.15.1\builds\msvc2013\src\x64\debug\shortcutlineedit.obj
c:\users\vizlab\desktop\stellarium\stellarium-0.15.1\builds\msvc2013\src\x64\debug\helpdialog.obj
c:\users\vizlab\desktop\stellarium\stellarium-0.15.1\builds\msvc2013\src\x64\debug\stelguiitems.obj
c:\users\vizlab\desktop\stellarium\stellarium-0.15.1\builds\msvc2013\src\x64\debug\skygui.obj
c:\users\vizlab\desktop\stellarium\stellarium-0.15.1\builds\msvc2013\src\x64\debug\stelgui.obj
c:\users\vizlab\desktop\stellarium\stellarium-0.15.1\builds\msvc2013\src\x64\debug\stelmainscriptapiproxy.obj
c:\users\vizlab\desktop\stellarium\stellarium-0.15.1\builds\msvc2013\src\x64\debug\stelmainscriptapi.obj
c:\users\vizlab\desktop\stellarium\stellarium-0.15.1\builds\msvc2013\src\x64\debug\screenimagemgr.obj
c:\users\vizlab\desktop\stellarium\stellarium-0.15.1\builds\msvc2013\src\x64\debug\stelscriptmgr.obj
c:\users\vizlab\desktop\stellarium\stellarium-0.15.1\builds\msvc2013\src\x64\debug\stelscriptoutput.obj
c:\users\vizlab\desktop\stellarium\stellarium-0.15.1\builds\msvc2013\src\x64\debug\qcustomplot.obj
c:\users\vizlab\desktop\stellarium\stellarium-0.15.1\builds\msvc2013\src\x64\debug\qzip.obj
c:\users\vizlab\desktop\stellarium\stellarium-0.15.1\builds\msvc2013\src\x64\debug\cliprocessor.obj
c:\users\vizlab\desktop\stellarium\stellarium-0.15.1\builds\msvc2013\src\x64\debug\stellogger.obj
c:\users\vizlab\desktop\stellarium\stellarium-0.15.1\builds\msvc2013\src\x64\debug\stelmainview.obj
c:\users\vizlab\desktop\stellarium\stellarium-0.15.1\builds\msvc2013\src\x64\debug\zodiacallight.obj
c:\users\vizlab\desktop\stellarium\stellarium-0.15.1\builds\msvc2013\src\x64\debug\stellarium_automoc.obj
c:\users\vizlab\desktop\stellarium\stellarium-0.15.1\builds\msvc2013\src\x64\debug\main.obj
c:\users\vizlab\desktop\stellarium\stellarium-0.15.1\builds\msvc2013\src\x64\debug\qrc_mainres.obj
c:\users\vizlab\desktop\stellarium\stellarium-0.15.1\builds\msvc2013\src\x64\debug\qrc_guires.obj
c:\users\vizlab\desktop\stellarium\stellarium-0.15.1\builds\msvc2013\src\x64\debug\stelscriptsyntaxhighlighter.obj
c:\users\vizlab\desktop\stellarium\stellarium-0.15.1\builds\msvc2013\src\x64\debug\scriptconsole.obj
c:\users\vizlab\desktop\stellarium\stellarium-0.15.1\builds\msvc2013\src\x64\debug\steldialog.obj
c:\users\vizlab\desktop\stellarium\stellarium-0.15.1\builds\msvc2013\src\x64\debug\bookmarksdialog.obj
c:\users\vizlab\desktop\stellarium\stellarium-0.15.1\builds\msvc2013\src\x64\debug\astrocalcdialog.obj
c:\users\vizlab\desktop\stellarium\stellarium-0.15.1\builds\msvc2013\src\x64\debug\customdeltatequationdialog.obj
c:\users\vizlab\desktop\stellarium\stellarium-0.15.1\builds\msvc2013\src\x64\debug\greatredspotdialog.obj
c:\users\vizlab\desktop\stellarium\stellarium-0.15.1\builds\msvc2013\src\x64\debug\configureorbitcolorsdialog.obj
c:\users\vizlab\desktop\stellarium\stellarium-0.15.1\builds\msvc2013\src\x64\debug\configuredsocolorsdialog.obj
c:\users\vizlab\desktop\stellarium\stellarium-0.15.1\builds\msvc2013\src\x64\debug\atmospheredialog.obj
c:\users\vizlab\desktop\stellarium\stellarium-0.15.1\builds\msvc2013\src\x64\debug\addremovelandscapesdialog.obj
c:\users\vizlab\desktop\stellarium\stellarium-0.15.1\builds\msvc2013\src\x64\debug\configurationdialog.obj
c:\users\vizlab\desktop\stellarium\stellarium-0.15.1\builds\msvc2013\src\x64\debug\searchdialog.obj
c:\users\vizlab\desktop\stellarium\stellarium-0.15.1\builds\msvc2013\src\x64\debug\viewdialog.obj
c:\users\vizlab\desktop\stellarium\stellarium-0.15.1\builds\msvc2013\src\x64\debug\datetimedialog.obj
c:\users\vizlab\desktop\stellarium\stellarium-0.15.1\builds\msvc2013\src\x64\debug\locationdialog.obj
c:\users\vizlab\desktop\stellarium\stellarium-0.15.1\builds\msvc2013\src\x64\debug\sidereal_time.obj
c:\users\vizlab\desktop\stellarium\stellarium-0.15.1\builds\msvc2013\src\x64\debug\precession.obj
c:\users\vizlab\desktop\stellarium\stellarium-0.15.1\builds\msvc2013\src\x64\debug\pluto.obj
c:\users\vizlab\desktop\stellarium\stellarium-0.15.1\builds\msvc2013\src\x64\debug\marssat.obj
c:\users\vizlab\desktop\stellarium\stellarium-0.15.1\builds\msvc2013\src\x64\debug\l1.obj
c:\users\vizlab\desktop\stellarium\stellarium-0.15.1\builds\msvc2013\src\x64\debug\gust86.obj
c:\users\vizlab\desktop\stellarium\stellarium-0.15.1\builds\msvc2013\src\x64\debug\elp82b.obj
c:\users\vizlab\desktop\stellarium\stellarium-0.15.1\builds\msvc2013\src\x64\debug\elliptic_to_rectangular.obj
c:\users\vizlab\desktop\stellarium\stellarium-0.15.1\builds\msvc2013\src\x64\debug\calc_interpolated_elements.obj
c:\users\vizlab\desktop\stellarium\stellarium-0.15.1\builds\msvc2013\src\x64\debug\tessmono.obj
c:\users\vizlab\desktop\stellarium\stellarium-0.15.1\builds\msvc2013\src\x64\debug\tess.obj
c:\users\vizlab\desktop\stellarium\stellarium-0.15.1\builds\msvc2013\src\x64\debug\sweep.obj
c:\users\vizlab\desktop\stellarium\stellarium-0.15.1\builds\msvc2013\src\x64\debug\render.obj
c:\users\vizlab\desktop\stellarium\stellarium-0.15.1\builds\msvc2013\src\x64\debug\priorityq.obj
c:\users\vizlab\desktop\stellarium\stellarium-0.15.1\builds\msvc2013\src\x64\debug\normal.obj
c:\users\vizlab\desktop\stellarium\stellarium-0.15.1\builds\msvc2013\src\x64\debug\mesh.obj
c:\users\vizlab\desktop\stellarium\stellarium-0.15.1\builds\msvc2013\src\x64\debug\memalloc.obj
c:\users\vizlab\desktop\stellarium\stellarium-0.15.1\builds\msvc2013\src\x64\debug\geom.obj
c:\users\vizlab\desktop\stellarium\stellarium-0.15.1\builds\msvc2013\src\x64\debug\dict.obj
c:\users\vizlab\desktop\stellarium\stellarium-0.15.1\builds\msvc2013\src\x64\debug\glues_error.obj
c:\users\vizlab\desktop\stellarium\stellarium-0.15.1\builds\msvc2013\src\x64\debug\zutil.obj
c:\users\vizlab\desktop\stellarium\stellarium-0.15.1\builds\msvc2013\src\x64\debug\uncompr.obj
c:\users\vizlab\desktop\stellarium\stellarium-0.15.1\builds\msvc2013\src\x64\debug\trees.obj
c:\users\vizlab\desktop\stellarium\stellarium-0.15.1\builds\msvc2013\src\x64\debug\inftrees.obj
c:\users\vizlab\desktop\stellarium\stellarium-0.15.1\builds\msvc2013\src\x64\debug\inflate.obj
c:\users\vizlab\desktop\stellarium\stellarium-0.15.1\builds\msvc2013\src\x64\debug\inffast.obj
c:\users\vizlab\desktop\stellarium\stellarium-0.15.1\builds\msvc2013\src\x64\debug\infback.obj
c:\users\vizlab\desktop\stellarium\stellarium-0.15.1\builds\msvc2013\src\x64\debug\gzwrite.obj
c:\users\vizlab\desktop\stellarium\stellarium-0.15.1\builds\msvc2013\src\x64\debug\gzread.obj
c:\users\vizlab\desktop\stellarium\stellarium-0.15.1\builds\msvc2013\src\x64\debug\gzlib.obj
c:\users\vizlab\desktop\stellarium\stellarium-0.15.1\builds\msvc2013\src\x64\debug\gzclose.obj
c:\users\vizlab\desktop\stellarium\stellarium-0.15.1\builds\msvc2013\src\x64\debug\deflate.obj
c:\users\vizlab\desktop\stellarium\stellarium-0.15.1\builds\msvc2013\src\x64\debug\crc32.obj
c:\users\vizlab\desktop\stellarium\stellarium-0.15.1\builds\msvc2013\src\x64\debug\compress.obj
c:\users\vizlab\desktop\stellarium\stellarium-0.15.1\builds\msvc2013\src\x64\debug\adler32.obj
c:\users\vizlab\desktop\stellarium\stellarium-0.15.1\builds\msvc2013\src\x64\debug\vsop87.obj
c:\users\vizlab\desktop\stellarium\stellarium-0.15.1\builds\msvc2013\src\x64\debug\tass17.obj
c:\users\vizlab\desktop\stellarium\stellarium-0.15.1\builds\msvc2013\src\cmakefiles\generate.stamp
c:\users\vizlab\desktop\stellarium\stellarium-0.15.1\builds\msvc2013\src\ui_locationdialoggui.h
c:\users\vizlab\desktop\stellarium\stellarium-0.15.1\builds\msvc2013\src\ui_helpdialoggui.h
c:\users\vizlab\desktop\stellarium\stellarium-0.15.1\builds\msvc2013\src\ui_shortcutsdialog.h
c:\users\vizlab\desktop\stellarium\stellarium-0.15.1\builds\msvc2013\src\ui_datetimedialoggui.h
c:\users\vizlab\desktop\stellarium\stellarium-0.15.1\builds\msvc2013\src\ui_viewdialog.h
c:\users\vizlab\desktop\stellarium\stellarium-0.15.1\builds\msvc2013\src\ui_searchdialoggui.h
c:\users\vizlab\desktop\stellarium\stellarium-0.15.1\builds\msvc2013\src\ui_configurationdialog.h
c:\users\vizlab\desktop\stellarium\stellarium-0.15.1\builds\msvc2013\src\ui_atmospheredialog.h
c:\users\vizlab\desktop\stellarium\stellarium-0.15.1\builds\msvc2013\src\ui_greatredspotdialog.h
c:\users\vizlab\desktop\stellarium\stellarium-0.15.1\builds\msvc2013\src\ui_customdeltatequationdialog.h
c:\users\vizlab\desktop\stellarium\stellarium-0.15.1\builds\msvc2013\src\ui_astrocalcdialog.h
c:\users\vizlab\desktop\stellarium\stellarium-0.15.1\builds\msvc2013\src\ui_bookmarksdialog.h
c:\users\vizlab\desktop\stellarium\stellarium-0.15.1\builds\msvc2013\src\ui_addremovelandscapesdialog.h
c:\users\vizlab\desktop\stellarium\stellarium-0.15.1\builds\msvc2013\src\ui_dsocolorsdialog.h
c:\users\vizlab\desktop\stellarium\stellarium-0.15.1\builds\msvc2013\src\ui_orbitcolorsdialog.h
c:\users\vizlab\desktop\stellarium\stellarium-0.15.1\builds\msvc2013\src\ui_scriptconsole.h
c:\users\vizlab\desktop\stellarium\stellarium-0.15.1\builds\msvc2013\src\qrc_guires.cpp
c:\users\vizlab\desktop\stellarium\stellarium-0.15.1\builds\msvc2013\src\qrc_mainres.cpp
c:\users\vizlab\desktop\stellarium\stellarium-0.15.1\builds\msvc2013\src\x64\debug\stellarium.res
c:\users\vizlab\desktop\stellarium\stellarium-0.15.1\builds\msvc2013\src\x64\debug\stellarium.vcxprojresolveassemblyreference.cache
c:\users\vizlab\desktop\stellarium\stellarium-0.15.1\builds\msvc2013\src\x64\debug\stellarium.tlog\cl.command.1.tlog
c:\users\vizlab\desktop\stellarium\stellarium-0.15.1\builds\msvc2013\src\x64\debug\stellarium.tlog\cl.read.1.tlog
c:\users\vizlab\desktop\stellarium\stellarium-0.15.1\builds\msvc2013\src\x64\debug\stellarium.tlog\cl.write.1.tlog
c:\users\vizlab\desktop\stellarium\stellarium-0.15.1\builds\msvc2013\src\x64\debug\stellarium.tlog\custombuild.command.1.tlog
c:\users\vizlab\desktop\stellarium\stellarium-0.15.1\builds\msvc2013\src\x64\debug\stellarium.tlog\custombuild.read.1.tlog
c:\users\vizlab\desktop\stellarium\stellarium-0.15.1\builds\msvc2013\src\x64\debug\stellarium.tlog\custombuild.write.1.tlog
c:\users\vizlab\desktop\stellarium\stellarium-0.15.1\builds\msvc2013\src\x64\debug\stellarium.tlog\link.command.1.tlog
c:\users\vizlab\desktop\stellarium\stellarium-0.15.1\builds\msvc2013\src\x64\debug\stellarium.tlog\link.read.1.tlog
c:\users\vizlab\desktop\stellarium\stellarium-0.15.1\builds\msvc2013\src\x64\debug\stellarium.tlog\link.write.1.tlog
c:\users\vizlab\desktop\stellarium\stellarium-0.15.1\builds\msvc2013\src\x64\debug\stellarium.tlog\rc.command.1.tlog
c:\users\vizlab\desktop\stellarium\stellarium-0.15.1\builds\msvc2013\src\x64\debug\stellarium.tlog\rc.read.1.tlog
c:\users\vizlab\desktop\stellarium\stellarium-0.15.1\builds\msvc2013\src\x64\debug\stellarium.tlog\rc.write.1.tlog
